#
# There is insufficient memory for the Java Runtime Environment to continue.
# Native memory allocation (mmap) failed to map 408944640 bytes for Failed to commit area from 0x0000000753400000 to 0x000000076ba00000 of length 408944640.
# Possible reasons:
#   The system is out of physical RAM or swap space
#   The process is running with CompressedOops enabled, and the Java Heap may be blocking the growth of the native heap
# Possible solutions:
#   Reduce memory load on the system
#   Increase physical memory or swap space
#   Check if swap backing store is full
#   Decrease Java heap size (-Xmx/-Xms)
#   Decrease number of Java threads
#   Decrease Java thread stack sizes (-Xss)
#   Set larger code cache with -XX:ReservedCodeCacheSize=
#   JVM is running with Zero Based Compressed Oops mode in which the Java heap is
#     placed in the first 32GB address space. The Java Heap base address is the
#     maximum limit for the native heap growth. Please use -XX:HeapBaseMinAddress
#     to set the Java Heap base and to place the Java Heap above 32GB virtual address.
# This output file may be truncated or incomplete.
#
#  Out of Memory Error (./open/src/hotspot/os/windows/os_windows.cpp:3315), pid=369912, tid=9296
#
# JRE version: Java(TM) SE Runtime Environment (14.0.1+7) (build 14.0.1+7)
# Java VM: Java HotSpot(TM) 64-Bit Server VM (14.0.1+7, mixed mode, sharing, tiered, compressed oops, g1 gc, windows-amd64)
# No core dump will be written. Minidumps are not enabled by default on client versions of Windows
#

---------------  S U M M A R Y ------------

Command Line: --module-path=D:\D Folder\Downloads D\javafx-sdk-11.0.2\lib --add-modules=ALL-MODULE-PATH -Dfile.encoding=Cp1252 application.Main

Host: Intel(R) Core(TM) i5-8300H CPU @ 2.30GHz, 8 cores, 11G,  Windows 10 , 64 bit Build 18362 (10.0.18362.1110)
Time: Fri Dec 18 18:23:53 2020 Malay Peninsula Standard Time elapsed time: 1 seconds (0d 0h 0m 1s)

---------------  T H R E A D  ---------------

Current thread (0x00000263ff161000):  VMThread "VM Thread" [stack: 0x000000cb7ac00000,0x000000cb7ad00000] [id=9296]

Stack: [0x000000cb7ac00000,0x000000cb7ad00000]
[error occurred during error reporting (printing stack bounds), id 0xc0000005, EXCEPTION_ACCESS_VIOLATION (0xc0000005) at pc=0x00000263800010ad]

Native frames: (J=compiled Java code, j=interpreted, Vv=VM code, C=native code)
V  [jvm.dll+0x5f840a]
V  [jvm.dll+0x741e4a]
V  [jvm.dll+0x7435ff]
V  [jvm.dll+0x743ba5]
V  [jvm.dll+0x743b5b]
V  [jvm.dll+0x5f793f]
V  [jvm.dll+0x5f80a8]
C  [ntdll.dll+0xa184f]
C  [ntdll.dll+0x6a889]
C  [ntdll.dll+0xa04be]
C  0x00000263800010ad

VM_Operation (0x000000cb7bcfb8a0): G1TryInitiateConcMark, mode: safepoint, requested by thread 0x0000026394eba000


---------------  P R O C E S S  ---------------

Threads class SMR info:
_java_thread_list=0x00000263955012e0, length=17, elements={
0x00000263f1a44800, 0x00000263ff163000, 0x00000263ff164800, 0x00000263ff17f000,
0x00000263ff182800, 0x00000263ff183800, 0x00000263ff186800, 0x00000263ff193800,
0x00000263ff1a7800, 0x00000263ffb36800, 0x0000026394780800, 0x0000026394329800,
0x0000026394bd7000, 0x0000026394eba000, 0x0000026394fd8800, 0x000002639423f800,
0x0000026394a62800
}

Java Threads: ( => current thread )
  0x00000263f1a44800 JavaThread "main" [_thread_blocked, id=368696, stack(0x000000cb7a600000,0x000000cb7a700000)]
  0x00000263ff163000 JavaThread "Reference Handler" daemon [_thread_blocked, id=325316, stack(0x000000cb7ad00000,0x000000cb7ae00000)]
  0x00000263ff164800 JavaThread "Finalizer" daemon [_thread_blocked, id=369692, stack(0x000000cb7ae00000,0x000000cb7af00000)]
  0x00000263ff17f000 JavaThread "Signal Dispatcher" daemon [_thread_blocked, id=370276, stack(0x000000cb7af00000,0x000000cb7b000000)]
  0x00000263ff182800 JavaThread "Attach Listener" daemon [_thread_blocked, id=329292, stack(0x000000cb7b000000,0x000000cb7b100000)]
  0x00000263ff183800 JavaThread "Service Thread" daemon [_thread_blocked, id=370004, stack(0x000000cb7b100000,0x000000cb7b200000)]
  0x00000263ff186800 JavaThread "C2 CompilerThread0" daemon [_thread_blocked, id=369896, stack(0x000000cb7b200000,0x000000cb7b300000)]
  0x00000263ff193800 JavaThread "C1 CompilerThread0" daemon [_thread_blocked, id=369640, stack(0x000000cb7b300000,0x000000cb7b400000)]
  0x00000263ff1a7800 JavaThread "Sweeper thread" daemon [_thread_blocked, id=367636, stack(0x000000cb7b400000,0x000000cb7b500000)]
  0x00000263ffb36800 JavaThread "Common-Cleaner" daemon [_thread_blocked, id=365296, stack(0x000000cb7b500000,0x000000cb7b600000)]
  0x0000026394780800 JavaThread "Notification Thread" daemon [_thread_blocked, id=350584, stack(0x000000cb7b800000,0x000000cb7b900000)]
  0x0000026394329800 JavaThread "QuantumRenderer-0" daemon [_thread_blocked, id=43428, stack(0x000000cb7ba00000,0x000000cb7bb00000)]
  0x0000026394bd7000 JavaThread "InvokeLaterDispatcher" daemon [_thread_blocked, id=353972, stack(0x000000cb7bb00000,0x000000cb7bc00000)]
  0x0000026394eba000 JavaThread "JavaFX Application Thread" [_thread_blocked, id=329456, stack(0x000000cb7bc00000,0x000000cb7bd00000)]
  0x0000026394fd8800 JavaThread "JavaFX-Launcher" [_thread_blocked, id=329448, stack(0x000000cb7c100000,0x000000cb7c200000)]
  0x000002639423f800 JavaThread "Thread-2" daemon [_thread_blocked, id=329296, stack(0x000000cb7c000000,0x000000cb7c100000)]
  0x0000026394a62800 JavaThread "Prism Font Disposer" daemon [_thread_blocked, id=370268, stack(0x000000cb7c700000,0x000000cb7c800000)]

Other Threads:
=>0x00000263ff161000 VMThread "VM Thread" [stack: 0x000000cb7ac00000,0x000000cb7ad00000] [id=9296]
  0x0000026394101000 WatcherThread [stack: 0x000000cb7b900000,0x000000cb7ba00000] [id=55828]
  0x00000263f1a93800 GCTaskThread "GC Thread#0" [stack: 0x000000cb7a700000,0x000000cb7a800000] [id=367028]
  0x0000026394fa3800 GCTaskThread "GC Thread#1" [stack: 0x000000cb7c200000,0x000000cb7c300000] [id=363476]
  0x0000026394fc1000 GCTaskThread "GC Thread#2" [stack: 0x000000cb7c300000,0x000000cb7c400000] [id=367968]
  0x0000026394a37800 GCTaskThread "GC Thread#3" [stack: 0x000000cb7c400000,0x000000cb7c500000] [id=368248]
  0x0000026394a0a000 GCTaskThread "GC Thread#4" [stack: 0x000000cb7c500000,0x000000cb7c600000] [id=370376]
  0x000002639472e000 GCTaskThread "GC Thread#5" [stack: 0x000000cb7c600000,0x000000cb7c700000] [id=358844]
  0x00000263f1aaf000 ConcurrentGCThread "G1 Main Marker" [stack: 0x000000cb7a800000,0x000000cb7a900000] [id=58408]
  0x00000263f1ab0800 ConcurrentGCThread "G1 Conc#0" [stack: 0x000000cb7a900000,0x000000cb7aa00000] [id=366700]
  0x0000026395644800 ConcurrentGCThread "G1 Conc#1" [stack: 0x000000cb7c900000,0x000000cb7ca00000] [id=348136]
  0x00000263ff04f000 ConcurrentGCThread "G1 Refine#0" [stack: 0x000000cb7aa00000,0x000000cb7ab00000] [id=312584]
  0x000002639555a800 ConcurrentGCThread "G1 Refine#1" [stack: 0x000000cb7c800000,0x000000cb7c900000] [id=368280]
  0x00000263ff050800 ConcurrentGCThread "G1 Young RemSet Sampling" [stack: 0x000000cb7ab00000,0x000000cb7ac00000] [id=299948]

Threads with active compile tasks:

VM state:at safepoint (normal execution)

VM Mutex/Monitor currently owned by a thread:  ([mutex/lock_event])
[0x00000263f1a40d50] Threads_lock - owner thread: 0x00000263ff161000
[0x00000263f1a3ffd0] Heap_lock - owner thread: 0x0000026394eba000

Heap address: 0x0000000742200000, size: 3038 MB, Compressed Oops mode: Zero based, Oop shift amount: 3
Narrow klass base: 0x0000000800000000, Narrow klass shift: 3
Compressed class space size: 1073741824 Address: 0x0000000800b30000

Heap:
 garbage-first heap   total 679936K, used 136190K [0x0000000742200000, 0x0000000800000000)
  region size 1024K, 3 young (3072K), 3 survivors (3072K)
 Metaspace       used 9009K, capacity 11207K, committed 11392K, reserved 1058816K
  class space    used 1251K, capacity 1550K, committed 1664K, reserved 1048576K
Heap Regions: E=young(eden), S=young(survivor), O=old, HS=humongous(starts), HC=humongous(continues), CS=collection set, F=free, OA=open archive, CA=closed archive, TAMS=top-at-mark-start (previous, next)
|   0|0x0000000742200000, 0x0000000742300000, 0x0000000742300000|100%| O|  |TAMS 0x0000000742300000, 0x0000000742300000| Untracked 
|   1|0x0000000742300000, 0x0000000742400000, 0x0000000742400000|100%|HS|  |TAMS 0x0000000742400000, 0x0000000742400000| Complete 
|   2|0x0000000742400000, 0x0000000742500000, 0x0000000742500000|100%|HC|  |TAMS 0x0000000742500000, 0x0000000742500000| Complete 
|   3|0x0000000742500000, 0x0000000742600000, 0x0000000742600000|100%|HS|  |TAMS 0x0000000742600000, 0x0000000742600000| Complete 
|   4|0x0000000742600000, 0x0000000742600000, 0x0000000742700000|  0%| F|  |TAMS 0x0000000742600000, 0x0000000742600000| Untracked 
|   5|0x0000000742700000, 0x0000000742800000, 0x0000000742800000|100%|HS|  |TAMS 0x0000000742800000, 0x0000000742800000| Complete 
|   6|0x0000000742800000, 0x0000000742900000, 0x0000000742900000|100%|HC|  |TAMS 0x0000000742900000, 0x0000000742900000| Complete 
|   7|0x0000000742900000, 0x0000000742900000, 0x0000000742a00000|  0%| F|  |TAMS 0x0000000742900000, 0x0000000742900000| Untracked 
|   8|0x0000000742a00000, 0x0000000742b00000, 0x0000000742b00000|100%|HS|  |TAMS 0x0000000742b00000, 0x0000000742b00000| Complete 
|   9|0x0000000742b00000, 0x0000000742c00000, 0x0000000742c00000|100%|HC|  |TAMS 0x0000000742c00000, 0x0000000742c00000| Complete 
|  10|0x0000000742c00000, 0x0000000742c00000, 0x0000000742d00000|  0%| F|  |TAMS 0x0000000742c00000, 0x0000000742c00000| Untracked 
|  11|0x0000000742d00000, 0x0000000742e00000, 0x0000000742e00000|100%|HS|  |TAMS 0x0000000742e00000, 0x0000000742e00000| Complete 
|  12|0x0000000742e00000, 0x0000000742f00000, 0x0000000742f00000|100%|HC|  |TAMS 0x0000000742f00000, 0x0000000742f00000| Complete 
|  13|0x0000000742f00000, 0x0000000742f00000, 0x0000000743000000|  0%| F|  |TAMS 0x0000000742f00000, 0x0000000742f00000| Untracked 
|  14|0x0000000743000000, 0x0000000743100000, 0x0000000743100000|100%|HS|  |TAMS 0x0000000743100000, 0x0000000743100000| Complete 
|  15|0x0000000743100000, 0x0000000743200000, 0x0000000743200000|100%|HC|  |TAMS 0x0000000743200000, 0x0000000743200000| Complete 
|  16|0x0000000743200000, 0x0000000743200000, 0x0000000743300000|  0%| F|  |TAMS 0x0000000743200000, 0x0000000743200000| Untracked 
|  17|0x0000000743300000, 0x0000000743400000, 0x0000000743400000|100%|HS|  |TAMS 0x0000000743400000, 0x0000000743400000| Complete 
|  18|0x0000000743400000, 0x0000000743500000, 0x0000000743500000|100%|HC|  |TAMS 0x0000000743500000, 0x0000000743500000| Complete 
|  19|0x0000000743500000, 0x0000000743500000, 0x0000000743600000|  0%| F|  |TAMS 0x0000000743500000, 0x0000000743500000| Untracked 
|  20|0x0000000743600000, 0x0000000743700000, 0x0000000743700000|100%|HS|  |TAMS 0x0000000743700000, 0x0000000743700000| Complete 
|  21|0x0000000743700000, 0x0000000743800000, 0x0000000743800000|100%|HC|  |TAMS 0x0000000743800000, 0x0000000743800000| Complete 
|  22|0x0000000743800000, 0x0000000743800000, 0x0000000743900000|  0%| F|  |TAMS 0x0000000743800000, 0x0000000743800000| Untracked 
|  23|0x0000000743900000, 0x0000000743a00000, 0x0000000743a00000|100%|HS|  |TAMS 0x0000000743a00000, 0x0000000743a00000| Complete 
|  24|0x0000000743a00000, 0x0000000743b00000, 0x0000000743b00000|100%|HC|  |TAMS 0x0000000743b00000, 0x0000000743b00000| Complete 
|  25|0x0000000743b00000, 0x0000000743b00000, 0x0000000743c00000|  0%| F|  |TAMS 0x0000000743b00000, 0x0000000743b00000| Untracked 
|  26|0x0000000743c00000, 0x0000000743d00000, 0x0000000743d00000|100%|HS|  |TAMS 0x0000000743d00000, 0x0000000743d00000| Complete 
|  27|0x0000000743d00000, 0x0000000743e00000, 0x0000000743e00000|100%|HC|  |TAMS 0x0000000743e00000, 0x0000000743e00000| Complete 
|  28|0x0000000743e00000, 0x0000000743e00000, 0x0000000743f00000|  0%| F|  |TAMS 0x0000000743e00000, 0x0000000743e00000| Untracked 
|  29|0x0000000743f00000, 0x0000000744000000, 0x0000000744000000|100%|HS|  |TAMS 0x0000000744000000, 0x0000000744000000| Complete 
|  30|0x0000000744000000, 0x0000000744100000, 0x0000000744100000|100%|HC|  |TAMS 0x0000000744100000, 0x0000000744100000| Complete 
|  31|0x0000000744100000, 0x0000000744100000, 0x0000000744200000|  0%| F|  |TAMS 0x0000000744100000, 0x0000000744100000| Untracked 
|  32|0x0000000744200000, 0x0000000744300000, 0x0000000744300000|100%|HS|  |TAMS 0x0000000744300000, 0x0000000744300000| Complete 
|  33|0x0000000744300000, 0x0000000744400000, 0x0000000744400000|100%|HC|  |TAMS 0x0000000744400000, 0x0000000744400000| Complete 
|  34|0x0000000744400000, 0x0000000744400000, 0x0000000744500000|  0%| F|  |TAMS 0x0000000744400000, 0x0000000744400000| Untracked 
|  35|0x0000000744500000, 0x0000000744600000, 0x0000000744600000|100%|HS|  |TAMS 0x0000000744600000, 0x0000000744600000| Complete 
|  36|0x0000000744600000, 0x0000000744700000, 0x0000000744700000|100%|HC|  |TAMS 0x0000000744700000, 0x0000000744700000| Complete 
|  37|0x0000000744700000, 0x0000000744700000, 0x0000000744800000|  0%| F|  |TAMS 0x0000000744700000, 0x0000000744700000| Untracked 
|  38|0x0000000744800000, 0x0000000744900000, 0x0000000744900000|100%|HS|  |TAMS 0x0000000744900000, 0x0000000744900000| Complete 
|  39|0x0000000744900000, 0x0000000744a00000, 0x0000000744a00000|100%|HC|  |TAMS 0x0000000744a00000, 0x0000000744a00000| Complete 
|  40|0x0000000744a00000, 0x0000000744a00000, 0x0000000744b00000|  0%| F|  |TAMS 0x0000000744a00000, 0x0000000744a00000| Untracked 
|  41|0x0000000744b00000, 0x0000000744c00000, 0x0000000744c00000|100%|HS|  |TAMS 0x0000000744c00000, 0x0000000744c00000| Complete 
|  42|0x0000000744c00000, 0x0000000744d00000, 0x0000000744d00000|100%|HC|  |TAMS 0x0000000744d00000, 0x0000000744d00000| Complete 
|  43|0x0000000744d00000, 0x0000000744d00000, 0x0000000744e00000|  0%| F|  |TAMS 0x0000000744d00000, 0x0000000744d00000| Untracked 
|  44|0x0000000744e00000, 0x0000000744f00000, 0x0000000744f00000|100%|HS|  |TAMS 0x0000000744f00000, 0x0000000744f00000| Complete 
|  45|0x0000000744f00000, 0x0000000745000000, 0x0000000745000000|100%|HC|  |TAMS 0x0000000745000000, 0x0000000745000000| Complete 
|  46|0x0000000745000000, 0x0000000745000000, 0x0000000745100000|  0%| F|  |TAMS 0x0000000745000000, 0x0000000745000000| Untracked 
|  47|0x0000000745100000, 0x0000000745200000, 0x0000000745200000|100%|HS|  |TAMS 0x0000000745200000, 0x0000000745200000| Complete 
|  48|0x0000000745200000, 0x0000000745300000, 0x0000000745300000|100%|HC|  |TAMS 0x0000000745300000, 0x0000000745300000| Complete 
|  49|0x0000000745300000, 0x0000000745300000, 0x0000000745400000|  0%| F|  |TAMS 0x0000000745300000, 0x0000000745300000| Untracked 
|  50|0x0000000745400000, 0x0000000745500000, 0x0000000745500000|100%|HS|  |TAMS 0x0000000745500000, 0x0000000745500000| Complete 
|  51|0x0000000745500000, 0x0000000745600000, 0x0000000745600000|100%|HC|  |TAMS 0x0000000745600000, 0x0000000745600000| Complete 
|  52|0x0000000745600000, 0x0000000745600000, 0x0000000745700000|  0%| F|  |TAMS 0x0000000745600000, 0x0000000745600000| Untracked 
|  53|0x0000000745700000, 0x0000000745800000, 0x0000000745800000|100%|HS|  |TAMS 0x0000000745800000, 0x0000000745800000| Complete 
|  54|0x0000000745800000, 0x0000000745900000, 0x0000000745900000|100%|HC|  |TAMS 0x0000000745900000, 0x0000000745900000| Complete 
|  55|0x0000000745900000, 0x0000000745900000, 0x0000000745a00000|  0%| F|  |TAMS 0x0000000745900000, 0x0000000745900000| Untracked 
|  56|0x0000000745a00000, 0x0000000745b00000, 0x0000000745b00000|100%|HS|  |TAMS 0x0000000745b00000, 0x0000000745b00000| Complete 
|  57|0x0000000745b00000, 0x0000000745c00000, 0x0000000745c00000|100%|HC|  |TAMS 0x0000000745c00000, 0x0000000745c00000| Complete 
|  58|0x0000000745c00000, 0x0000000745c00000, 0x0000000745d00000|  0%| F|  |TAMS 0x0000000745c00000, 0x0000000745c00000| Untracked 
|  59|0x0000000745d00000, 0x0000000745e00000, 0x0000000745e00000|100%|HS|  |TAMS 0x0000000745e00000, 0x0000000745e00000| Complete 
|  60|0x0000000745e00000, 0x0000000745f00000, 0x0000000745f00000|100%|HC|  |TAMS 0x0000000745f00000, 0x0000000745f00000| Complete 
|  61|0x0000000745f00000, 0x0000000745f00000, 0x0000000746000000|  0%| F|  |TAMS 0x0000000745f00000, 0x0000000745f00000| Untracked 
|  62|0x0000000746000000, 0x0000000746100000, 0x0000000746100000|100%|HS|  |TAMS 0x0000000746100000, 0x0000000746100000| Complete 
|  63|0x0000000746100000, 0x0000000746200000, 0x0000000746200000|100%|HC|  |TAMS 0x0000000746200000, 0x0000000746200000| Complete 
|  64|0x0000000746200000, 0x0000000746200000, 0x0000000746300000|  0%| F|  |TAMS 0x0000000746200000, 0x0000000746200000| Untracked 
|  65|0x0000000746300000, 0x0000000746400000, 0x0000000746400000|100%|HS|  |TAMS 0x0000000746400000, 0x0000000746400000| Complete 
|  66|0x0000000746400000, 0x0000000746500000, 0x0000000746500000|100%|HC|  |TAMS 0x0000000746500000, 0x0000000746500000| Complete 
|  67|0x0000000746500000, 0x0000000746500000, 0x0000000746600000|  0%| F|  |TAMS 0x0000000746500000, 0x0000000746500000| Untracked 
|  68|0x0000000746600000, 0x0000000746700000, 0x0000000746700000|100%|HS|  |TAMS 0x0000000746700000, 0x0000000746700000| Complete 
|  69|0x0000000746700000, 0x0000000746800000, 0x0000000746800000|100%|HC|  |TAMS 0x0000000746800000, 0x0000000746800000| Complete 
|  70|0x0000000746800000, 0x0000000746800000, 0x0000000746900000|  0%| F|  |TAMS 0x0000000746800000, 0x0000000746800000| Untracked 
|  71|0x0000000746900000, 0x0000000746a00000, 0x0000000746a00000|100%|HS|  |TAMS 0x0000000746a00000, 0x0000000746a00000| Complete 
|  72|0x0000000746a00000, 0x0000000746b00000, 0x0000000746b00000|100%|HC|  |TAMS 0x0000000746b00000, 0x0000000746b00000| Complete 
|  73|0x0000000746b00000, 0x0000000746b00000, 0x0000000746c00000|  0%| F|  |TAMS 0x0000000746b00000, 0x0000000746b00000| Untracked 
|  74|0x0000000746c00000, 0x0000000746d00000, 0x0000000746d00000|100%|HS|  |TAMS 0x0000000746d00000, 0x0000000746d00000| Complete 
|  75|0x0000000746d00000, 0x0000000746e00000, 0x0000000746e00000|100%|HC|  |TAMS 0x0000000746e00000, 0x0000000746e00000| Complete 
|  76|0x0000000746e00000, 0x0000000746e00000, 0x0000000746f00000|  0%| F|  |TAMS 0x0000000746e00000, 0x0000000746e00000| Untracked 
|  77|0x0000000746f00000, 0x0000000747000000, 0x0000000747000000|100%|HS|  |TAMS 0x0000000747000000, 0x0000000747000000| Complete 
|  78|0x0000000747000000, 0x0000000747100000, 0x0000000747100000|100%|HC|  |TAMS 0x0000000747100000, 0x0000000747100000| Complete 
|  79|0x0000000747100000, 0x0000000747100000, 0x0000000747200000|  0%| F|  |TAMS 0x0000000747100000, 0x0000000747100000| Untracked 
|  80|0x0000000747200000, 0x0000000747300000, 0x0000000747300000|100%|HS|  |TAMS 0x0000000747300000, 0x0000000747300000| Complete 
|  81|0x0000000747300000, 0x0000000747400000, 0x0000000747400000|100%|HC|  |TAMS 0x0000000747400000, 0x0000000747400000| Complete 
|  82|0x0000000747400000, 0x0000000747400000, 0x0000000747500000|  0%| F|  |TAMS 0x0000000747400000, 0x0000000747400000| Untracked 
|  83|0x0000000747500000, 0x0000000747600000, 0x0000000747600000|100%|HS|  |TAMS 0x0000000747600000, 0x0000000747600000| Complete 
|  84|0x0000000747600000, 0x0000000747700000, 0x0000000747700000|100%|HC|  |TAMS 0x0000000747700000, 0x0000000747700000| Complete 
|  85|0x0000000747700000, 0x0000000747800000, 0x0000000747800000|100%| O|  |TAMS 0x0000000747800000, 0x0000000747800000| Untracked 
|  86|0x0000000747800000, 0x0000000747900000, 0x0000000747900000|100%| O|  |TAMS 0x0000000747900000, 0x0000000747900000| Untracked 
|  87|0x0000000747900000, 0x00000007479c6200, 0x0000000747a00000| 77%| O|  |TAMS 0x00000007479c6200, 0x00000007479c6200| Untracked 
|  88|0x0000000747a00000, 0x0000000747b00000, 0x0000000747b00000|100%|HS|  |TAMS 0x0000000747b00000, 0x0000000747b00000| Complete 
|  89|0x0000000747b00000, 0x0000000747c00000, 0x0000000747c00000|100%|HC|  |TAMS 0x0000000747c00000, 0x0000000747c00000| Complete 
|  90|0x0000000747c00000, 0x0000000747d00000, 0x0000000747d00000|100%|HS|  |TAMS 0x0000000747d00000, 0x0000000747d00000| Complete 
|  91|0x0000000747d00000, 0x0000000747e00000, 0x0000000747e00000|100%|HC|  |TAMS 0x0000000747e00000, 0x0000000747e00000| Complete 
|  92|0x0000000747e00000, 0x0000000747f00000, 0x0000000747f00000|100%|HS|  |TAMS 0x0000000747f00000, 0x0000000747f00000| Complete 
|  93|0x0000000747f00000, 0x0000000748000000, 0x0000000748000000|100%|HC|  |TAMS 0x0000000748000000, 0x0000000748000000| Complete 
|  94|0x0000000748000000, 0x0000000748100000, 0x0000000748100000|100%|HS|  |TAMS 0x0000000748100000, 0x0000000748100000| Complete 
|  95|0x0000000748100000, 0x0000000748200000, 0x0000000748200000|100%|HC|  |TAMS 0x0000000748200000, 0x0000000748200000| Complete 
|  96|0x0000000748200000, 0x0000000748300000, 0x0000000748300000|100%|HS|  |TAMS 0x0000000748300000, 0x0000000748300000| Complete 
|  97|0x0000000748300000, 0x0000000748400000, 0x0000000748400000|100%|HC|  |TAMS 0x0000000748400000, 0x0000000748400000| Complete 
|  98|0x0000000748400000, 0x0000000748500000, 0x0000000748500000|100%|HS|  |TAMS 0x0000000748500000, 0x0000000748500000| Complete 
|  99|0x0000000748500000, 0x0000000748600000, 0x0000000748600000|100%|HC|  |TAMS 0x0000000748600000, 0x0000000748600000| Complete 
| 100|0x0000000748600000, 0x0000000748700000, 0x0000000748700000|100%|HS|  |TAMS 0x0000000748700000, 0x0000000748700000| Complete 
| 101|0x0000000748700000, 0x0000000748800000, 0x0000000748800000|100%|HC|  |TAMS 0x0000000748800000, 0x0000000748800000| Complete 
| 102|0x0000000748800000, 0x0000000748900000, 0x0000000748900000|100%|HS|  |TAMS 0x0000000748900000, 0x0000000748900000| Complete 
| 103|0x0000000748900000, 0x0000000748a00000, 0x0000000748a00000|100%|HC|  |TAMS 0x0000000748a00000, 0x0000000748a00000| Complete 
| 104|0x0000000748a00000, 0x0000000748b00000, 0x0000000748b00000|100%|HS|  |TAMS 0x0000000748b00000, 0x0000000748b00000| Complete 
| 105|0x0000000748b00000, 0x0000000748c00000, 0x0000000748c00000|100%|HC|  |TAMS 0x0000000748c00000, 0x0000000748c00000| Complete 
| 106|0x0000000748c00000, 0x0000000748d00000, 0x0000000748d00000|100%|HS|  |TAMS 0x0000000748d00000, 0x0000000748d00000| Complete 
| 107|0x0000000748d00000, 0x0000000748e00000, 0x0000000748e00000|100%|HC|  |TAMS 0x0000000748e00000, 0x0000000748e00000| Complete 
| 108|0x0000000748e00000, 0x0000000748f00000, 0x0000000748f00000|100%|HS|  |TAMS 0x0000000748f00000, 0x0000000748f00000| Complete 
| 109|0x0000000748f00000, 0x0000000749000000, 0x0000000749000000|100%|HC|  |TAMS 0x0000000749000000, 0x0000000749000000| Complete 
| 110|0x0000000749000000, 0x0000000749100000, 0x0000000749100000|100%|HS|  |TAMS 0x0000000749100000, 0x0000000749100000| Complete 
| 111|0x0000000749100000, 0x0000000749200000, 0x0000000749200000|100%|HC|  |TAMS 0x0000000749200000, 0x0000000749200000| Complete 
| 112|0x0000000749200000, 0x0000000749300000, 0x0000000749300000|100%|HS|  |TAMS 0x0000000749300000, 0x0000000749300000| Complete 
| 113|0x0000000749300000, 0x0000000749400000, 0x0000000749400000|100%|HC|  |TAMS 0x0000000749400000, 0x0000000749400000| Complete 
| 114|0x0000000749400000, 0x0000000749500000, 0x0000000749500000|100%|HS|  |TAMS 0x0000000749500000, 0x0000000749500000| Complete 
| 115|0x0000000749500000, 0x0000000749600000, 0x0000000749600000|100%|HC|  |TAMS 0x0000000749600000, 0x0000000749600000| Complete 
| 116|0x0000000749600000, 0x0000000749700000, 0x0000000749700000|100%|HS|  |TAMS 0x0000000749700000, 0x0000000749700000| Complete 
| 117|0x0000000749700000, 0x0000000749800000, 0x0000000749800000|100%|HC|  |TAMS 0x0000000749800000, 0x0000000749800000| Complete 
| 118|0x0000000749800000, 0x0000000749900000, 0x0000000749900000|100%|HS|  |TAMS 0x0000000749900000, 0x0000000749900000| Complete 
| 119|0x0000000749900000, 0x0000000749a00000, 0x0000000749a00000|100%|HC|  |TAMS 0x0000000749a00000, 0x0000000749a00000| Complete 
| 120|0x0000000749a00000, 0x0000000749b00000, 0x0000000749b00000|100%|HS|  |TAMS 0x0000000749b00000, 0x0000000749b00000| Complete 
| 121|0x0000000749b00000, 0x0000000749c00000, 0x0000000749c00000|100%|HC|  |TAMS 0x0000000749c00000, 0x0000000749c00000| Complete 
| 122|0x0000000749c00000, 0x0000000749d00000, 0x0000000749d00000|100%|HS|  |TAMS 0x0000000749d00000, 0x0000000749d00000| Complete 
| 123|0x0000000749d00000, 0x0000000749e00000, 0x0000000749e00000|100%|HC|  |TAMS 0x0000000749e00000, 0x0000000749e00000| Complete 
| 124|0x0000000749e00000, 0x0000000749f00000, 0x0000000749f00000|100%|HS|  |TAMS 0x0000000749f00000, 0x0000000749f00000| Complete 
| 125|0x0000000749f00000, 0x000000074a000000, 0x000000074a000000|100%|HC|  |TAMS 0x000000074a000000, 0x000000074a000000| Complete 
| 126|0x000000074a000000, 0x000000074a100000, 0x000000074a100000|100%|HS|  |TAMS 0x000000074a100000, 0x000000074a100000| Complete 
| 127|0x000000074a100000, 0x000000074a200000, 0x000000074a200000|100%|HC|  |TAMS 0x000000074a200000, 0x000000074a200000| Complete 
| 128|0x000000074a200000, 0x000000074a300000, 0x000000074a300000|100%|HS|  |TAMS 0x000000074a300000, 0x000000074a300000| Complete 
| 129|0x000000074a300000, 0x000000074a400000, 0x000000074a400000|100%|HC|  |TAMS 0x000000074a400000, 0x000000074a400000| Complete 
| 130|0x000000074a400000, 0x000000074a500000, 0x000000074a500000|100%|HS|  |TAMS 0x000000074a500000, 0x000000074a500000| Complete 
| 131|0x000000074a500000, 0x000000074a600000, 0x000000074a600000|100%|HC|  |TAMS 0x000000074a600000, 0x000000074a600000| Complete 
| 132|0x000000074a600000, 0x000000074a700000, 0x000000074a700000|100%|HS|  |TAMS 0x000000074a700000, 0x000000074a700000| Complete 
| 133|0x000000074a700000, 0x000000074a800000, 0x000000074a800000|100%|HC|  |TAMS 0x000000074a800000, 0x000000074a800000| Complete 
| 134|0x000000074a800000, 0x000000074a900000, 0x000000074a900000|100%|HS|  |TAMS 0x000000074a900000, 0x000000074a900000| Complete 
| 135|0x000000074a900000, 0x000000074aa00000, 0x000000074aa00000|100%|HC|  |TAMS 0x000000074aa00000, 0x000000074aa00000| Complete 
| 136|0x000000074aa00000, 0x000000074ab00000, 0x000000074ab00000|100%|HS|  |TAMS 0x000000074ab00000, 0x000000074ab00000| Complete 
| 137|0x000000074ab00000, 0x000000074ac00000, 0x000000074ac00000|100%|HC|  |TAMS 0x000000074ac00000, 0x000000074ac00000| Complete 
| 138|0x000000074ac00000, 0x000000074ad00000, 0x000000074ad00000|100%|HS|  |TAMS 0x000000074ad00000, 0x000000074ad00000| Complete 
| 139|0x000000074ad00000, 0x000000074ae00000, 0x000000074ae00000|100%|HC|  |TAMS 0x000000074ae00000, 0x000000074ae00000| Complete 
| 140|0x000000074ae00000, 0x000000074af00000, 0x000000074af00000|100%|HS|  |TAMS 0x000000074af00000, 0x000000074af00000| Complete 
| 141|0x000000074af00000, 0x000000074b000000, 0x000000074b000000|100%|HC|  |TAMS 0x000000074b000000, 0x000000074b000000| Complete 
| 142|0x000000074b000000, 0x000000074b100000, 0x000000074b100000|100%|HS|  |TAMS 0x000000074b100000, 0x000000074b100000| Complete 
| 143|0x000000074b100000, 0x000000074b200000, 0x000000074b200000|100%|HC|  |TAMS 0x000000074b200000, 0x000000074b200000| Complete 
| 144|0x000000074b200000, 0x000000074b300000, 0x000000074b300000|100%|HS|  |TAMS 0x000000074b300000, 0x000000074b300000| Complete 
| 145|0x000000074b300000, 0x000000074b400000, 0x000000074b400000|100%|HC|  |TAMS 0x000000074b400000, 0x000000074b400000| Complete 
| 146|0x000000074b400000, 0x000000074b500000, 0x000000074b500000|100%|HS|  |TAMS 0x000000074b500000, 0x000000074b500000| Complete 
| 147|0x000000074b500000, 0x000000074b600000, 0x000000074b600000|100%|HC|  |TAMS 0x000000074b600000, 0x000000074b600000| Complete 
| 148|0x000000074b600000, 0x000000074b700000, 0x000000074b700000|100%|HS|  |TAMS 0x000000074b700000, 0x000000074b700000| Complete 
| 149|0x000000074b700000, 0x000000074b800000, 0x000000074b800000|100%|HC|  |TAMS 0x000000074b800000, 0x000000074b800000| Complete 
| 150|0x000000074b800000, 0x000000074b900000, 0x000000074b900000|100%|HS|  |TAMS 0x000000074b900000, 0x000000074b900000| Complete 
| 151|0x000000074b900000, 0x000000074ba00000, 0x000000074ba00000|100%|HC|  |TAMS 0x000000074ba00000, 0x000000074ba00000| Complete 
| 152|0x000000074ba00000, 0x000000074bb00000, 0x000000074bb00000|100%|HS|  |TAMS 0x000000074bb00000, 0x000000074bb00000| Complete 
| 153|0x000000074bb00000, 0x000000074bc00000, 0x000000074bc00000|100%|HC|  |TAMS 0x000000074bc00000, 0x000000074bc00000| Complete 
| 154|0x000000074bc00000, 0x000000074bd00000, 0x000000074bd00000|100%|HS|  |TAMS 0x000000074bc00000, 0x000000074bd00000| Complete 
| 155|0x000000074bd00000, 0x000000074be00000, 0x000000074be00000|100%|HC|  |TAMS 0x000000074bd00000, 0x000000074be00000| Complete 
| 156|0x000000074be00000, 0x000000074bf00000, 0x000000074bf00000|100%|HS|  |TAMS 0x000000074be00000, 0x000000074bf00000| Complete 
| 157|0x000000074bf00000, 0x000000074c000000, 0x000000074c000000|100%|HC|  |TAMS 0x000000074bf00000, 0x000000074c000000| Complete 
| 158|0x000000074c000000, 0x000000074c000000, 0x000000074c100000|  0%| F|  |TAMS 0x000000074c000000, 0x000000074c000000| Untracked 
| 159|0x000000074c100000, 0x000000074c100000, 0x000000074c200000|  0%| F|  |TAMS 0x000000074c100000, 0x000000074c100000| Untracked 
| 160|0x000000074c200000, 0x000000074c200000, 0x000000074c300000|  0%| F|  |TAMS 0x000000074c200000, 0x000000074c200000| Untracked 
| 161|0x000000074c300000, 0x000000074c300000, 0x000000074c400000|  0%| F|  |TAMS 0x000000074c300000, 0x000000074c300000| Untracked 
| 162|0x000000074c400000, 0x000000074c400000, 0x000000074c500000|  0%| F|  |TAMS 0x000000074c400000, 0x000000074c400000| Untracked 
| 163|0x000000074c500000, 0x000000074c500000, 0x000000074c600000|  0%| F|  |TAMS 0x000000074c500000, 0x000000074c500000| Untracked 
| 164|0x000000074c600000, 0x000000074c600000, 0x000000074c700000|  0%| F|  |TAMS 0x000000074c600000, 0x000000074c600000| Untracked 
| 165|0x000000074c700000, 0x000000074c700000, 0x000000074c800000|  0%| F|  |TAMS 0x000000074c700000, 0x000000074c700000| Untracked 
| 166|0x000000074c800000, 0x000000074c800000, 0x000000074c900000|  0%| F|  |TAMS 0x000000074c800000, 0x000000074c800000| Untracked 
| 167|0x000000074c900000, 0x000000074c900000, 0x000000074ca00000|  0%| F|  |TAMS 0x000000074c900000, 0x000000074c900000| Untracked 
| 168|0x000000074ca00000, 0x000000074ca00000, 0x000000074cb00000|  0%| F|  |TAMS 0x000000074ca00000, 0x000000074ca00000| Untracked 
| 169|0x000000074cb00000, 0x000000074cb00000, 0x000000074cc00000|  0%| F|  |TAMS 0x000000074cb00000, 0x000000074cb00000| Untracked 
| 170|0x000000074cc00000, 0x000000074cc00000, 0x000000074cd00000|  0%| F|  |TAMS 0x000000074cc00000, 0x000000074cc00000| Untracked 
| 171|0x000000074cd00000, 0x000000074cd00000, 0x000000074ce00000|  0%| F|  |TAMS 0x000000074cd00000, 0x000000074cd00000| Untracked 
| 172|0x000000074ce00000, 0x000000074ce00000, 0x000000074cf00000|  0%| F|  |TAMS 0x000000074ce00000, 0x000000074ce00000| Untracked 
| 173|0x000000074cf00000, 0x000000074cf00000, 0x000000074d000000|  0%| F|  |TAMS 0x000000074cf00000, 0x000000074cf00000| Untracked 
| 174|0x000000074d000000, 0x000000074d000000, 0x000000074d100000|  0%| F|  |TAMS 0x000000074d000000, 0x000000074d000000| Untracked 
| 175|0x000000074d100000, 0x000000074d100000, 0x000000074d200000|  0%| F|  |TAMS 0x000000074d100000, 0x000000074d100000| Untracked 
| 176|0x000000074d200000, 0x000000074d200000, 0x000000074d300000|  0%| F|  |TAMS 0x000000074d200000, 0x000000074d200000| Untracked 
| 177|0x000000074d300000, 0x000000074d300000, 0x000000074d400000|  0%| F|  |TAMS 0x000000074d300000, 0x000000074d300000| Untracked 
| 178|0x000000074d400000, 0x000000074d400000, 0x000000074d500000|  0%| F|  |TAMS 0x000000074d400000, 0x000000074d400000| Untracked 
| 179|0x000000074d500000, 0x000000074d500000, 0x000000074d600000|  0%| F|  |TAMS 0x000000074d500000, 0x000000074d500000| Untracked 
| 180|0x000000074d600000, 0x000000074d600000, 0x000000074d700000|  0%| F|  |TAMS 0x000000074d600000, 0x000000074d600000| Untracked 
| 181|0x000000074d700000, 0x000000074d700000, 0x000000074d800000|  0%| F|  |TAMS 0x000000074d700000, 0x000000074d700000| Untracked 
| 182|0x000000074d800000, 0x000000074d800000, 0x000000074d900000|  0%| F|  |TAMS 0x000000074d800000, 0x000000074d800000| Untracked 
| 183|0x000000074d900000, 0x000000074d900000, 0x000000074da00000|  0%| F|  |TAMS 0x000000074d900000, 0x000000074d900000| Untracked 
| 184|0x000000074da00000, 0x000000074da00000, 0x000000074db00000|  0%| F|  |TAMS 0x000000074da00000, 0x000000074da00000| Untracked 
| 185|0x000000074db00000, 0x000000074db00000, 0x000000074dc00000|  0%| F|  |TAMS 0x000000074db00000, 0x000000074db00000| Untracked 
| 186|0x000000074dc00000, 0x000000074dc00000, 0x000000074dd00000|  0%| F|  |TAMS 0x000000074dc00000, 0x000000074dc00000| Untracked 
| 187|0x000000074dd00000, 0x000000074dd00000, 0x000000074de00000|  0%| F|  |TAMS 0x000000074dd00000, 0x000000074dd00000| Untracked 
| 188|0x000000074de00000, 0x000000074de00000, 0x000000074df00000|  0%| F|  |TAMS 0x000000074de00000, 0x000000074de00000| Untracked 
| 189|0x000000074df00000, 0x000000074df00000, 0x000000074e000000|  0%| F|  |TAMS 0x000000074df00000, 0x000000074df00000| Untracked 
| 190|0x000000074e000000, 0x000000074e000000, 0x000000074e100000|  0%| F|  |TAMS 0x000000074e000000, 0x000000074e000000| Untracked 
| 191|0x000000074e100000, 0x000000074e100000, 0x000000074e200000|  0%| F|  |TAMS 0x000000074e100000, 0x000000074e100000| Untracked 
| 192|0x000000074e200000, 0x000000074e200000, 0x000000074e300000|  0%| F|  |TAMS 0x000000074e200000, 0x000000074e200000| Untracked 
| 193|0x000000074e300000, 0x000000074e300000, 0x000000074e400000|  0%| F|  |TAMS 0x000000074e300000, 0x000000074e300000| Untracked 
| 194|0x000000074e400000, 0x000000074e400000, 0x000000074e500000|  0%| F|  |TAMS 0x000000074e400000, 0x000000074e400000| Untracked 
| 195|0x000000074e500000, 0x000000074e500000, 0x000000074e600000|  0%| F|  |TAMS 0x000000074e500000, 0x000000074e500000| Untracked 
| 196|0x000000074e600000, 0x000000074e600000, 0x000000074e700000|  0%| F|  |TAMS 0x000000074e600000, 0x000000074e600000| Untracked 
| 197|0x000000074e700000, 0x000000074e700000, 0x000000074e800000|  0%| F|  |TAMS 0x000000074e700000, 0x000000074e700000| Untracked 
| 198|0x000000074e800000, 0x000000074e800000, 0x000000074e900000|  0%| F|  |TAMS 0x000000074e800000, 0x000000074e800000| Untracked 
| 199|0x000000074e900000, 0x000000074e900000, 0x000000074ea00000|  0%| F|  |TAMS 0x000000074e900000, 0x000000074e900000| Untracked 
| 200|0x000000074ea00000, 0x000000074ea00000, 0x000000074eb00000|  0%| F|  |TAMS 0x000000074ea00000, 0x000000074ea00000| Untracked 
| 201|0x000000074eb00000, 0x000000074eb00000, 0x000000074ec00000|  0%| F|  |TAMS 0x000000074eb00000, 0x000000074eb00000| Untracked 
| 202|0x000000074ec00000, 0x000000074ec00000, 0x000000074ed00000|  0%| F|  |TAMS 0x000000074ec00000, 0x000000074ec00000| Untracked 
| 203|0x000000074ed00000, 0x000000074ed00000, 0x000000074ee00000|  0%| F|  |TAMS 0x000000074ed00000, 0x000000074ed00000| Untracked 
| 204|0x000000074ee00000, 0x000000074ee00000, 0x000000074ef00000|  0%| F|  |TAMS 0x000000074ee00000, 0x000000074ee00000| Untracked 
| 205|0x000000074ef00000, 0x000000074ef00000, 0x000000074f000000|  0%| F|  |TAMS 0x000000074ef00000, 0x000000074ef00000| Untracked 
| 206|0x000000074f000000, 0x000000074f000000, 0x000000074f100000|  0%| F|  |TAMS 0x000000074f000000, 0x000000074f000000| Untracked 
| 207|0x000000074f100000, 0x000000074f100000, 0x000000074f200000|  0%| F|  |TAMS 0x000000074f100000, 0x000000074f100000| Untracked 
| 208|0x000000074f200000, 0x000000074f200000, 0x000000074f300000|  0%| F|  |TAMS 0x000000074f200000, 0x000000074f200000| Untracked 
| 209|0x000000074f300000, 0x000000074f300000, 0x000000074f400000|  0%| F|  |TAMS 0x000000074f300000, 0x000000074f300000| Untracked 
| 210|0x000000074f400000, 0x000000074f400000, 0x000000074f500000|  0%| F|  |TAMS 0x000000074f400000, 0x000000074f400000| Untracked 
| 211|0x000000074f500000, 0x000000074f500000, 0x000000074f600000|  0%| F|  |TAMS 0x000000074f500000, 0x000000074f500000| Untracked 
| 212|0x000000074f600000, 0x000000074f600000, 0x000000074f700000|  0%| F|  |TAMS 0x000000074f600000, 0x000000074f600000| Untracked 
| 213|0x000000074f700000, 0x000000074f700000, 0x000000074f800000|  0%| F|  |TAMS 0x000000074f700000, 0x000000074f700000| Untracked 
| 214|0x000000074f800000, 0x000000074f800000, 0x000000074f900000|  0%| F|  |TAMS 0x000000074f800000, 0x000000074f800000| Untracked 
| 215|0x000000074f900000, 0x000000074f900000, 0x000000074fa00000|  0%| F|  |TAMS 0x000000074f900000, 0x000000074f900000| Untracked 
| 216|0x000000074fa00000, 0x000000074fa00000, 0x000000074fb00000|  0%| F|  |TAMS 0x000000074fa00000, 0x000000074fa00000| Untracked 
| 217|0x000000074fb00000, 0x000000074fb00000, 0x000000074fc00000|  0%| F|  |TAMS 0x000000074fb00000, 0x000000074fb00000| Untracked 
| 218|0x000000074fc00000, 0x000000074fc00000, 0x000000074fd00000|  0%| F|  |TAMS 0x000000074fc00000, 0x000000074fc00000| Untracked 
| 219|0x000000074fd00000, 0x000000074fd00000, 0x000000074fe00000|  0%| F|  |TAMS 0x000000074fd00000, 0x000000074fd00000| Untracked 
| 220|0x000000074fe00000, 0x000000074fe00000, 0x000000074ff00000|  0%| F|  |TAMS 0x000000074fe00000, 0x000000074fe00000| Untracked 
| 221|0x000000074ff00000, 0x000000074ff00000, 0x0000000750000000|  0%| F|  |TAMS 0x000000074ff00000, 0x000000074ff00000| Untracked 
| 222|0x0000000750000000, 0x0000000750000000, 0x0000000750100000|  0%| F|  |TAMS 0x0000000750000000, 0x0000000750000000| Untracked 
| 223|0x0000000750100000, 0x0000000750100000, 0x0000000750200000|  0%| F|  |TAMS 0x0000000750100000, 0x0000000750100000| Untracked 
| 224|0x0000000750200000, 0x0000000750200000, 0x0000000750300000|  0%| F|  |TAMS 0x0000000750200000, 0x0000000750200000| Untracked 
| 225|0x0000000750300000, 0x0000000750300000, 0x0000000750400000|  0%| F|  |TAMS 0x0000000750300000, 0x0000000750300000| Untracked 
| 226|0x0000000750400000, 0x0000000750400000, 0x0000000750500000|  0%| F|  |TAMS 0x0000000750400000, 0x0000000750400000| Untracked 
| 227|0x0000000750500000, 0x0000000750500000, 0x0000000750600000|  0%| F|  |TAMS 0x0000000750500000, 0x0000000750500000| Untracked 
| 228|0x0000000750600000, 0x0000000750600000, 0x0000000750700000|  0%| F|  |TAMS 0x0000000750600000, 0x0000000750600000| Untracked 
| 229|0x0000000750700000, 0x0000000750700000, 0x0000000750800000|  0%| F|  |TAMS 0x0000000750700000, 0x0000000750700000| Untracked 
| 230|0x0000000750800000, 0x0000000750800000, 0x0000000750900000|  0%| F|  |TAMS 0x0000000750800000, 0x0000000750800000| Untracked 
| 231|0x0000000750900000, 0x0000000750900000, 0x0000000750a00000|  0%| F|  |TAMS 0x0000000750900000, 0x0000000750900000| Untracked 
| 232|0x0000000750a00000, 0x0000000750a00000, 0x0000000750b00000|  0%| F|  |TAMS 0x0000000750a00000, 0x0000000750a00000| Untracked 
| 233|0x0000000750b00000, 0x0000000750b00000, 0x0000000750c00000|  0%| F|  |TAMS 0x0000000750b00000, 0x0000000750b00000| Untracked 
| 234|0x0000000750c00000, 0x0000000750c00000, 0x0000000750d00000|  0%| F|  |TAMS 0x0000000750c00000, 0x0000000750c00000| Untracked 
| 235|0x0000000750d00000, 0x0000000750d00000, 0x0000000750e00000|  0%| F|  |TAMS 0x0000000750d00000, 0x0000000750d00000| Untracked 
| 236|0x0000000750e00000, 0x0000000750e00000, 0x0000000750f00000|  0%| F|  |TAMS 0x0000000750e00000, 0x0000000750e00000| Untracked 
| 237|0x0000000750f00000, 0x0000000750f00000, 0x0000000751000000|  0%| F|  |TAMS 0x0000000750f00000, 0x0000000750f00000| Untracked 
| 238|0x0000000751000000, 0x0000000751000000, 0x0000000751100000|  0%| F|  |TAMS 0x0000000751000000, 0x0000000751000000| Untracked 
| 239|0x0000000751100000, 0x0000000751100000, 0x0000000751200000|  0%| F|  |TAMS 0x0000000751100000, 0x0000000751100000| Untracked 
| 240|0x0000000751200000, 0x0000000751200000, 0x0000000751300000|  0%| F|  |TAMS 0x0000000751200000, 0x0000000751200000| Untracked 
| 241|0x0000000751300000, 0x0000000751300000, 0x0000000751400000|  0%| F|  |TAMS 0x0000000751300000, 0x0000000751300000| Untracked 
| 242|0x0000000751400000, 0x0000000751400000, 0x0000000751500000|  0%| F|  |TAMS 0x0000000751400000, 0x0000000751400000| Untracked 
| 243|0x0000000751500000, 0x0000000751500000, 0x0000000751600000|  0%| F|  |TAMS 0x0000000751500000, 0x0000000751500000| Untracked 
| 244|0x0000000751600000, 0x0000000751600000, 0x0000000751700000|  0%| F|  |TAMS 0x0000000751600000, 0x0000000751600000| Untracked 
| 245|0x0000000751700000, 0x0000000751700000, 0x0000000751800000|  0%| F|  |TAMS 0x0000000751700000, 0x0000000751700000| Untracked 
| 246|0x0000000751800000, 0x0000000751800000, 0x0000000751900000|  0%| F|  |TAMS 0x0000000751800000, 0x0000000751800000| Untracked 
| 247|0x0000000751900000, 0x0000000751900000, 0x0000000751a00000|  0%| F|  |TAMS 0x0000000751900000, 0x0000000751900000| Untracked 
| 248|0x0000000751a00000, 0x0000000751a00000, 0x0000000751b00000|  0%| F|  |TAMS 0x0000000751a00000, 0x0000000751a00000| Untracked 
| 249|0x0000000751b00000, 0x0000000751b00000, 0x0000000751c00000|  0%| F|  |TAMS 0x0000000751b00000, 0x0000000751b00000| Untracked 
| 250|0x0000000751c00000, 0x0000000751c00000, 0x0000000751d00000|  0%| F|  |TAMS 0x0000000751c00000, 0x0000000751c00000| Untracked 
| 251|0x0000000751d00000, 0x0000000751d00000, 0x0000000751e00000|  0%| F|  |TAMS 0x0000000751d00000, 0x0000000751d00000| Untracked 
| 252|0x0000000751e00000, 0x0000000751e00000, 0x0000000751f00000|  0%| F|  |TAMS 0x0000000751e00000, 0x0000000751e00000| Untracked 
| 253|0x0000000751f00000, 0x0000000751f00000, 0x0000000752000000|  0%| F|  |TAMS 0x0000000751f00000, 0x0000000751f00000| Untracked 
| 254|0x0000000752000000, 0x0000000752000000, 0x0000000752100000|  0%| F|  |TAMS 0x0000000752000000, 0x0000000752000000| Untracked 
| 255|0x0000000752100000, 0x0000000752100000, 0x0000000752200000|  0%| F|  |TAMS 0x0000000752100000, 0x0000000752100000| Untracked 
| 256|0x0000000752200000, 0x0000000752200000, 0x0000000752300000|  0%| F|  |TAMS 0x0000000752200000, 0x0000000752200000| Untracked 
| 257|0x0000000752300000, 0x0000000752300000, 0x0000000752400000|  0%| F|  |TAMS 0x0000000752300000, 0x0000000752300000| Untracked 
| 258|0x0000000752400000, 0x0000000752400000, 0x0000000752500000|  0%| F|  |TAMS 0x0000000752400000, 0x0000000752400000| Untracked 
| 259|0x0000000752500000, 0x0000000752500000, 0x0000000752600000|  0%| F|  |TAMS 0x0000000752500000, 0x0000000752500000| Untracked 
| 260|0x0000000752600000, 0x0000000752600000, 0x0000000752700000|  0%| F|  |TAMS 0x0000000752600000, 0x0000000752600000| Untracked 
| 261|0x0000000752700000, 0x0000000752700000, 0x0000000752800000|  0%| F|  |TAMS 0x0000000752700000, 0x0000000752700000| Untracked 
| 262|0x0000000752800000, 0x0000000752800000, 0x0000000752900000|  0%| F|  |TAMS 0x0000000752800000, 0x0000000752800000| Untracked 
| 263|0x0000000752900000, 0x0000000752900000, 0x0000000752a00000|  0%| F|  |TAMS 0x0000000752900000, 0x0000000752900000| Untracked 
| 264|0x0000000752a00000, 0x0000000752a00000, 0x0000000752b00000|  0%| F|  |TAMS 0x0000000752a00000, 0x0000000752a00000| Untracked 
| 265|0x0000000752b00000, 0x0000000752b00000, 0x0000000752c00000|  0%| F|  |TAMS 0x0000000752b00000, 0x0000000752b00000| Untracked 
| 266|0x0000000752c00000, 0x0000000752c00000, 0x0000000752d00000|  0%| F|  |TAMS 0x0000000752c00000, 0x0000000752c00000| Untracked 
| 267|0x0000000752d00000, 0x0000000752d39920, 0x0000000752e00000| 22%| S|CS|TAMS 0x0000000752d00000, 0x0000000752d00000| Complete 
| 268|0x0000000752e00000, 0x0000000752f00000, 0x0000000752f00000|100%| S|CS|TAMS 0x0000000752e00000, 0x0000000752e00000| Complete 
| 269|0x0000000752f00000, 0x0000000753000000, 0x0000000753000000|100%| S|CS|TAMS 0x0000000752f00000, 0x0000000752f00000| Complete 
| 270|0x0000000753000000, 0x0000000753000000, 0x0000000753100000|  0%| F|  |TAMS 0x0000000753000000, 0x0000000753000000| Untracked 
| 271|0x0000000753100000, 0x0000000753100000, 0x0000000753200000|  0%| F|  |TAMS 0x0000000753100000, 0x0000000753100000| Untracked 
| 272|0x0000000753200000, 0x0000000753200000, 0x0000000753300000|  0%| F|  |TAMS 0x0000000753200000, 0x0000000753200000| Untracked 
| 273|0x0000000753300000, 0x0000000753300000, 0x0000000753400000|  0%| F|  |TAMS 0x0000000753300000, 0x0000000753300000| Untracked 

Card table byte_map: [0x00000263fab00000,0x00000263fb0f0000] _byte_map_base: 0x00000263f70ef000

Marking Bits (Prev, Next): (CMBitMap*) 0x00000263f1a962b8, (CMBitMap*) 0x00000263f1a962f8
 Prev Bits: [0x00000263fb6e0000, 0x00000263fe658000)
 Next Bits: [0x000002638f000000, 0x0000026391f78000)

Polling page: 0x00000263ef880000

Metaspace:

Usage:
  Non-class:      9.43 MB capacity,     7.58 MB ( 80%) used,     1.82 MB ( 19%) free+waste,    32.25 KB ( <1%) overhead. 
      Class:      1.51 MB capacity,     1.22 MB ( 81%) used,   279.93 KB ( 18%) free+waste,    18.44 KB (  1%) overhead. 
       Both:     10.94 MB capacity,     8.80 MB ( 80%) used,     2.10 MB ( 19%) free+waste,    50.69 KB ( <1%) overhead. 

Virtual space:
  Non-class space:       10.00 MB reserved,       9.50 MB ( 95%) committed 
      Class space:        1.00 GB reserved,       1.63 MB ( <1%) committed 
             Both:        1.01 GB reserved,      11.13 MB (  1%) committed 

Chunk freelists:
   Non-Class:  7.00 KB
       Class:  18.00 KB
        Both:  25.00 KB

MaxMetaspaceSize: 17179869184.00 GB
CompressedClassSpaceSize: 1.00 GB

CodeHeap 'non-profiled nmethods': size=120000Kb used=613Kb max_used=613Kb free=119386Kb
 bounds [0x0000026387ad0000, 0x0000026387d40000, 0x000002638f000000]
CodeHeap 'profiled nmethods': size=120000Kb used=2230Kb max_used=2230Kb free=117769Kb
 bounds [0x00000263805a0000, 0x0000026380810000, 0x0000026387ad0000]
CodeHeap 'non-nmethods': size=5760Kb used=1294Kb max_used=1382Kb free=4465Kb
 bounds [0x0000026380000000, 0x0000026380270000, 0x00000263805a0000]
 total_blobs=2486 nmethods=1290 adapters=497
 compilation: enabled
              stopped_count=0, restarted_count=0
 full_count=0

Compilation events (20 events):
Event: 0.928 Thread 0x00000263ff193800 nmethod 1282 0x00000263807cb810 code [0x00000263807cba80, 0x00000263807cc868]
Event: 0.932 Thread 0x00000263ff186800 nmethod 1279% 0x0000026387b4ba10 code [0x0000026387b4bc20, 0x0000026387b4c2b8]
Event: 0.932 Thread 0x00000263ff186800 1284       4       com.sun.javafx.iio.gif.GIFImageLoader2::decodePalette (290 bytes)
Event: 0.945 Thread 0x00000263ffc92800 nmethod 1274 0x0000026387b4c590 code [0x0000026387b4c760, 0x0000026387b4ce18]
Event: 0.945 Thread 0x00000263ffc92800 1285 %     4       com.sun.javafx.iio.gif.GIFImageLoader2::decodeImage @ 26 (161 bytes)
Event: 0.950 Thread 0x00000263ff186800 nmethod 1284 0x0000026387b4cf90 code [0x0000026387b4d240, 0x0000026387b4e358]
Event: 0.951 Thread 0x00000263ffc92800 nmethod 1285% 0x0000026387b4e990 code [0x0000026387b4eb80, 0x0000026387b4f0f8]
Event: 0.951 Thread 0x00000263ffc92800 1286       4       com.sun.javafx.iio.gif.GIFImageLoader2::decodeImage (161 bytes)
Event: 0.988 Thread 0x00000263ff193800 1287       3       java.util.HashSet::isEmpty (8 bytes)
Event: 0.988 Thread 0x00000263ff193800 nmethod 1287 0x00000263807ccc10 code [0x00000263807ccdc0, 0x00000263807cd038]
Event: 0.993 Thread 0x00000263ffc92800 nmethod 1286 0x0000026387b4f490 code [0x0000026387b4f700, 0x0000026387b50c88]
Event: 0.998 Thread 0x00000263ffb4c000 nmethod 1054 0x0000026387b51310 code [0x0000026387b52600, 0x0000026387b621f8]
Event: 1.119 Thread 0x00000263ff186800 1288       4       java.io.BufferedInputStream::read1 (108 bytes)
Event: 1.123 Thread 0x00000263ff193800 1289       3       com.sun.javafx.iio.gif.GIFImageLoader2::readShort (17 bytes)
Event: 1.123 Thread 0x00000263ff193800 nmethod 1289 0x00000263807cd110 code [0x00000263807cd300, 0x00000263807cd8b8]
Event: 1.127 Thread 0x00000263ff186800 nmethod 1288 0x0000026387b67190 code [0x0000026387b673c0, 0x0000026387b67c88]
Event: 1.147 Thread 0x00000263ff186800 1290  s    4       java.io.BufferedInputStream::read (113 bytes)
Event: 1.152 Thread 0x00000263ff186800 nmethod 1290 0x0000026387b68090 code [0x0000026387b682a0, 0x0000026387b68898]
Event: 1.180 Thread 0x00000263ff186800 1291       4       java.io.SequenceInputStream::read (31 bytes)
Event: 1.185 Thread 0x00000263ff186800 nmethod 1291 0x0000026387b68b90 code [0x0000026387b68d60, 0x0000026387b692a8]

GC Heap History (20 events):
Event: 1.080 GC heap after
{Heap after GC invocations=10 (full 0):
 garbage-first heap   total 194560K, used 95344K [0x0000000742200000, 0x0000000800000000)
  region size 1024K, 3 young (3072K), 3 survivors (3072K)
 Metaspace       used 9009K, capacity 11207K, committed 11392K, reserved 1058816K
  class space    used 1251K, capacity 1550K, committed 1664K, reserved 1048576K
}
Event: 1.089 GC heap before
{Heap before GC invocations=11 (full 0):
 garbage-first heap   total 194560K, used 101488K [0x0000000742200000, 0x0000000800000000)
  region size 1024K, 4 young (4096K), 3 survivors (3072K)
 Metaspace       used 9009K, capacity 11207K, committed 11392K, reserved 1058816K
  class space    used 1251K, capacity 1550K, committed 1664K, reserved 1048576K
}
Event: 1.090 GC heap after
{Heap after GC invocations=12 (full 0):
 garbage-first heap   total 194560K, used 99440K [0x0000000742200000, 0x0000000800000000)
  region size 1024K, 3 young (3072K), 3 survivors (3072K)
 Metaspace       used 9009K, capacity 11207K, committed 11392K, reserved 1058816K
  class space    used 1251K, capacity 1550K, committed 1664K, reserved 1048576K
}
Event: 1.100 GC heap before
{Heap before GC invocations=13 (full 0):
 garbage-first heap   total 194560K, used 105584K [0x0000000742200000, 0x0000000800000000)
  region size 1024K, 4 young (4096K), 3 survivors (3072K)
 Metaspace       used 9009K, capacity 11207K, committed 11392K, reserved 1058816K
  class space    used 1251K, capacity 1550K, committed 1664K, reserved 1048576K
}
Event: 1.103 GC heap after
{Heap after GC invocations=14 (full 0):
 garbage-first heap   total 233472K, used 103479K [0x0000000742200000, 0x0000000800000000)
  region size 1024K, 3 young (3072K), 3 survivors (3072K)
 Metaspace       used 9009K, capacity 11207K, committed 11392K, reserved 1058816K
  class space    used 1251K, capacity 1550K, committed 1664K, reserved 1048576K
}
Event: 1.113 GC heap before
{Heap before GC invocations=15 (full 0):
 garbage-first heap   total 233472K, used 109623K [0x0000000742200000, 0x0000000800000000)
  region size 1024K, 4 young (4096K), 3 survivors (3072K)
 Metaspace       used 9009K, capacity 11207K, committed 11392K, reserved 1058816K
  class space    used 1251K, capacity 1550K, committed 1664K, reserved 1048576K
}
Event: 1.115 GC heap after
{Heap after GC invocations=16 (full 0):
 garbage-first heap   total 233472K, used 107633K [0x0000000742200000, 0x0000000800000000)
  region size 1024K, 3 young (3072K), 3 survivors (3072K)
 Metaspace       used 9009K, capacity 11207K, committed 11392K, reserved 1058816K
  class space    used 1251K, capacity 1550K, committed 1664K, reserved 1048576K
}
Event: 1.124 GC heap before
{Heap before GC invocations=17 (full 0):
 garbage-first heap   total 233472K, used 113777K [0x0000000742200000, 0x0000000800000000)
  region size 1024K, 4 young (4096K), 3 survivors (3072K)
 Metaspace       used 9009K, capacity 11207K, committed 11392K, reserved 1058816K
  class space    used 1251K, capacity 1550K, committed 1664K, reserved 1048576K
}
Event: 1.126 GC heap after
{Heap after GC invocations=18 (full 0):
 garbage-first heap   total 233472K, used 111671K [0x0000000742200000, 0x0000000800000000)
  region size 1024K, 3 young (3072K), 3 survivors (3072K)
 Metaspace       used 9009K, capacity 11207K, committed 11392K, reserved 1058816K
  class space    used 1251K, capacity 1550K, committed 1664K, reserved 1048576K
}
Event: 1.137 GC heap before
{Heap before GC invocations=19 (full 0):
 garbage-first heap   total 233472K, used 117815K [0x0000000742200000, 0x0000000800000000)
  region size 1024K, 4 young (4096K), 3 survivors (3072K)
 Metaspace       used 9009K, capacity 11207K, committed 11392K, reserved 1058816K
  class space    used 1251K, capacity 1550K, committed 1664K, reserved 1048576K
}
Event: 1.139 GC heap after
{Heap after GC invocations=20 (full 0):
 garbage-first heap   total 233472K, used 115710K [0x0000000742200000, 0x0000000800000000)
  region size 1024K, 3 young (3072K), 3 survivors (3072K)
 Metaspace       used 9009K, capacity 11207K, committed 11392K, reserved 1058816K
  class space    used 1251K, capacity 1550K, committed 1664K, reserved 1048576K
}
Event: 1.147 GC heap before
{Heap before GC invocations=21 (full 0):
 garbage-first heap   total 233472K, used 121854K [0x0000000742200000, 0x0000000800000000)
  region size 1024K, 4 young (4096K), 3 survivors (3072K)
 Metaspace       used 9009K, capacity 11207K, committed 11392K, reserved 1058816K
  class space    used 1251K, capacity 1550K, committed 1664K, reserved 1048576K
}
Event: 1.150 GC heap after
{Heap after GC invocations=22 (full 0):
 garbage-first heap   total 280576K, used 119864K [0x0000000742200000, 0x0000000800000000)
  region size 1024K, 3 young (3072K), 3 survivors (3072K)
 Metaspace       used 9009K, capacity 11207K, committed 11392K, reserved 1058816K
  class space    used 1251K, capacity 1550K, committed 1664K, reserved 1048576K
}
Event: 1.159 GC heap before
{Heap before GC invocations=23 (full 0):
 garbage-first heap   total 280576K, used 127032K [0x0000000742200000, 0x0000000800000000)
  region size 1024K, 4 young (4096K), 3 survivors (3072K)
 Metaspace       used 9009K, capacity 11207K, committed 11392K, reserved 1058816K
  class space    used 1251K, capacity 1550K, committed 1664K, reserved 1048576K
}
Event: 1.161 GC heap after
{Heap after GC invocations=24 (full 0):
 garbage-first heap   total 280576K, used 124984K [0x0000000742200000, 0x0000000800000000)
  region size 1024K, 3 young (3072K), 3 survivors (3072K)
 Metaspace       used 9009K, capacity 11207K, committed 11392K, reserved 1058816K
  class space    used 1251K, capacity 1550K, committed 1664K, reserved 1048576K
}
Event: 1.169 GC heap before
{Heap before GC invocations=25 (full 0):
 garbage-first heap   total 280576K, used 130104K [0x0000000742200000, 0x0000000800000000)
  region size 1024K, 4 young (4096K), 3 survivors (3072K)
 Metaspace       used 9009K, capacity 11207K, committed 11392K, reserved 1058816K
  class space    used 1251K, capacity 1550K, committed 1664K, reserved 1048576K
}
Event: 1.171 GC heap after
{Heap after GC invocations=26 (full 0):
 garbage-first heap   total 280576K, used 128056K [0x0000000742200000, 0x0000000800000000)
  region size 1024K, 3 young (3072K), 3 survivors (3072K)
 Metaspace       used 9009K, capacity 11207K, committed 11392K, reserved 1058816K
  class space    used 1251K, capacity 1550K, committed 1664K, reserved 1048576K
}
Event: 1.181 GC heap before
{Heap before GC invocations=27 (full 0):
 garbage-first heap   total 280576K, used 134200K [0x0000000742200000, 0x0000000800000000)
  region size 1024K, 4 young (4096K), 3 survivors (3072K)
 Metaspace       used 9009K, capacity 11207K, committed 11392K, reserved 1058816K
  class space    used 1251K, capacity 1550K, committed 1664K, reserved 1048576K
}
Event: 1.183 GC heap after
{Heap after GC invocations=28 (full 0):
 garbage-first heap   total 280576K, used 132152K [0x0000000742200000, 0x0000000800000000)
  region size 1024K, 3 young (3072K), 3 survivors (3072K)
 Metaspace       used 9009K, capacity 11207K, committed 11392K, reserved 1058816K
  class space    used 1251K, capacity 1550K, committed 1664K, reserved 1048576K
}
Event: 1.191 GC heap before
{Heap before GC invocations=29 (full 0):
 garbage-first heap   total 280576K, used 138296K [0x0000000742200000, 0x0000000800000000)
  region size 1024K, 4 young (4096K), 3 survivors (3072K)
 Metaspace       used 9009K, capacity 11207K, committed 11392K, reserved 1058816K
  class space    used 1251K, capacity 1550K, committed 1664K, reserved 1048576K
}

Deoptimization events (20 events):
Event: 0.955 Thread 0x0000026394eba000 DEOPT PACKING pc=0x00000263807c8595 sp=0x000000cb7bcfd560
Event: 0.955 Thread 0x0000026394eba000 DEOPT UNPACKING pc=0x000002638004964e sp=0x000000cb7bcfca90 mode 0
Event: 0.958 Thread 0x0000026394eba000 DEOPT PACKING pc=0x00000263807c85b6 sp=0x000000cb7bcfd560
Event: 0.958 Thread 0x0000026394eba000 DEOPT UNPACKING pc=0x000002638004964e sp=0x000000cb7bcfca90 mode 0
Event: 0.962 Thread 0x0000026394eba000 DEOPT PACKING pc=0x00000263807c85b6 sp=0x000000cb7bcfd560
Event: 0.962 Thread 0x0000026394eba000 DEOPT UNPACKING pc=0x000002638004964e sp=0x000000cb7bcfca90 mode 0
Event: 0.965 Thread 0x0000026394eba000 DEOPT PACKING pc=0x00000263807c8595 sp=0x000000cb7bcfd560
Event: 0.965 Thread 0x0000026394eba000 DEOPT UNPACKING pc=0x000002638004964e sp=0x000000cb7bcfca90 mode 0
Event: 0.969 Thread 0x0000026394eba000 DEOPT PACKING pc=0x00000263807c8595 sp=0x000000cb7bcfd560
Event: 0.969 Thread 0x0000026394eba000 DEOPT UNPACKING pc=0x000002638004964e sp=0x000000cb7bcfca90 mode 0
Event: 0.974 Thread 0x0000026394eba000 DEOPT PACKING pc=0x00000263807c8595 sp=0x000000cb7bcfd560
Event: 0.974 Thread 0x0000026394eba000 DEOPT UNPACKING pc=0x000002638004964e sp=0x000000cb7bcfca90 mode 0
Event: 0.979 Thread 0x0000026394eba000 DEOPT PACKING pc=0x00000263807c85b6 sp=0x000000cb7bcfd560
Event: 0.979 Thread 0x0000026394eba000 DEOPT UNPACKING pc=0x000002638004964e sp=0x000000cb7bcfca90 mode 0
Event: 0.985 Thread 0x0000026394eba000 DEOPT PACKING pc=0x00000263807c85b6 sp=0x000000cb7bcfd560
Event: 0.985 Thread 0x0000026394eba000 DEOPT UNPACKING pc=0x000002638004964e sp=0x000000cb7bcfca90 mode 0
Event: 0.988 Thread 0x0000026394eba000 DEOPT PACKING pc=0x00000263807c85b6 sp=0x000000cb7bcfd560
Event: 0.988 Thread 0x0000026394eba000 DEOPT UNPACKING pc=0x000002638004964e sp=0x000000cb7bcfca90 mode 0
Event: 0.991 Thread 0x0000026394eba000 DEOPT PACKING pc=0x00000263807c8595 sp=0x000000cb7bcfd560
Event: 0.991 Thread 0x0000026394eba000 DEOPT UNPACKING pc=0x000002638004964e sp=0x000000cb7bcfca90 mode 0

Classes unloaded (0 events):
No events

Classes redefined (0 events):
No events

Internal exceptions (20 events):
Event: 0.079 Thread 0x00000263f1a44800 Exception <a 'sun/nio/fs/WindowsException'{0x000000074dfd7da0}> (0x000000074dfd7da0) 
thrown [./open/src/hotspot/share/prims/jni.cpp, line 599]
Event: 0.079 Thread 0x00000263f1a44800 Exception <a 'sun/nio/fs/WindowsException'{0x000000074dfd8250}> (0x000000074dfd8250) 
thrown [./open/src/hotspot/share/prims/jni.cpp, line 599]
Event: 0.087 Thread 0x00000263f1a44800 Exception <a 'java/lang/NoSuchMethodError'{0x000000074de06db8}: 'int java.lang.invoke.DirectMethodHandle$Holder.invokeSpecialIFC(java.lang.Object, java.lang.Object, int)'> (0x000000074de06db8) 
thrown [./open/src/hotspot/share/interpreter/linkResolver.cpp, line 766]
Event: 0.160 Thread 0x00000263f1a44800 Exception <a 'java/lang/NoSuchMethodError'{0x000000074dae50a0}: 'void java.lang.invoke.DirectMethodHandle$Holder.invokeSpecial(java.lang.Object, java.lang.Object, java.lang.Object, java.lang.Object, java.lang.Object)'> (0x000000074dae50a0) 
thrown [./open/src/hotspot/share/interpreter/linkResolver.cpp, line 766]
Event: 0.164 Thread 0x00000263f1a44800 Exception <a 'java/lang/IncompatibleClassChangeError'{0x000000074daf9300}: Found class java.lang.Object, but interface was expected> (0x000000074daf9300) 
thrown [./open/src/hotspot/share/interpreter/linkResolver.cpp, line 832]
Event: 0.165 Thread 0x00000263f1a44800 Exception <a 'java/lang/NoSuchMethodError'{0x000000074dafbcf8}: 'void java.lang.invoke.DirectMethodHandle$Holder.invokeStatic(java.lang.Object, java.lang.Object, java.lang.Object, java.lang.Object)'> (0x000000074dafbcf8) 
thrown [./open/src/hotspot/share/interpreter/linkResolver.cpp, line 766]
Event: 0.399 Thread 0x00000263f1a44800 Exception <a 'java/lang/NoSuchMethodError'{0x000000074d403ca8}: 'int java.lang.invoke.DirectMethodHandle$Holder.invokeStaticInit(java.lang.Object, java.lang.Object, java.lang.Object)'> (0x000000074d403ca8) 
thrown [./open/src/hotspot/share/interpreter/linkResolver.cpp, line 766]
Event: 0.400 Thread 0x00000263f1a44800 Exception <a 'java/lang/NoSuchMethodError'{0x000000074d40ebc8}: 'void java.lang.invoke.DirectMethodHandle$Holder.invokeSpecial(java.lang.Object, java.lang.Object)'> (0x000000074d40ebc8) 
thrown [./open/src/hotspot/share/interpreter/linkResolver.cpp, line 766]
Event: 0.415 Thread 0x00000263f1a44800 Exception <a 'java/lang/NoSuchMethodError'{0x000000074d4b5b68}: 'java.lang.Object java.lang.invoke.DirectMethodHandle$Holder.invokeStatic(java.lang.Object, java.lang.Object, int, java.lang.Object)'> (0x000000074d4b5b68) 
thrown [./open/src/hotspot/share/interpreter/linkResolver.cpp, line 766]
Event: 0.416 Thread 0x00000263f1a44800 Exception <a 'java/lang/NoSuchMethodError'{0x000000074d4bbe00}: 'java.lang.Object java.lang.invoke.Invokers$Holder.linkToTargetMethod(java.lang.Object, int, java.lang.Object, java.lang.Object)'> (0x000000074d4bbe00) 
thrown [./open/src/hotspot/share/interpreter/linkResolver.cpp, line 766]
Event: 0.470 Thread 0x0000026394eba000 Exception <a 'java/lang/NoSuchMethodError'{0x000000074d1134b8}: 'void java.lang.invoke.DirectMethodHandle$Holder.invokeStaticInit(java.lang.Object)'> (0x000000074d1134b8) 
thrown [./open/src/hotspot/share/interpreter/linkResolver.cpp, line 766]
Event: 0.472 Thread 0x00000263f1a44800 Exception <a 'java/lang/NoSuchMethodError'{0x000000074d4caed0}: 'java.lang.Object java.lang.invoke.Invokers$Holder.linkToTargetMethod(java.lang.Object, java.lang.Object, java.lang.Object, java.lang.Object, java.lang.Object, java.lang.Object)'> (0x000000074d4caed0) 
thrown [./open/src/hotspot/share/interpreter/linkResolver.cpp, line 766]
Event: 0.520 Thread 0x0000026394eba000 Exception <a 'java/lang/NoSuchMethodError'{0x000000074cd285d0}: 'java.lang.Object java.lang.invoke.DirectMethodHandle$Holder.invokeStaticInit(java.lang.Object, java.lang.Object, java.lang.Object, java.lang.Object)'> (0x000000074cd285d0) 
thrown [./open/src/hotspot/share/interpreter/linkResolver.cpp, line 766]
Event: 0.520 Thread 0x0000026394eba000 Exception <a 'java/lang/NullPointerException'{0x000000074cd32b10}> (0x000000074cd32b10) 
thrown [./open/src/hotspot/share/interpreter/linkResolver.cpp, line 1348]
Event: 0.676 Thread 0x0000026394eba000 Exception <a 'java/lang/NoSuchMethodError'{0x000000074d860768}: 'void java.lang.invoke.DirectMethodHandle$Holder.invokeStaticInit(java.lang.Object, java.lang.Object)'> (0x000000074d860768) 
thrown [./open/src/hotspot/share/interpreter/linkResolver.cpp, line 766]
Event: 0.686 Thread 0x0000026394eba000 Exception <a 'java/lang/NoSuchMethodError'{0x000000074d717da8}: 'java.lang.Object java.lang.invoke.DirectMethodHandle$Holder.invokeStaticInit(java.lang.Object, int, int, int, int)'> (0x000000074d717da8) 
thrown [./open/src/hotspot/share/interpreter/linkResolver.cpp, line 766]
Event: 0.728 Thread 0x0000026394eba000 Exception <a 'java/lang/NoSuchMethodError'{0x000000074d77aba0}: 'java.lang.Object java.lang.invoke.DirectMethodHandle$Holder.invokeStaticInit(java.lang.Object, java.lang.Object, int, int, int, int)'> (0x000000074d77aba0) 
thrown [./open/src/hotspot/share/interpreter/linkResolver.cpp, line 766]
Event: 0.741 Thread 0x0000026394eba000 Exception <a 'java/lang/NoSuchMethodError'{0x000000074d79ffe8}: 'java.lang.Object java.lang.invoke.Invokers$Holder.linkToTargetMethod(java.lang.Object, int, java.lang.Object)'> (0x000000074d79ffe8) 
thrown [./open/src/hotspot/share/interpreter/linkResolver.cpp, line 766]
Event: 0.753 Thread 0x0000026394eba000 Implicit null exception at 0x0000026387b296a5 to 0x0000026387b29a94
Event: 0.753 Thread 0x0000026394eba000 Implicit null exception at 0x0000026387af7268 to 0x0000026387af72fa

Events (20 events):
Event: 1.156 Executing VM operation: G1Concurrent done
Event: 1.159 Executing VM operation: G1TryInitiateConcMark
Event: 1.161 Executing VM operation: G1TryInitiateConcMark done
Event: 1.164 Executing VM operation: G1Concurrent
Event: 1.165 Executing VM operation: G1Concurrent done
Event: 1.166 Executing VM operation: G1Concurrent
Event: 1.167 Executing VM operation: G1Concurrent done
Event: 1.169 Executing VM operation: G1TryInitiateConcMark
Event: 1.171 Executing VM operation: G1TryInitiateConcMark done
Event: 1.175 Executing VM operation: G1Concurrent
Event: 1.176 Executing VM operation: G1Concurrent done
Event: 1.178 Executing VM operation: G1Concurrent
Event: 1.178 Executing VM operation: G1Concurrent done
Event: 1.180 Executing VM operation: G1TryInitiateConcMark
Event: 1.183 Executing VM operation: G1TryInitiateConcMark done
Event: 1.188 Executing VM operation: G1Concurrent
Event: 1.188 Executing VM operation: G1Concurrent done
Event: 1.189 Executing VM operation: G1Concurrent
Event: 1.189 Executing VM operation: G1Concurrent done
Event: 1.191 Executing VM operation: G1TryInitiateConcMark


Dynamic libraries:
0x00007ff6da5a0000 - 0x00007ff6da5af000 	C:\Program Files\Java\jdk-14.0.1\bin\javaw.exe
0x00007ffa251c0000 - 0x00007ffa253b0000 	C:\WINDOWS\SYSTEM32\ntdll.dll
0x00007ffa24330000 - 0x00007ffa243e2000 	C:\WINDOWS\System32\KERNEL32.DLL
0x00007ffa22c30000 - 0x00007ffa22ed5000 	C:\WINDOWS\System32\KERNELBASE.dll
0x00007ffa22280000 - 0x00007ffa2237a000 	C:\WINDOWS\System32\ucrtbase.dll
0x00007ffa190a0000 - 0x00007ffa190b8000 	C:\Program Files\Java\jdk-14.0.1\bin\jli.dll
0x00007ffa18f60000 - 0x00007ffa18f75000 	C:\Program Files\Java\jdk-14.0.1\bin\VCRUNTIME140.dll
0x00007ffa23ed0000 - 0x00007ffa23f73000 	C:\WINDOWS\System32\ADVAPI32.dll
0x00007ffa24590000 - 0x00007ffa2462e000 	C:\WINDOWS\System32\msvcrt.dll
0x00007ffa23a80000 - 0x00007ffa23b17000 	C:\WINDOWS\System32\sechost.dll
0x00007ffa24470000 - 0x00007ffa24590000 	C:\WINDOWS\System32\RPCRT4.dll
0x00007ffa23c80000 - 0x00007ffa23e14000 	C:\WINDOWS\System32\USER32.dll
0x00007ffa23030000 - 0x00007ffa23051000 	C:\WINDOWS\System32\win32u.dll
0x00007ffa15d70000 - 0x00007ffa15ff4000 	C:\WINDOWS\WinSxS\amd64_microsoft.windows.common-controls_6595b64144ccf1df_6.0.18362.1256_none_9e7e379be45e40e2\COMCTL32.dll
0x00007ffa25150000 - 0x00007ffa25176000 	C:\WINDOWS\System32\GDI32.dll
0x00007ffa23f80000 - 0x00007ffa242b6000 	C:\WINDOWS\System32\combase.dll
0x00007ffa23080000 - 0x00007ffa23216000 	C:\WINDOWS\System32\gdi32full.dll
0x00007ffa22f90000 - 0x00007ffa2302e000 	C:\WINDOWS\System32\msvcp_win.dll
0x00007ffa22380000 - 0x00007ffa22401000 	C:\WINDOWS\System32\bcryptPrimitives.dll
0x00007ffa1ce00000 - 0x00007ffa1ce0a000 	C:\WINDOWS\SYSTEM32\VERSION.dll
0x00007ffa249c0000 - 0x00007ffa249ee000 	C:\WINDOWS\System32\IMM32.DLL
0x00007ffa18d50000 - 0x00007ffa18deb000 	C:\Program Files\Java\jdk-14.0.1\bin\msvcp140.dll
0x00007ff9e57e0000 - 0x00007ff9e62fe000 	C:\Program Files\Java\jdk-14.0.1\bin\server\jvm.dll
0x00007ffa24460000 - 0x00007ffa24468000 	C:\WINDOWS\System32\PSAPI.DLL
0x00007ffa1ddc0000 - 0x00007ffa1ddc9000 	C:\WINDOWS\SYSTEM32\WSOCK32.dll
0x00007ffa17a10000 - 0x00007ffa17a34000 	C:\WINDOWS\SYSTEM32\WINMM.dll
0x00007ffa242c0000 - 0x00007ffa2432f000 	C:\WINDOWS\System32\WS2_32.dll
0x00007ffa179e0000 - 0x00007ffa17a0d000 	C:\WINDOWS\SYSTEM32\winmmbase.dll
0x00007ffa23220000 - 0x00007ffa2326a000 	C:\WINDOWS\System32\cfgmgr32.dll
0x00007ffa22070000 - 0x00007ffa22081000 	C:\WINDOWS\System32\kernel.appcore.dll
0x00007ffa1da50000 - 0x00007ffa1da5a000 	C:\Program Files\Java\jdk-14.0.1\bin\jimage.dll
0x00007ffa20960000 - 0x00007ffa20b54000 	C:\WINDOWS\SYSTEM32\DBGHELP.DLL
0x00007ffa1b6a0000 - 0x00007ffa1b6ca000 	C:\WINDOWS\SYSTEM32\dbgcore.DLL
0x00007ffa1d8e0000 - 0x00007ffa1d905000 	C:\Program Files\Java\jdk-14.0.1\bin\java.dll
0x00007ffa1c410000 - 0x00007ffa1c426000 	C:\Program Files\Java\jdk-14.0.1\bin\zip.dll
0x00007ffa249f0000 - 0x00007ffa250d7000 	C:\WINDOWS\System32\SHELL32.dll
0x00007ffa23e20000 - 0x00007ffa23ec9000 	C:\WINDOWS\System32\shcore.dll
0x00007ffa22440000 - 0x00007ffa22bc1000 	C:\WINDOWS\System32\windows.storage.dll
0x00007ffa220e0000 - 0x00007ffa22103000 	C:\WINDOWS\System32\profapi.dll
0x00007ffa22090000 - 0x00007ffa220da000 	C:\WINDOWS\System32\powrprof.dll
0x00007ffa22060000 - 0x00007ffa22070000 	C:\WINDOWS\System32\UMPDC.dll
0x00007ffa23950000 - 0x00007ffa239a2000 	C:\WINDOWS\System32\shlwapi.dll
0x00007ffa23060000 - 0x00007ffa23077000 	C:\WINDOWS\System32\cryptsp.dll
0x00007ffa1c1e0000 - 0x00007ffa1c1f9000 	C:\Program Files\Java\jdk-14.0.1\bin\net.dll
0x00007ffa19250000 - 0x00007ffa19340000 	C:\WINDOWS\SYSTEM32\WINHTTP.dll
0x00007ffa218b0000 - 0x00007ffa21917000 	C:\WINDOWS\system32\mswsock.dll
0x00007ffa1c1a0000 - 0x00007ffa1c1b2000 	C:\Program Files\Java\jdk-14.0.1\bin\nio.dll
0x00000263f1970000 - 0x00000263f1973000 	D:\D Folder\Downloads D\javafx-sdk-11.0.2\bin\api-ms-win-core-console-l1-1-0.dll
0x00000263f1980000 - 0x00000263f1983000 	D:\D Folder\Downloads D\javafx-sdk-11.0.2\bin\api-ms-win-core-datetime-l1-1-0.dll
0x00000263f1990000 - 0x00000263f1993000 	D:\D Folder\Downloads D\javafx-sdk-11.0.2\bin\api-ms-win-core-debug-l1-1-0.dll
0x00000263f19a0000 - 0x00000263f19a3000 	D:\D Folder\Downloads D\javafx-sdk-11.0.2\bin\api-ms-win-core-errorhandling-l1-1-0.dll
0x00000263f19b0000 - 0x00000263f19b4000 	D:\D Folder\Downloads D\javafx-sdk-11.0.2\bin\api-ms-win-core-file-l1-1-0.dll
0x00000263f19c0000 - 0x00000263f19c3000 	D:\D Folder\Downloads D\javafx-sdk-11.0.2\bin\api-ms-win-core-file-l1-2-0.dll
0x00000263f19d0000 - 0x00000263f19d3000 	D:\D Folder\Downloads D\javafx-sdk-11.0.2\bin\api-ms-win-core-file-l2-1-0.dll
0x00000263f19e0000 - 0x00000263f19e3000 	D:\D Folder\Downloads D\javafx-sdk-11.0.2\bin\api-ms-win-core-handle-l1-1-0.dll
0x00000263f19f0000 - 0x00000263f19f3000 	D:\D Folder\Downloads D\javafx-sdk-11.0.2\bin\api-ms-win-core-heap-l1-1-0.dll
0x00000263f1a00000 - 0x00000263f1a03000 	D:\D Folder\Downloads D\javafx-sdk-11.0.2\bin\api-ms-win-core-interlocked-l1-1-0.dll
0x00000263ffeb0000 - 0x00000263ffeb3000 	D:\D Folder\Downloads D\javafx-sdk-11.0.2\bin\api-ms-win-core-libraryloader-l1-1-0.dll
0x00000263ffec0000 - 0x00000263ffec3000 	D:\D Folder\Downloads D\javafx-sdk-11.0.2\bin\api-ms-win-core-localization-l1-2-0.dll
0x00000263ffed0000 - 0x00000263ffed3000 	D:\D Folder\Downloads D\javafx-sdk-11.0.2\bin\api-ms-win-core-memory-l1-1-0.dll
0x00000263ffee0000 - 0x00000263ffee3000 	D:\D Folder\Downloads D\javafx-sdk-11.0.2\bin\api-ms-win-core-namedpipe-l1-1-0.dll
0x00000263ffef0000 - 0x00000263ffef3000 	D:\D Folder\Downloads D\javafx-sdk-11.0.2\bin\api-ms-win-core-processenvironment-l1-1-0.dll
0x00000263fff00000 - 0x00000263fff03000 	D:\D Folder\Downloads D\javafx-sdk-11.0.2\bin\api-ms-win-core-processthreads-l1-1-0.dll
0x00000263fff10000 - 0x00000263fff13000 	D:\D Folder\Downloads D\javafx-sdk-11.0.2\bin\api-ms-win-core-processthreads-l1-1-1.dll
0x00000263fff20000 - 0x00000263fff23000 	D:\D Folder\Downloads D\javafx-sdk-11.0.2\bin\api-ms-win-core-profile-l1-1-0.dll
0x00000263fff30000 - 0x00000263fff33000 	D:\D Folder\Downloads D\javafx-sdk-11.0.2\bin\api-ms-win-core-rtlsupport-l1-1-0.dll
0x00000263fff40000 - 0x00000263fff43000 	D:\D Folder\Downloads D\javafx-sdk-11.0.2\bin\api-ms-win-core-string-l1-1-0.dll
0x00000263fff50000 - 0x00000263fff53000 	D:\D Folder\Downloads D\javafx-sdk-11.0.2\bin\api-ms-win-core-synch-l1-1-0.dll
0x00000263fff60000 - 0x00000263fff63000 	D:\D Folder\Downloads D\javafx-sdk-11.0.2\bin\api-ms-win-core-synch-l1-2-0.dll
0x00000263fff70000 - 0x00000263fff73000 	D:\D Folder\Downloads D\javafx-sdk-11.0.2\bin\api-ms-win-core-sysinfo-l1-1-0.dll
0x00000263fff80000 - 0x00000263fff83000 	D:\D Folder\Downloads D\javafx-sdk-11.0.2\bin\api-ms-win-core-timezone-l1-1-0.dll
0x00000263fff90000 - 0x00000263fff93000 	D:\D Folder\Downloads D\javafx-sdk-11.0.2\bin\api-ms-win-core-util-l1-1-0.dll
0x00000263fffa0000 - 0x00000263fffa3000 	D:\D Folder\Downloads D\javafx-sdk-11.0.2\bin\api-ms-win-crt-conio-l1-1-0.dll
0x00000263fffb0000 - 0x00000263fffb4000 	D:\D Folder\Downloads D\javafx-sdk-11.0.2\bin\api-ms-win-crt-convert-l1-1-0.dll
0x00000263fffc0000 - 0x00000263fffc3000 	D:\D Folder\Downloads D\javafx-sdk-11.0.2\bin\api-ms-win-crt-environment-l1-1-0.dll
0x00000263fffd0000 - 0x00000263fffd3000 	D:\D Folder\Downloads D\javafx-sdk-11.0.2\bin\api-ms-win-crt-filesystem-l1-1-0.dll
0x00000263fffe0000 - 0x00000263fffe3000 	D:\D Folder\Downloads D\javafx-sdk-11.0.2\bin\api-ms-win-crt-heap-l1-1-0.dll
0x00000263ffff0000 - 0x00000263ffff3000 	D:\D Folder\Downloads D\javafx-sdk-11.0.2\bin\api-ms-win-crt-locale-l1-1-0.dll
0x0000026395aa0000 - 0x0000026395aa5000 	D:\D Folder\Downloads D\javafx-sdk-11.0.2\bin\api-ms-win-crt-math-l1-1-0.dll
0x0000026395750000 - 0x0000026395755000 	D:\D Folder\Downloads D\javafx-sdk-11.0.2\bin\api-ms-win-crt-multibyte-l1-1-0.dll
0x0000026395760000 - 0x0000026395770000 	D:\D Folder\Downloads D\javafx-sdk-11.0.2\bin\api-ms-win-crt-private-l1-1-0.dll
0x0000026395770000 - 0x0000026395773000 	D:\D Folder\Downloads D\javafx-sdk-11.0.2\bin\api-ms-win-crt-process-l1-1-0.dll
0x0000026395780000 - 0x0000026395784000 	D:\D Folder\Downloads D\javafx-sdk-11.0.2\bin\api-ms-win-crt-runtime-l1-1-0.dll
0x0000026395790000 - 0x0000026395794000 	D:\D Folder\Downloads D\javafx-sdk-11.0.2\bin\api-ms-win-crt-stdio-l1-1-0.dll
0x00000263957a0000 - 0x00000263957a4000 	D:\D Folder\Downloads D\javafx-sdk-11.0.2\bin\api-ms-win-crt-string-l1-1-0.dll
0x00000263957b0000 - 0x00000263957b3000 	D:\D Folder\Downloads D\javafx-sdk-11.0.2\bin\api-ms-win-crt-time-l1-1-0.dll
0x00000263957c0000 - 0x00000263957c3000 	D:\D Folder\Downloads D\javafx-sdk-11.0.2\bin\api-ms-win-crt-utility-l1-1-0.dll
0x00007ff9edae0000 - 0x00007ff9edbda000 	D:\D Folder\Downloads D\javafx-sdk-11.0.2\bin\ucrtbase.dll
0x00007ffa1da60000 - 0x00007ffa1da76000 	D:\D Folder\Downloads D\javafx-sdk-11.0.2\bin\vcruntime140.dll
0x00007ffa0b3c0000 - 0x00007ffa0b466000 	D:\D Folder\Downloads D\javafx-sdk-11.0.2\bin\msvcp140.dll
0x00007ffa18c90000 - 0x00007ffa18ce1000 	D:\D Folder\Downloads D\javafx-sdk-11.0.2\bin\concrt140.dll
0x00007ffa1c090000 - 0x00007ffa1c0b3000 	D:\D Folder\Downloads D\javafx-sdk-11.0.2\bin\prism_d3d.dll
0x00007ffa1a200000 - 0x00007ffa1a3c7000 	C:\WINDOWS\system32\d3d9.dll
0x00007ffa20550000 - 0x00007ffa2057d000 	C:\WINDOWS\SYSTEM32\dwmapi.dll
0x00007ffa20d10000 - 0x00007ffa20d30000 	C:\WINDOWS\SYSTEM32\dxcore.dll
0x00007ffa20010000 - 0x00007ffa200a9000 	C:\WINDOWS\system32\uxtheme.dll
0x00007ff9e7040000 - 0x00007ff9e72b3000 	C:\WINDOWS\System32\DriverStore\FileRepository\igdlh64.inf_amd64_28d80681d3523b1c\igdumdim64.dll
0x00007ff9cb770000 - 0x00007ff9ceea4000 	C:\WINDOWS\System32\DriverStore\FileRepository\igdlh64.inf_amd64_28d80681d3523b1c\igd9dxva64.dll
0x00007ffa23b20000 - 0x00007ffa23c77000 	C:\WINDOWS\System32\ole32.dll
0x00007ffa239b0000 - 0x00007ffa23a75000 	C:\WINDOWS\System32\OLEAUT32.dll
0x00007ffa18880000 - 0x00007ffa188c5000 	D:\D Folder\Downloads D\javafx-sdk-11.0.2\bin\glass.dll
0x00007ffa24730000 - 0x00007ffa24800000 	C:\WINDOWS\System32\COMDLG32.dll
0x00007ffa24800000 - 0x00007ffa24935000 	C:\WINDOWS\System32\MSCTF.dll
0x00007ffa1c160000 - 0x00007ffa1c181000 	C:\WINDOWS\System32\DriverStore\FileRepository\igdlh64.inf_amd64_28d80681d3523b1c\igdinfo64.dll
0x00007ffa05c60000 - 0x00007ffa07bc9000 	C:\WINDOWS\System32\DriverStore\FileRepository\igdlh64.inf_amd64_28d80681d3523b1c\igc64.dll
0x00007ffa16e40000 - 0x00007ffa16e54000 	D:\D Folder\Downloads D\javafx-sdk-11.0.2\bin\javafx_font.dll
0x00007ffa07bd0000 - 0x00007ffa07ece000 	C:\WINDOWS\SYSTEM32\dwrite.dll
0x00007ffa21420000 - 0x00007ffa21453000 	C:\WINDOWS\system32\rsaenh.dll
0x00007ffa22410000 - 0x00007ffa22436000 	C:\WINDOWS\System32\bcrypt.dll
0x00007ffa21f80000 - 0x00007ffa21fa5000 	C:\WINDOWS\SYSTEM32\USERENV.dll
0x00007ffa21a80000 - 0x00007ffa21a8c000 	C:\WINDOWS\SYSTEM32\CRYPTBASE.dll
0x00007ffa215c0000 - 0x00007ffa215fa000 	C:\WINDOWS\SYSTEM32\IPHLPAPI.DLL
0x00007ffa243f0000 - 0x00007ffa243f8000 	C:\WINDOWS\System32\NSI.dll
0x00007ffa1aee0000 - 0x00007ffa1aef6000 	C:\WINDOWS\SYSTEM32\dhcpcsvc6.DLL
0x00007ffa1b7a0000 - 0x00007ffa1b7bc000 	C:\WINDOWS\SYSTEM32\dhcpcsvc.DLL
0x00007ffa21600000 - 0x00007ffa216cb000 	C:\WINDOWS\SYSTEM32\DNSAPI.dll

dbghelp: loaded successfully - version: 4.0.5 - missing functions: none
symbol engine: initialized successfully - sym options: 0x614 - pdb path: .;C:\Program Files\Java\jdk-14.0.1\bin;C:\WINDOWS\SYSTEM32;C:\WINDOWS\WinSxS\amd64_microsoft.windows.common-controls_6595b64144ccf1df_6.0.18362.1256_none_9e7e379be45e40e2;C:\Program Files\Java\jdk-14.0.1\bin\server;D:\D Folder\Downloads D\javafx-sdk-11.0.2\bin;C:\WINDOWS\System32\DriverStore\FileRepository\igdlh64.inf_amd64_28d80681d3523b1c

VM Arguments:
jvm_args: --module-path=D:\D Folder\Downloads D\javafx-sdk-11.0.2\lib --add-modules=ALL-MODULE-PATH -Dfile.encoding=Cp1252 
java_command: application.Main
java_class_path (initial): C:\Users\asus\git\COMP2042_CW_WongKieSun\COMP2042_CW_WongKieSun\target\classes;D:\D Folder\Downloads D\javafx-sdk-11.0.2\lib\javafx.base.jar;D:\D Folder\Downloads D\javafx-sdk-11.0.2\lib\javafx.controls.jar;D:\D Folder\Downloads D\javafx-sdk-11.0.2\lib\javafx.fxml.jar;D:\D Folder\Downloads D\javafx-sdk-11.0.2\lib\javafx.graphics.jar;D:\D Folder\Downloads D\javafx-sdk-11.0.2\lib\javafx.media.jar;D:\D Folder\Downloads D\javafx-sdk-11.0.2\lib\javafx.swing.jar;D:\D Folder\Downloads D\javafx-sdk-11.0.2\lib\javafx.web.jar;D:\D Folder\Downloads D\javafx-sdk-11.0.2\lib\javafx-swt.jar;C:\Users\asus\.p2\pool\plugins\org.junit.jupiter.api_5.6.0.v20200203-2009.jar;C:\Users\asus\.p2\pool\plugins\org.junit.jupiter.engine_5.6.0.v20200203-2009.jar;C:\Users\asus\.p2\pool\plugins\org.junit.jupiter.migrationsupport_5.6.0.v20200203-2009.jar;C:\Users\asus\.p2\pool\plugins\org.junit.jupiter.params_5.6.0.v20200203-2009.jar;C:\Users\asus\.p2\pool\plugins\org.junit.platform.commons_1.6.0.v20200203-2009.jar;C:\Users\asus\.p2\pool\plugins\org.junit.platform.engine_1.6.0.v20200203-2009.jar;C:\Users\asus\.p2\pool\plugins\org.junit.platform.launcher_1.6.0.v20200203-2009.jar;C:\Users\asus\.p2\pool\plugins\org.junit.platform.runner_1.6.0.v20200203-2009.jar;C:\Users\asus\.p2\pool\plugins\org.junit.platform.suite.api_1.6.0.v20200203-2009.jar;C:\Users\asus\.p2\pool\plugins\org.junit.vintage.engine_5.6.0.v20200203-2009.jar;C:\Users\asus\.p2\pool\plugins\org.opentest4j_1.2.0.v20190826-0900.jar;C:\Users\asus\.p2\pool\plugins\org.apiguardian_1.1.0.v20190826-0900.jar;C:\Users\asus\.p2\pool\plugins\org.junit_4.13.0.v20200204-1500.jar;C:\Users\asus\.p2\pool\plugins\org.hamcrest.core_1.3.0.v20180420-1519.jar;C:\Users\asus\.m2\repository\org\openjfx\javafx-controls\14\javafx-controls-14.jar;C:\Users\asus\.m2\repository\org\openjfx\javafx-controls\14\javafx-controls-14-win.jar;C:\Users\asus\.m2\repository\org\openjfx\javafx-graphics\14\javafx-graphics-14.jar;C:\Users\asus\.m2\repos
Launcher Type: SUN_STANDARD

[Global flags]
     intx CICompilerCount                          = 4                                         {product} {ergonomic}
     uint ConcGCThreads                            = 2                                         {product} {ergonomic}
     uint G1ConcRefinementThreads                  = 8                                         {product} {ergonomic}
   size_t G1HeapRegionSize                         = 1048576                                   {product} {ergonomic}
    uintx GCDrainStackTargetSize                   = 64                                        {product} {ergonomic}
   size_t InitialHeapSize                          = 199229440                                 {product} {ergonomic}
   size_t MarkStackSize                            = 4194304                                   {product} {ergonomic}
   size_t MaxHeapSize                              = 3185573888                                {product} {ergonomic}
   size_t MaxNewSize                               = 1910505472                                {product} {ergonomic}
   size_t MinHeapDeltaBytes                        = 1048576                                   {product} {ergonomic}
   size_t MinHeapSize                              = 8388608                                   {product} {ergonomic}
    uintx NonNMethodCodeHeapSize                   = 5839372                                {pd product} {ergonomic}
    uintx NonProfiledCodeHeapSize                  = 122909434                              {pd product} {ergonomic}
    uintx ProfiledCodeHeapSize                     = 122909434                              {pd product} {ergonomic}
    uintx ReservedCodeCacheSize                    = 251658240                              {pd product} {ergonomic}
     bool SegmentedCodeCache                       = true                                      {product} {ergonomic}
   size_t SoftMaxHeapSize                          = 3185573888                             {manageable} {ergonomic}
     bool UseCompressedClassPointers               = true                                 {lp64_product} {ergonomic}
     bool UseCompressedOops                        = true                                 {lp64_product} {ergonomic}
     bool UseG1GC                                  = true                                      {product} {ergonomic}
     bool UseLargePagesIndividualAllocation        = false                                  {pd product} {ergonomic}

Logging:
Log output configuration:
 #0: stdout all=warning uptime,level,tags
 #1: stderr all=off uptime,level,tags

Environment Variables:
JAVA_HOME=D:\D Folder\Downloads D\jdk-13.0.1
PATH=C:/Program Files/Java/jdk-14.0.1/bin/server;C:/Program Files/Java/jdk-14.0.1/bin;C:\Program Files (x86)\Common Files\Oracle\Java\javapath;C:\Program Files\Haskell\bin;C:\Program Files\Haskell Platform\8.6.3\lib\extralibs\bin;C:\Program Files\Haskell Platform\8.6.3\bin;C:\Program Files (x86)\Intel\Intel(R) Management Engine Components\iCLS\;C:\Program Files\Intel\Intel(R) Management Engine Components\iCLS\;C:\Windows\system32;C:\Windows;C:\Windows\System32\Wbem;C:\Windows\System32\WindowsPowerShell\v1.0\;C:\Program Files (x86)\Intel\Intel(R) Management Engine Components\DAL;C:\Program Files\Intel\Intel(R) Management Engine Components\DAL;C:\Program Files (x86)\Intel\Intel(R) Management Engine Components\IPT;C:\Program Files\Intel\Intel(R) Management Engine Components\IPT;C:\Program Files\Intel\WiFi\bin\;C:\Program Files\Common Files\Intel\WirelessCommon\;C:\Program Files (x86)\NVIDIA Corporation\PhysX\Common;C:\WINDOWS\system32;C:\WINDOWS;C:\WINDOWS\System32\Wbem;C:\WINDOWS\System32\WindowsPowerShell\v1.0\;C:\WINDOWS\System32\OpenSSH\;D:\Download\bin;C:\Program Files\PuTTY\;C:\MinGW\bin;C:\Program Files\Haskell Platform\8.6.3\mingw\bin;C:\Program Files\Java\jdk-14.0.1\bin;D:\D Folder\bin;D:\D Folder\Downloads D\jdk-13.0.1\bin\;C:\Users\asus\AppData\Roaming\cabal\bin;D:\D Folder\Program Files d\bin;C:\Users\asus\AppData\Local\Microsoft\WindowsApps;C:\Users\asus\AppData\Local\Programs\Microsoft VS Code\bin;C:\Users\asus\AppData\Local\GitHubDesktop\bin;C:\WINDOWS\System32;
USERNAME=asus
OS=Windows_NT
PROCESSOR_IDENTIFIER=Intel64 Family 6 Model 158 Stepping 10, GenuineIntel



---------------  S Y S T E M  ---------------

OS: Windows 10 , 64 bit Build 18362 (10.0.18362.1110)
OS uptime: 6 days 4:47 hours

CPU:total 8 (initial active 8) (4 cores per cpu, 2 threads per core) family 6 model 158 stepping 10, cmov, cx8, fxsr, mmx, sse, sse2, sse3, ssse3, sse4.1, sse4.2, popcnt, avx, avx2, aes, clmul, erms, 3dnowpref, lzcnt, ht, tsc, tscinvbit, bmi1, bmi2, adx, fma

Memory: 4k page, system-wide physical 12144M (402M free)
TotalPageFile size 27219M (AvailPageFile size 116M)
current process WorkingSet (physical memory assigned to process): 249M, peak: 249M
current process commit charge ("private bytes"): 430M, peak: 820M

vm_info: Java HotSpot(TM) 64-Bit Server VM (14.0.1+7) for windows-amd64 JRE (14.0.1+7), built on Mar  5 2020 10:30:14 by "mach5one" with MS VC++ 15.9 (VS2017)

END.
