#
# There is insufficient memory for the Java Runtime Environment to continue.
# Native memory allocation (mmap) failed to map 235929600 bytes for Failed to commit area from 0x0000000750600000 to 0x000000075e700000 of length 235929600.
# Possible reasons:
#   The system is out of physical RAM or swap space
#   The process is running with CompressedOops enabled, and the Java Heap may be blocking the growth of the native heap
# Possible solutions:
#   Reduce memory load on the system
#   Increase physical memory or swap space
#   Check if swap backing store is full
#   Decrease Java heap size (-Xmx/-Xms)
#   Decrease number of Java threads
#   Decrease Java thread stack sizes (-Xss)
#   Set larger code cache with -XX:ReservedCodeCacheSize=
#   JVM is running with Zero Based Compressed Oops mode in which the Java heap is
#     placed in the first 32GB address space. The Java Heap base address is the
#     maximum limit for the native heap growth. Please use -XX:HeapBaseMinAddress
#     to set the Java Heap base and to place the Java Heap above 32GB virtual address.
# This output file may be truncated or incomplete.
#
#  Out of Memory Error (./open/src/hotspot/os/windows/os_windows.cpp:3315), pid=368956, tid=365328
#
# JRE version: Java(TM) SE Runtime Environment (14.0.1+7) (build 14.0.1+7)
# Java VM: Java HotSpot(TM) 64-Bit Server VM (14.0.1+7, mixed mode, sharing, tiered, compressed oops, g1 gc, windows-amd64)
# No core dump will be written. Minidumps are not enabled by default on client versions of Windows
#

---------------  S U M M A R Y ------------

Command Line: --module-path=D:\D Folder\Downloads D\javafx-sdk-11.0.2\lib --add-modules=ALL-MODULE-PATH -Dfile.encoding=Cp1252 application.Main

Host: Intel(R) Core(TM) i5-8300H CPU @ 2.30GHz, 8 cores, 11G,  Windows 10 , 64 bit Build 18362 (10.0.18362.1110)
Time: Fri Dec 18 18:24:37 2020 Malay Peninsula Standard Time elapsed time: 1 seconds (0d 0h 0m 1s)

---------------  T H R E A D  ---------------

Current thread (0x000001813bd7e800):  VMThread "VM Thread" [stack: 0x0000000483f00000,0x0000000484000000] [id=365328]

Stack: [0x0000000483f00000,0x0000000484000000]
[error occurred during error reporting (printing stack bounds), id 0xc0000005, EXCEPTION_ACCESS_VIOLATION (0xc0000005) at pc=0x00000181227010ad]

Native frames: (J=compiled Java code, j=interpreted, Vv=VM code, C=native code)
V  [jvm.dll+0x5f840a]
V  [jvm.dll+0x741e4a]
V  [jvm.dll+0x7435ff]
V  [jvm.dll+0x743ba5]
V  [jvm.dll+0x743b5b]
V  [jvm.dll+0x5f793f]
V  [jvm.dll+0x5f80a8]
C  [ntdll.dll+0xa184f]
C  [ntdll.dll+0x6a889]
C  [ntdll.dll+0xa04be]
C  0x00000181227010ad

VM_Operation (0x0000000484efbe90): G1TryInitiateConcMark, mode: safepoint, requested by thread 0x000001813c6f1800


---------------  P R O C E S S  ---------------

Threads class SMR info:
_java_thread_list=0x000001813d0ff600, length=18, elements={
0x0000018118743000, 0x000001813c591800, 0x000001813c592800, 0x000001813c5af800,
0x000001813c5b3000, 0x000001813c5b4000, 0x000001813c5b7000, 0x000001813c5ca800,
0x000001813c5df000, 0x000001813c6f3000, 0x000001813c81d000, 0x000001813c6f3800,
0x000001813c6f4800, 0x000001813c6f5800, 0x000001813c6f1800, 0x000001813c6ef800,
0x000001813c6f6000, 0x000001813c6f0800
}

Java Threads: ( => current thread )
  0x0000018118743000 JavaThread "main" [_thread_blocked, id=369816, stack(0x0000000483900000,0x0000000483a00000)]
  0x000001813c591800 JavaThread "Reference Handler" daemon [_thread_blocked, id=327432, stack(0x0000000484000000,0x0000000484100000)]
  0x000001813c592800 JavaThread "Finalizer" daemon [_thread_blocked, id=358424, stack(0x0000000484100000,0x0000000484200000)]
  0x000001813c5af800 JavaThread "Signal Dispatcher" daemon [_thread_blocked, id=369752, stack(0x0000000484200000,0x0000000484300000)]
  0x000001813c5b3000 JavaThread "Attach Listener" daemon [_thread_blocked, id=370600, stack(0x0000000484300000,0x0000000484400000)]
  0x000001813c5b4000 JavaThread "Service Thread" daemon [_thread_blocked, id=323036, stack(0x0000000484400000,0x0000000484500000)]
  0x000001813c5b7000 JavaThread "C2 CompilerThread0" daemon [_thread_blocked, id=130296, stack(0x0000000484500000,0x0000000484600000)]
  0x000001813c5ca800 JavaThread "C1 CompilerThread0" daemon [_thread_blocked, id=346044, stack(0x0000000484600000,0x0000000484700000)]
  0x000001813c5df000 JavaThread "Sweeper thread" daemon [_thread_blocked, id=339120, stack(0x0000000484700000,0x0000000484800000)]
  0x000001813c6f3000 JavaThread "Common-Cleaner" daemon [_thread_blocked, id=350620, stack(0x0000000484800000,0x0000000484900000)]
  0x000001813c81d000 JavaThread "C2 CompilerThread1" daemon [_thread_blocked, id=55940, stack(0x0000000484900000,0x0000000484a00000)]
  0x000001813c6f3800 JavaThread "Notification Thread" daemon [_thread_blocked, id=350464, stack(0x0000000484a00000,0x0000000484b00000)]
  0x000001813c6f4800 JavaThread "QuantumRenderer-0" daemon [_thread_blocked, id=369280, stack(0x0000000484c00000,0x0000000484d00000)]
  0x000001813c6f5800 JavaThread "InvokeLaterDispatcher" daemon [_thread_blocked, id=368696, stack(0x0000000484d00000,0x0000000484e00000)]
  0x000001813c6f1800 JavaThread "JavaFX Application Thread" [_thread_blocked, id=367028, stack(0x0000000484e00000,0x0000000484f00000)]
  0x000001813c6ef800 JavaThread "JavaFX-Launcher" [_thread_blocked, id=325316, stack(0x0000000485300000,0x0000000485400000)]
  0x000001813c6f6000 JavaThread "Thread-2" daemon [_thread_blocked, id=299948, stack(0x0000000485200000,0x0000000485300000)]
  0x000001813c6f0800 JavaThread "Prism Font Disposer" daemon [_thread_blocked, id=369640, stack(0x0000000485900000,0x0000000485a00000)]

Other Threads:
=>0x000001813bd7e800 VMThread "VM Thread" [stack: 0x0000000483f00000,0x0000000484000000] [id=365328]
  0x000001813ce8a000 WatcherThread [stack: 0x0000000484b00000,0x0000000484c00000] [id=370084]
  0x0000018118797000 GCTaskThread "GC Thread#0" [stack: 0x0000000483a00000,0x0000000483b00000] [id=368800]
  0x000001813ce79000 GCTaskThread "GC Thread#1" [stack: 0x0000000485400000,0x0000000485500000] [id=369692]
  0x000001813d15c800 GCTaskThread "GC Thread#2" [stack: 0x0000000485500000,0x0000000485600000] [id=370276]
  0x000001813ccef000 GCTaskThread "GC Thread#3" [stack: 0x0000000485600000,0x0000000485700000] [id=329292]
  0x000001813de21800 GCTaskThread "GC Thread#4" [stack: 0x0000000485700000,0x0000000485800000] [id=370004]
  0x000001813de22800 GCTaskThread "GC Thread#5" [stack: 0x0000000485800000,0x0000000485900000] [id=369896]
  0x00000181187b2000 ConcurrentGCThread "G1 Main Marker" [stack: 0x0000000483b00000,0x0000000483c00000] [id=368840]
  0x00000181187b3000 ConcurrentGCThread "G1 Conc#0" [stack: 0x0000000483c00000,0x0000000483d00000] [id=368960]
  0x000001813e06f000 ConcurrentGCThread "G1 Conc#1" [stack: 0x0000000485b00000,0x0000000485c00000] [id=365296]
  0x000001813bbff800 ConcurrentGCThread "G1 Refine#0" [stack: 0x0000000483d00000,0x0000000483e00000] [id=353288]
  0x000001813df31000 ConcurrentGCThread "G1 Refine#1" [stack: 0x0000000485a00000,0x0000000485b00000] [id=367636]
  0x000001813bc01000 ConcurrentGCThread "G1 Young RemSet Sampling" [stack: 0x0000000483e00000,0x0000000483f00000] [id=367468]

Threads with active compile tasks:

VM state:at safepoint (normal execution)

VM Mutex/Monitor currently owned by a thread:  ([mutex/lock_event])
[0x000001811873e3d0] Threads_lock - owner thread: 0x000001813bd7e800
[0x000001811873e340] Heap_lock - owner thread: 0x000001813c6f1800

Heap address: 0x0000000742200000, size: 3038 MB, Compressed Oops mode: Zero based, Oop shift amount: 3
Narrow klass base: 0x0000000800000000, Narrow klass shift: 3
Compressed class space size: 1073741824 Address: 0x0000000800b30000

Heap:
 garbage-first heap   total 463872K, used 126405K [0x0000000742200000, 0x0000000800000000)
  region size 1024K, 3 young (3072K), 3 survivors (3072K)
 Metaspace       used 9025K, capacity 11210K, committed 11392K, reserved 1058816K
  class space    used 1254K, capacity 1550K, committed 1664K, reserved 1048576K
Heap Regions: E=young(eden), S=young(survivor), O=old, HS=humongous(starts), HC=humongous(continues), CS=collection set, F=free, OA=open archive, CA=closed archive, TAMS=top-at-mark-start (previous, next)
|   0|0x0000000742200000, 0x0000000742300000, 0x0000000742300000|100%| O|  |TAMS 0x0000000742300000, 0x0000000742300000| Untracked 
|   1|0x0000000742300000, 0x0000000742400000, 0x0000000742400000|100%|HS|  |TAMS 0x0000000742400000, 0x0000000742400000| Complete 
|   2|0x0000000742400000, 0x0000000742500000, 0x0000000742500000|100%|HC|  |TAMS 0x0000000742500000, 0x0000000742500000| Complete 
|   3|0x0000000742500000, 0x0000000742600000, 0x0000000742600000|100%|HS|  |TAMS 0x0000000742600000, 0x0000000742600000| Complete 
|   4|0x0000000742600000, 0x0000000742600000, 0x0000000742700000|  0%| F|  |TAMS 0x0000000742600000, 0x0000000742600000| Untracked 
|   5|0x0000000742700000, 0x0000000742800000, 0x0000000742800000|100%|HS|  |TAMS 0x0000000742800000, 0x0000000742800000| Complete 
|   6|0x0000000742800000, 0x0000000742900000, 0x0000000742900000|100%|HC|  |TAMS 0x0000000742900000, 0x0000000742900000| Complete 
|   7|0x0000000742900000, 0x0000000742900000, 0x0000000742a00000|  0%| F|  |TAMS 0x0000000742900000, 0x0000000742900000| Untracked 
|   8|0x0000000742a00000, 0x0000000742b00000, 0x0000000742b00000|100%|HS|  |TAMS 0x0000000742b00000, 0x0000000742b00000| Complete 
|   9|0x0000000742b00000, 0x0000000742c00000, 0x0000000742c00000|100%|HC|  |TAMS 0x0000000742c00000, 0x0000000742c00000| Complete 
|  10|0x0000000742c00000, 0x0000000742c00000, 0x0000000742d00000|  0%| F|  |TAMS 0x0000000742c00000, 0x0000000742c00000| Untracked 
|  11|0x0000000742d00000, 0x0000000742e00000, 0x0000000742e00000|100%|HS|  |TAMS 0x0000000742e00000, 0x0000000742e00000| Complete 
|  12|0x0000000742e00000, 0x0000000742f00000, 0x0000000742f00000|100%|HC|  |TAMS 0x0000000742f00000, 0x0000000742f00000| Complete 
|  13|0x0000000742f00000, 0x0000000742f00000, 0x0000000743000000|  0%| F|  |TAMS 0x0000000742f00000, 0x0000000742f00000| Untracked 
|  14|0x0000000743000000, 0x0000000743100000, 0x0000000743100000|100%|HS|  |TAMS 0x0000000743100000, 0x0000000743100000| Complete 
|  15|0x0000000743100000, 0x0000000743200000, 0x0000000743200000|100%|HC|  |TAMS 0x0000000743200000, 0x0000000743200000| Complete 
|  16|0x0000000743200000, 0x0000000743200000, 0x0000000743300000|  0%| F|  |TAMS 0x0000000743200000, 0x0000000743200000| Untracked 
|  17|0x0000000743300000, 0x0000000743400000, 0x0000000743400000|100%|HS|  |TAMS 0x0000000743400000, 0x0000000743400000| Complete 
|  18|0x0000000743400000, 0x0000000743500000, 0x0000000743500000|100%|HC|  |TAMS 0x0000000743500000, 0x0000000743500000| Complete 
|  19|0x0000000743500000, 0x0000000743500000, 0x0000000743600000|  0%| F|  |TAMS 0x0000000743500000, 0x0000000743500000| Untracked 
|  20|0x0000000743600000, 0x0000000743700000, 0x0000000743700000|100%|HS|  |TAMS 0x0000000743700000, 0x0000000743700000| Complete 
|  21|0x0000000743700000, 0x0000000743800000, 0x0000000743800000|100%|HC|  |TAMS 0x0000000743800000, 0x0000000743800000| Complete 
|  22|0x0000000743800000, 0x0000000743800000, 0x0000000743900000|  0%| F|  |TAMS 0x0000000743800000, 0x0000000743800000| Untracked 
|  23|0x0000000743900000, 0x0000000743a00000, 0x0000000743a00000|100%|HS|  |TAMS 0x0000000743a00000, 0x0000000743a00000| Complete 
|  24|0x0000000743a00000, 0x0000000743b00000, 0x0000000743b00000|100%|HC|  |TAMS 0x0000000743b00000, 0x0000000743b00000| Complete 
|  25|0x0000000743b00000, 0x0000000743b00000, 0x0000000743c00000|  0%| F|  |TAMS 0x0000000743b00000, 0x0000000743b00000| Untracked 
|  26|0x0000000743c00000, 0x0000000743d00000, 0x0000000743d00000|100%|HS|  |TAMS 0x0000000743d00000, 0x0000000743d00000| Complete 
|  27|0x0000000743d00000, 0x0000000743e00000, 0x0000000743e00000|100%|HC|  |TAMS 0x0000000743e00000, 0x0000000743e00000| Complete 
|  28|0x0000000743e00000, 0x0000000743e00000, 0x0000000743f00000|  0%| F|  |TAMS 0x0000000743e00000, 0x0000000743e00000| Untracked 
|  29|0x0000000743f00000, 0x0000000744000000, 0x0000000744000000|100%|HS|  |TAMS 0x0000000744000000, 0x0000000744000000| Complete 
|  30|0x0000000744000000, 0x0000000744100000, 0x0000000744100000|100%|HC|  |TAMS 0x0000000744100000, 0x0000000744100000| Complete 
|  31|0x0000000744100000, 0x0000000744100000, 0x0000000744200000|  0%| F|  |TAMS 0x0000000744100000, 0x0000000744100000| Untracked 
|  32|0x0000000744200000, 0x0000000744300000, 0x0000000744300000|100%|HS|  |TAMS 0x0000000744300000, 0x0000000744300000| Complete 
|  33|0x0000000744300000, 0x0000000744400000, 0x0000000744400000|100%|HC|  |TAMS 0x0000000744400000, 0x0000000744400000| Complete 
|  34|0x0000000744400000, 0x0000000744400000, 0x0000000744500000|  0%| F|  |TAMS 0x0000000744400000, 0x0000000744400000| Untracked 
|  35|0x0000000744500000, 0x0000000744600000, 0x0000000744600000|100%|HS|  |TAMS 0x0000000744600000, 0x0000000744600000| Complete 
|  36|0x0000000744600000, 0x0000000744700000, 0x0000000744700000|100%|HC|  |TAMS 0x0000000744700000, 0x0000000744700000| Complete 
|  37|0x0000000744700000, 0x0000000744700000, 0x0000000744800000|  0%| F|  |TAMS 0x0000000744700000, 0x0000000744700000| Untracked 
|  38|0x0000000744800000, 0x0000000744900000, 0x0000000744900000|100%|HS|  |TAMS 0x0000000744900000, 0x0000000744900000| Complete 
|  39|0x0000000744900000, 0x0000000744a00000, 0x0000000744a00000|100%|HC|  |TAMS 0x0000000744a00000, 0x0000000744a00000| Complete 
|  40|0x0000000744a00000, 0x0000000744a00000, 0x0000000744b00000|  0%| F|  |TAMS 0x0000000744a00000, 0x0000000744a00000| Untracked 
|  41|0x0000000744b00000, 0x0000000744c00000, 0x0000000744c00000|100%|HS|  |TAMS 0x0000000744c00000, 0x0000000744c00000| Complete 
|  42|0x0000000744c00000, 0x0000000744d00000, 0x0000000744d00000|100%|HC|  |TAMS 0x0000000744d00000, 0x0000000744d00000| Complete 
|  43|0x0000000744d00000, 0x0000000744d00000, 0x0000000744e00000|  0%| F|  |TAMS 0x0000000744d00000, 0x0000000744d00000| Untracked 
|  44|0x0000000744e00000, 0x0000000744f00000, 0x0000000744f00000|100%|HS|  |TAMS 0x0000000744f00000, 0x0000000744f00000| Complete 
|  45|0x0000000744f00000, 0x0000000745000000, 0x0000000745000000|100%|HC|  |TAMS 0x0000000745000000, 0x0000000745000000| Complete 
|  46|0x0000000745000000, 0x0000000745000000, 0x0000000745100000|  0%| F|  |TAMS 0x0000000745000000, 0x0000000745000000| Untracked 
|  47|0x0000000745100000, 0x0000000745200000, 0x0000000745200000|100%|HS|  |TAMS 0x0000000745200000, 0x0000000745200000| Complete 
|  48|0x0000000745200000, 0x0000000745300000, 0x0000000745300000|100%|HC|  |TAMS 0x0000000745300000, 0x0000000745300000| Complete 
|  49|0x0000000745300000, 0x0000000745300000, 0x0000000745400000|  0%| F|  |TAMS 0x0000000745300000, 0x0000000745300000| Untracked 
|  50|0x0000000745400000, 0x0000000745500000, 0x0000000745500000|100%|HS|  |TAMS 0x0000000745500000, 0x0000000745500000| Complete 
|  51|0x0000000745500000, 0x0000000745600000, 0x0000000745600000|100%|HC|  |TAMS 0x0000000745600000, 0x0000000745600000| Complete 
|  52|0x0000000745600000, 0x0000000745600000, 0x0000000745700000|  0%| F|  |TAMS 0x0000000745600000, 0x0000000745600000| Untracked 
|  53|0x0000000745700000, 0x0000000745800000, 0x0000000745800000|100%|HS|  |TAMS 0x0000000745800000, 0x0000000745800000| Complete 
|  54|0x0000000745800000, 0x0000000745900000, 0x0000000745900000|100%|HC|  |TAMS 0x0000000745900000, 0x0000000745900000| Complete 
|  55|0x0000000745900000, 0x0000000745900000, 0x0000000745a00000|  0%| F|  |TAMS 0x0000000745900000, 0x0000000745900000| Untracked 
|  56|0x0000000745a00000, 0x0000000745b00000, 0x0000000745b00000|100%|HS|  |TAMS 0x0000000745b00000, 0x0000000745b00000| Complete 
|  57|0x0000000745b00000, 0x0000000745c00000, 0x0000000745c00000|100%|HC|  |TAMS 0x0000000745c00000, 0x0000000745c00000| Complete 
|  58|0x0000000745c00000, 0x0000000745c00000, 0x0000000745d00000|  0%| F|  |TAMS 0x0000000745c00000, 0x0000000745c00000| Untracked 
|  59|0x0000000745d00000, 0x0000000745e00000, 0x0000000745e00000|100%|HS|  |TAMS 0x0000000745e00000, 0x0000000745e00000| Complete 
|  60|0x0000000745e00000, 0x0000000745f00000, 0x0000000745f00000|100%|HC|  |TAMS 0x0000000745f00000, 0x0000000745f00000| Complete 
|  61|0x0000000745f00000, 0x0000000745f00000, 0x0000000746000000|  0%| F|  |TAMS 0x0000000745f00000, 0x0000000745f00000| Untracked 
|  62|0x0000000746000000, 0x0000000746100000, 0x0000000746100000|100%|HS|  |TAMS 0x0000000746100000, 0x0000000746100000| Complete 
|  63|0x0000000746100000, 0x0000000746200000, 0x0000000746200000|100%|HC|  |TAMS 0x0000000746200000, 0x0000000746200000| Complete 
|  64|0x0000000746200000, 0x0000000746200000, 0x0000000746300000|  0%| F|  |TAMS 0x0000000746200000, 0x0000000746200000| Untracked 
|  65|0x0000000746300000, 0x0000000746400000, 0x0000000746400000|100%|HS|  |TAMS 0x0000000746400000, 0x0000000746400000| Complete 
|  66|0x0000000746400000, 0x0000000746500000, 0x0000000746500000|100%|HC|  |TAMS 0x0000000746500000, 0x0000000746500000| Complete 
|  67|0x0000000746500000, 0x0000000746500000, 0x0000000746600000|  0%| F|  |TAMS 0x0000000746500000, 0x0000000746500000| Untracked 
|  68|0x0000000746600000, 0x0000000746700000, 0x0000000746700000|100%|HS|  |TAMS 0x0000000746700000, 0x0000000746700000| Complete 
|  69|0x0000000746700000, 0x0000000746800000, 0x0000000746800000|100%|HC|  |TAMS 0x0000000746800000, 0x0000000746800000| Complete 
|  70|0x0000000746800000, 0x0000000746800000, 0x0000000746900000|  0%| F|  |TAMS 0x0000000746800000, 0x0000000746800000| Untracked 
|  71|0x0000000746900000, 0x0000000746a00000, 0x0000000746a00000|100%|HS|  |TAMS 0x0000000746a00000, 0x0000000746a00000| Complete 
|  72|0x0000000746a00000, 0x0000000746b00000, 0x0000000746b00000|100%|HC|  |TAMS 0x0000000746b00000, 0x0000000746b00000| Complete 
|  73|0x0000000746b00000, 0x0000000746b00000, 0x0000000746c00000|  0%| F|  |TAMS 0x0000000746b00000, 0x0000000746b00000| Untracked 
|  74|0x0000000746c00000, 0x0000000746d00000, 0x0000000746d00000|100%|HS|  |TAMS 0x0000000746d00000, 0x0000000746d00000| Complete 
|  75|0x0000000746d00000, 0x0000000746e00000, 0x0000000746e00000|100%|HC|  |TAMS 0x0000000746e00000, 0x0000000746e00000| Complete 
|  76|0x0000000746e00000, 0x0000000746e00000, 0x0000000746f00000|  0%| F|  |TAMS 0x0000000746e00000, 0x0000000746e00000| Untracked 
|  77|0x0000000746f00000, 0x0000000747000000, 0x0000000747000000|100%|HS|  |TAMS 0x0000000747000000, 0x0000000747000000| Complete 
|  78|0x0000000747000000, 0x0000000747100000, 0x0000000747100000|100%|HC|  |TAMS 0x0000000747100000, 0x0000000747100000| Complete 
|  79|0x0000000747100000, 0x0000000747100000, 0x0000000747200000|  0%| F|  |TAMS 0x0000000747100000, 0x0000000747100000| Untracked 
|  80|0x0000000747200000, 0x0000000747300000, 0x0000000747300000|100%|HS|  |TAMS 0x0000000747300000, 0x0000000747300000| Complete 
|  81|0x0000000747300000, 0x0000000747400000, 0x0000000747400000|100%|HC|  |TAMS 0x0000000747400000, 0x0000000747400000| Complete 
|  82|0x0000000747400000, 0x0000000747400000, 0x0000000747500000|  0%| F|  |TAMS 0x0000000747400000, 0x0000000747400000| Untracked 
|  83|0x0000000747500000, 0x0000000747600000, 0x0000000747600000|100%|HS|  |TAMS 0x0000000747600000, 0x0000000747600000| Complete 
|  84|0x0000000747600000, 0x0000000747700000, 0x0000000747700000|100%|HC|  |TAMS 0x0000000747700000, 0x0000000747700000| Complete 
|  85|0x0000000747700000, 0x0000000747800000, 0x0000000747800000|100%| O|  |TAMS 0x0000000747800000, 0x0000000747800000| Untracked 
|  86|0x0000000747800000, 0x0000000747900000, 0x0000000747900000|100%| O|  |TAMS 0x0000000747900000, 0x0000000747900000| Untracked 
|  87|0x0000000747900000, 0x0000000747a00000, 0x0000000747a00000|100%| O|  |TAMS 0x0000000747a00000, 0x0000000747a00000| Untracked 
|  88|0x0000000747a00000, 0x0000000747a37e00, 0x0000000747b00000| 21%| O|  |TAMS 0x0000000747a37e00, 0x0000000747a37e00| Untracked 
|  89|0x0000000747b00000, 0x0000000747c00000, 0x0000000747c00000|100%|HS|  |TAMS 0x0000000747c00000, 0x0000000747c00000| Complete 
|  90|0x0000000747c00000, 0x0000000747d00000, 0x0000000747d00000|100%|HC|  |TAMS 0x0000000747d00000, 0x0000000747d00000| Complete 
|  91|0x0000000747d00000, 0x0000000747e00000, 0x0000000747e00000|100%|HS|  |TAMS 0x0000000747e00000, 0x0000000747e00000| Complete 
|  92|0x0000000747e00000, 0x0000000747f00000, 0x0000000747f00000|100%|HC|  |TAMS 0x0000000747f00000, 0x0000000747f00000| Complete 
|  93|0x0000000747f00000, 0x0000000748000000, 0x0000000748000000|100%|HS|  |TAMS 0x0000000748000000, 0x0000000748000000| Complete 
|  94|0x0000000748000000, 0x0000000748100000, 0x0000000748100000|100%|HC|  |TAMS 0x0000000748100000, 0x0000000748100000| Complete 
|  95|0x0000000748100000, 0x0000000748200000, 0x0000000748200000|100%|HS|  |TAMS 0x0000000748200000, 0x0000000748200000| Complete 
|  96|0x0000000748200000, 0x0000000748300000, 0x0000000748300000|100%|HC|  |TAMS 0x0000000748300000, 0x0000000748300000| Complete 
|  97|0x0000000748300000, 0x0000000748400000, 0x0000000748400000|100%|HS|  |TAMS 0x0000000748400000, 0x0000000748400000| Complete 
|  98|0x0000000748400000, 0x0000000748500000, 0x0000000748500000|100%|HC|  |TAMS 0x0000000748500000, 0x0000000748500000| Complete 
|  99|0x0000000748500000, 0x0000000748600000, 0x0000000748600000|100%|HS|  |TAMS 0x0000000748600000, 0x0000000748600000| Complete 
| 100|0x0000000748600000, 0x0000000748700000, 0x0000000748700000|100%|HC|  |TAMS 0x0000000748700000, 0x0000000748700000| Complete 
| 101|0x0000000748700000, 0x0000000748800000, 0x0000000748800000|100%|HS|  |TAMS 0x0000000748800000, 0x0000000748800000| Complete 
| 102|0x0000000748800000, 0x0000000748900000, 0x0000000748900000|100%|HC|  |TAMS 0x0000000748900000, 0x0000000748900000| Complete 
| 103|0x0000000748900000, 0x0000000748a00000, 0x0000000748a00000|100%|HS|  |TAMS 0x0000000748a00000, 0x0000000748a00000| Complete 
| 104|0x0000000748a00000, 0x0000000748b00000, 0x0000000748b00000|100%|HC|  |TAMS 0x0000000748b00000, 0x0000000748b00000| Complete 
| 105|0x0000000748b00000, 0x0000000748c00000, 0x0000000748c00000|100%|HS|  |TAMS 0x0000000748c00000, 0x0000000748c00000| Complete 
| 106|0x0000000748c00000, 0x0000000748d00000, 0x0000000748d00000|100%|HC|  |TAMS 0x0000000748d00000, 0x0000000748d00000| Complete 
| 107|0x0000000748d00000, 0x0000000748e00000, 0x0000000748e00000|100%|HS|  |TAMS 0x0000000748e00000, 0x0000000748e00000| Complete 
| 108|0x0000000748e00000, 0x0000000748f00000, 0x0000000748f00000|100%|HC|  |TAMS 0x0000000748f00000, 0x0000000748f00000| Complete 
| 109|0x0000000748f00000, 0x0000000749000000, 0x0000000749000000|100%|HS|  |TAMS 0x0000000749000000, 0x0000000749000000| Complete 
| 110|0x0000000749000000, 0x0000000749100000, 0x0000000749100000|100%|HC|  |TAMS 0x0000000749100000, 0x0000000749100000| Complete 
| 111|0x0000000749100000, 0x0000000749200000, 0x0000000749200000|100%|HS|  |TAMS 0x0000000749200000, 0x0000000749200000| Complete 
| 112|0x0000000749200000, 0x0000000749300000, 0x0000000749300000|100%|HC|  |TAMS 0x0000000749300000, 0x0000000749300000| Complete 
| 113|0x0000000749300000, 0x0000000749400000, 0x0000000749400000|100%|HS|  |TAMS 0x0000000749400000, 0x0000000749400000| Complete 
| 114|0x0000000749400000, 0x0000000749500000, 0x0000000749500000|100%|HC|  |TAMS 0x0000000749500000, 0x0000000749500000| Complete 
| 115|0x0000000749500000, 0x0000000749600000, 0x0000000749600000|100%|HS|  |TAMS 0x0000000749600000, 0x0000000749600000| Complete 
| 116|0x0000000749600000, 0x0000000749700000, 0x0000000749700000|100%|HC|  |TAMS 0x0000000749700000, 0x0000000749700000| Complete 
| 117|0x0000000749700000, 0x0000000749800000, 0x0000000749800000|100%|HS|  |TAMS 0x0000000749800000, 0x0000000749800000| Complete 
| 118|0x0000000749800000, 0x0000000749900000, 0x0000000749900000|100%|HC|  |TAMS 0x0000000749900000, 0x0000000749900000| Complete 
| 119|0x0000000749900000, 0x0000000749a00000, 0x0000000749a00000|100%|HS|  |TAMS 0x0000000749a00000, 0x0000000749a00000| Complete 
| 120|0x0000000749a00000, 0x0000000749b00000, 0x0000000749b00000|100%|HC|  |TAMS 0x0000000749b00000, 0x0000000749b00000| Complete 
| 121|0x0000000749b00000, 0x0000000749c00000, 0x0000000749c00000|100%|HS|  |TAMS 0x0000000749c00000, 0x0000000749c00000| Complete 
| 122|0x0000000749c00000, 0x0000000749d00000, 0x0000000749d00000|100%|HC|  |TAMS 0x0000000749d00000, 0x0000000749d00000| Complete 
| 123|0x0000000749d00000, 0x0000000749e00000, 0x0000000749e00000|100%|HS|  |TAMS 0x0000000749e00000, 0x0000000749e00000| Complete 
| 124|0x0000000749e00000, 0x0000000749f00000, 0x0000000749f00000|100%|HC|  |TAMS 0x0000000749f00000, 0x0000000749f00000| Complete 
| 125|0x0000000749f00000, 0x000000074a000000, 0x000000074a000000|100%|HS|  |TAMS 0x000000074a000000, 0x000000074a000000| Complete 
| 126|0x000000074a000000, 0x000000074a100000, 0x000000074a100000|100%|HC|  |TAMS 0x000000074a100000, 0x000000074a100000| Complete 
| 127|0x000000074a100000, 0x000000074a200000, 0x000000074a200000|100%|HS|  |TAMS 0x000000074a200000, 0x000000074a200000| Complete 
| 128|0x000000074a200000, 0x000000074a300000, 0x000000074a300000|100%|HC|  |TAMS 0x000000074a300000, 0x000000074a300000| Complete 
| 129|0x000000074a300000, 0x000000074a400000, 0x000000074a400000|100%|HS|  |TAMS 0x000000074a400000, 0x000000074a400000| Complete 
| 130|0x000000074a400000, 0x000000074a500000, 0x000000074a500000|100%|HC|  |TAMS 0x000000074a500000, 0x000000074a500000| Complete 
| 131|0x000000074a500000, 0x000000074a600000, 0x000000074a600000|100%|HS|  |TAMS 0x000000074a600000, 0x000000074a600000| Complete 
| 132|0x000000074a600000, 0x000000074a700000, 0x000000074a700000|100%|HC|  |TAMS 0x000000074a700000, 0x000000074a700000| Complete 
| 133|0x000000074a700000, 0x000000074a800000, 0x000000074a800000|100%|HS|  |TAMS 0x000000074a800000, 0x000000074a800000| Complete 
| 134|0x000000074a800000, 0x000000074a900000, 0x000000074a900000|100%|HC|  |TAMS 0x000000074a900000, 0x000000074a900000| Complete 
| 135|0x000000074a900000, 0x000000074aa00000, 0x000000074aa00000|100%|HS|  |TAMS 0x000000074aa00000, 0x000000074aa00000| Complete 
| 136|0x000000074aa00000, 0x000000074ab00000, 0x000000074ab00000|100%|HC|  |TAMS 0x000000074ab00000, 0x000000074ab00000| Complete 
| 137|0x000000074ab00000, 0x000000074ac00000, 0x000000074ac00000|100%|HS|  |TAMS 0x000000074ac00000, 0x000000074ac00000| Complete 
| 138|0x000000074ac00000, 0x000000074ad00000, 0x000000074ad00000|100%|HC|  |TAMS 0x000000074ad00000, 0x000000074ad00000| Complete 
| 139|0x000000074ad00000, 0x000000074ae00000, 0x000000074ae00000|100%|HS|  |TAMS 0x000000074ae00000, 0x000000074ae00000| Complete 
| 140|0x000000074ae00000, 0x000000074af00000, 0x000000074af00000|100%|HC|  |TAMS 0x000000074af00000, 0x000000074af00000| Complete 
| 141|0x000000074af00000, 0x000000074b000000, 0x000000074b000000|100%|HS|  |TAMS 0x000000074b000000, 0x000000074b000000| Complete 
| 142|0x000000074b000000, 0x000000074b100000, 0x000000074b100000|100%|HC|  |TAMS 0x000000074b100000, 0x000000074b100000| Complete 
| 143|0x000000074b100000, 0x000000074b200000, 0x000000074b200000|100%|HS|  |TAMS 0x000000074b200000, 0x000000074b200000| Complete 
| 144|0x000000074b200000, 0x000000074b300000, 0x000000074b300000|100%|HC|  |TAMS 0x000000074b300000, 0x000000074b300000| Complete 
| 145|0x000000074b300000, 0x000000074b400000, 0x000000074b400000|100%|HS|  |TAMS 0x000000074b300000, 0x000000074b400000| Complete 
| 146|0x000000074b400000, 0x000000074b500000, 0x000000074b500000|100%|HC|  |TAMS 0x000000074b400000, 0x000000074b500000| Complete 
| 147|0x000000074b500000, 0x000000074b600000, 0x000000074b600000|100%|HS|  |TAMS 0x000000074b500000, 0x000000074b600000| Complete 
| 148|0x000000074b600000, 0x000000074b700000, 0x000000074b700000|100%|HC|  |TAMS 0x000000074b600000, 0x000000074b700000| Complete 
| 149|0x000000074b700000, 0x000000074b700000, 0x000000074b800000|  0%| F|  |TAMS 0x000000074b700000, 0x000000074b700000| Untracked 
| 150|0x000000074b800000, 0x000000074b800000, 0x000000074b900000|  0%| F|  |TAMS 0x000000074b800000, 0x000000074b800000| Untracked 
| 151|0x000000074b900000, 0x000000074b900000, 0x000000074ba00000|  0%| F|  |TAMS 0x000000074b900000, 0x000000074b900000| Untracked 
| 152|0x000000074ba00000, 0x000000074ba00000, 0x000000074bb00000|  0%| F|  |TAMS 0x000000074ba00000, 0x000000074ba00000| Untracked 
| 153|0x000000074bb00000, 0x000000074bb00000, 0x000000074bc00000|  0%| F|  |TAMS 0x000000074bb00000, 0x000000074bb00000| Untracked 
| 154|0x000000074bc00000, 0x000000074bc00000, 0x000000074bd00000|  0%| F|  |TAMS 0x000000074bc00000, 0x000000074bc00000| Untracked 
| 155|0x000000074bd00000, 0x000000074bd00000, 0x000000074be00000|  0%| F|  |TAMS 0x000000074bd00000, 0x000000074bd00000| Untracked 
| 156|0x000000074be00000, 0x000000074be00000, 0x000000074bf00000|  0%| F|  |TAMS 0x000000074be00000, 0x000000074be00000| Untracked 
| 157|0x000000074bf00000, 0x000000074bf00000, 0x000000074c000000|  0%| F|  |TAMS 0x000000074bf00000, 0x000000074bf00000| Untracked 
| 158|0x000000074c000000, 0x000000074c000000, 0x000000074c100000|  0%| F|  |TAMS 0x000000074c000000, 0x000000074c000000| Untracked 
| 159|0x000000074c100000, 0x000000074c100000, 0x000000074c200000|  0%| F|  |TAMS 0x000000074c100000, 0x000000074c100000| Untracked 
| 160|0x000000074c200000, 0x000000074c200000, 0x000000074c300000|  0%| F|  |TAMS 0x000000074c200000, 0x000000074c200000| Untracked 
| 161|0x000000074c300000, 0x000000074c300000, 0x000000074c400000|  0%| F|  |TAMS 0x000000074c300000, 0x000000074c300000| Untracked 
| 162|0x000000074c400000, 0x000000074c400000, 0x000000074c500000|  0%| F|  |TAMS 0x000000074c400000, 0x000000074c400000| Untracked 
| 163|0x000000074c500000, 0x000000074c500000, 0x000000074c600000|  0%| F|  |TAMS 0x000000074c500000, 0x000000074c500000| Untracked 
| 164|0x000000074c600000, 0x000000074c600000, 0x000000074c700000|  0%| F|  |TAMS 0x000000074c600000, 0x000000074c600000| Untracked 
| 165|0x000000074c700000, 0x000000074c700000, 0x000000074c800000|  0%| F|  |TAMS 0x000000074c700000, 0x000000074c700000| Untracked 
| 166|0x000000074c800000, 0x000000074c800000, 0x000000074c900000|  0%| F|  |TAMS 0x000000074c800000, 0x000000074c800000| Untracked 
| 167|0x000000074c900000, 0x000000074c900000, 0x000000074ca00000|  0%| F|  |TAMS 0x000000074c900000, 0x000000074c900000| Untracked 
| 168|0x000000074ca00000, 0x000000074ca00000, 0x000000074cb00000|  0%| F|  |TAMS 0x000000074ca00000, 0x000000074ca00000| Untracked 
| 169|0x000000074cb00000, 0x000000074cb00000, 0x000000074cc00000|  0%| F|  |TAMS 0x000000074cb00000, 0x000000074cb00000| Untracked 
| 170|0x000000074cc00000, 0x000000074cc00000, 0x000000074cd00000|  0%| F|  |TAMS 0x000000074cc00000, 0x000000074cc00000| Untracked 
| 171|0x000000074cd00000, 0x000000074cd00000, 0x000000074ce00000|  0%| F|  |TAMS 0x000000074cd00000, 0x000000074cd00000| Untracked 
| 172|0x000000074ce00000, 0x000000074ce00000, 0x000000074cf00000|  0%| F|  |TAMS 0x000000074ce00000, 0x000000074ce00000| Untracked 
| 173|0x000000074cf00000, 0x000000074cf00000, 0x000000074d000000|  0%| F|  |TAMS 0x000000074cf00000, 0x000000074cf00000| Untracked 
| 174|0x000000074d000000, 0x000000074d000000, 0x000000074d100000|  0%| F|  |TAMS 0x000000074d000000, 0x000000074d000000| Untracked 
| 175|0x000000074d100000, 0x000000074d100000, 0x000000074d200000|  0%| F|  |TAMS 0x000000074d100000, 0x000000074d100000| Untracked 
| 176|0x000000074d200000, 0x000000074d200000, 0x000000074d300000|  0%| F|  |TAMS 0x000000074d200000, 0x000000074d200000| Untracked 
| 177|0x000000074d300000, 0x000000074d300000, 0x000000074d400000|  0%| F|  |TAMS 0x000000074d300000, 0x000000074d300000| Untracked 
| 178|0x000000074d400000, 0x000000074d400000, 0x000000074d500000|  0%| F|  |TAMS 0x000000074d400000, 0x000000074d400000| Untracked 
| 179|0x000000074d500000, 0x000000074d500000, 0x000000074d600000|  0%| F|  |TAMS 0x000000074d500000, 0x000000074d500000| Untracked 
| 180|0x000000074d600000, 0x000000074d600000, 0x000000074d700000|  0%| F|  |TAMS 0x000000074d600000, 0x000000074d600000| Untracked 
| 181|0x000000074d700000, 0x000000074d700000, 0x000000074d800000|  0%| F|  |TAMS 0x000000074d700000, 0x000000074d700000| Untracked 
| 182|0x000000074d800000, 0x000000074d800000, 0x000000074d900000|  0%| F|  |TAMS 0x000000074d800000, 0x000000074d800000| Untracked 
| 183|0x000000074d900000, 0x000000074d900000, 0x000000074da00000|  0%| F|  |TAMS 0x000000074d900000, 0x000000074d900000| Untracked 
| 184|0x000000074da00000, 0x000000074da00000, 0x000000074db00000|  0%| F|  |TAMS 0x000000074da00000, 0x000000074da00000| Untracked 
| 185|0x000000074db00000, 0x000000074db00000, 0x000000074dc00000|  0%| F|  |TAMS 0x000000074db00000, 0x000000074db00000| Untracked 
| 186|0x000000074dc00000, 0x000000074dc00000, 0x000000074dd00000|  0%| F|  |TAMS 0x000000074dc00000, 0x000000074dc00000| Untracked 
| 187|0x000000074dd00000, 0x000000074dd00000, 0x000000074de00000|  0%| F|  |TAMS 0x000000074dd00000, 0x000000074dd00000| Untracked 
| 188|0x000000074de00000, 0x000000074de00000, 0x000000074df00000|  0%| F|  |TAMS 0x000000074de00000, 0x000000074de00000| Untracked 
| 189|0x000000074df00000, 0x000000074df00000, 0x000000074e000000|  0%| F|  |TAMS 0x000000074df00000, 0x000000074df00000| Untracked 
| 190|0x000000074e000000, 0x000000074e000000, 0x000000074e100000|  0%| F|  |TAMS 0x000000074e000000, 0x000000074e000000| Untracked 
| 191|0x000000074e100000, 0x000000074e100000, 0x000000074e200000|  0%| F|  |TAMS 0x000000074e100000, 0x000000074e100000| Untracked 
| 192|0x000000074e200000, 0x000000074e200000, 0x000000074e300000|  0%| F|  |TAMS 0x000000074e200000, 0x000000074e200000| Untracked 
| 193|0x000000074e300000, 0x000000074e300000, 0x000000074e400000|  0%| F|  |TAMS 0x000000074e300000, 0x000000074e300000| Untracked 
| 194|0x000000074e400000, 0x000000074e400000, 0x000000074e500000|  0%| F|  |TAMS 0x000000074e400000, 0x000000074e400000| Untracked 
| 195|0x000000074e500000, 0x000000074e500000, 0x000000074e600000|  0%| F|  |TAMS 0x000000074e500000, 0x000000074e500000| Untracked 
| 196|0x000000074e600000, 0x000000074e600000, 0x000000074e700000|  0%| F|  |TAMS 0x000000074e600000, 0x000000074e600000| Untracked 
| 197|0x000000074e700000, 0x000000074e700000, 0x000000074e800000|  0%| F|  |TAMS 0x000000074e700000, 0x000000074e700000| Untracked 
| 198|0x000000074e800000, 0x000000074e800000, 0x000000074e900000|  0%| F|  |TAMS 0x000000074e800000, 0x000000074e800000| Untracked 
| 199|0x000000074e900000, 0x000000074e900000, 0x000000074ea00000|  0%| F|  |TAMS 0x000000074e900000, 0x000000074e900000| Untracked 
| 200|0x000000074ea00000, 0x000000074ea00000, 0x000000074eb00000|  0%| F|  |TAMS 0x000000074ea00000, 0x000000074ea00000| Untracked 
| 201|0x000000074eb00000, 0x000000074eb00000, 0x000000074ec00000|  0%| F|  |TAMS 0x000000074eb00000, 0x000000074eb00000| Untracked 
| 202|0x000000074ec00000, 0x000000074ec00000, 0x000000074ed00000|  0%| F|  |TAMS 0x000000074ec00000, 0x000000074ec00000| Untracked 
| 203|0x000000074ed00000, 0x000000074ed00000, 0x000000074ee00000|  0%| F|  |TAMS 0x000000074ed00000, 0x000000074ed00000| Untracked 
| 204|0x000000074ee00000, 0x000000074ee00000, 0x000000074ef00000|  0%| F|  |TAMS 0x000000074ee00000, 0x000000074ee00000| Untracked 
| 205|0x000000074ef00000, 0x000000074ef00000, 0x000000074f000000|  0%| F|  |TAMS 0x000000074ef00000, 0x000000074ef00000| Untracked 
| 206|0x000000074f000000, 0x000000074f000000, 0x000000074f100000|  0%| F|  |TAMS 0x000000074f000000, 0x000000074f000000| Untracked 
| 207|0x000000074f100000, 0x000000074f100000, 0x000000074f200000|  0%| F|  |TAMS 0x000000074f100000, 0x000000074f100000| Untracked 
| 208|0x000000074f200000, 0x000000074f200000, 0x000000074f300000|  0%| F|  |TAMS 0x000000074f200000, 0x000000074f200000| Untracked 
| 209|0x000000074f300000, 0x000000074f300000, 0x000000074f400000|  0%| F|  |TAMS 0x000000074f300000, 0x000000074f300000| Untracked 
| 210|0x000000074f400000, 0x000000074f400000, 0x000000074f500000|  0%| F|  |TAMS 0x000000074f400000, 0x000000074f400000| Untracked 
| 211|0x000000074f500000, 0x000000074f500000, 0x000000074f600000|  0%| F|  |TAMS 0x000000074f500000, 0x000000074f500000| Untracked 
| 212|0x000000074f600000, 0x000000074f600000, 0x000000074f700000|  0%| F|  |TAMS 0x000000074f600000, 0x000000074f600000| Untracked 
| 213|0x000000074f700000, 0x000000074f700000, 0x000000074f800000|  0%| F|  |TAMS 0x000000074f700000, 0x000000074f700000| Untracked 
| 214|0x000000074f800000, 0x000000074f800000, 0x000000074f900000|  0%| F|  |TAMS 0x000000074f800000, 0x000000074f800000| Untracked 
| 215|0x000000074f900000, 0x000000074f900000, 0x000000074fa00000|  0%| F|  |TAMS 0x000000074f900000, 0x000000074f900000| Untracked 
| 216|0x000000074fa00000, 0x000000074fa00000, 0x000000074fb00000|  0%| F|  |TAMS 0x000000074fa00000, 0x000000074fa00000| Untracked 
| 217|0x000000074fb00000, 0x000000074fb00000, 0x000000074fc00000|  0%| F|  |TAMS 0x000000074fb00000, 0x000000074fb00000| Untracked 
| 218|0x000000074fc00000, 0x000000074fc00000, 0x000000074fd00000|  0%| F|  |TAMS 0x000000074fc00000, 0x000000074fc00000| Untracked 
| 219|0x000000074fd00000, 0x000000074fd00000, 0x000000074fe00000|  0%| F|  |TAMS 0x000000074fd00000, 0x000000074fd00000| Untracked 
| 220|0x000000074fe00000, 0x000000074fe00000, 0x000000074ff00000|  0%| F|  |TAMS 0x000000074fe00000, 0x000000074fe00000| Untracked 
| 221|0x000000074ff00000, 0x000000074ff39840, 0x0000000750000000| 22%| S|CS|TAMS 0x000000074ff00000, 0x000000074ff00000| Complete 
| 222|0x0000000750000000, 0x0000000750100000, 0x0000000750100000|100%| S|CS|TAMS 0x0000000750000000, 0x0000000750000000| Complete 
| 223|0x0000000750100000, 0x0000000750200000, 0x0000000750200000|100%| S|CS|TAMS 0x0000000750100000, 0x0000000750100000| Complete 
| 224|0x0000000750200000, 0x0000000750200000, 0x0000000750300000|  0%| F|  |TAMS 0x0000000750200000, 0x0000000750200000| Untracked 
| 225|0x0000000750300000, 0x0000000750300000, 0x0000000750400000|  0%| F|  |TAMS 0x0000000750300000, 0x0000000750300000| Untracked 
| 226|0x0000000750400000, 0x0000000750400000, 0x0000000750500000|  0%| F|  |TAMS 0x0000000750400000, 0x0000000750400000| Untracked 
| 227|0x0000000750500000, 0x0000000750500000, 0x0000000750600000|  0%| F|  |TAMS 0x0000000750500000, 0x0000000750500000| Untracked 

Card table byte_map: [0x0000018132750000,0x0000018132d40000] _byte_map_base: 0x000001812ed3f000

Marking Bits (Prev, Next): (CMBitMap*) 0x0000018118798dd8, (CMBitMap*) 0x0000018118798e18
 Prev Bits: [0x0000018133330000, 0x00000181362a8000)
 Next Bits: [0x00000181362b0000, 0x0000018139228000)

Polling page: 0x0000018118530000

Metaspace:

Usage:
  Non-class:      9.43 MB capacity,     7.59 MB ( 80%) used,     1.81 MB ( 19%) free+waste,    32.44 KB ( <1%) overhead. 
      Class:      1.51 MB capacity,     1.22 MB ( 81%) used,   277.29 KB ( 18%) free+waste,    18.44 KB (  1%) overhead. 
       Both:     10.95 MB capacity,     8.81 MB ( 81%) used,     2.08 MB ( 19%) free+waste,    50.88 KB ( <1%) overhead. 

Virtual space:
  Non-class space:       10.00 MB reserved,       9.50 MB ( 95%) committed 
      Class space:        1.00 GB reserved,       1.63 MB ( <1%) committed 
             Both:        1.01 GB reserved,      11.13 MB (  1%) committed 

Chunk freelists:
   Non-Class:  4.00 KB
       Class:  18.00 KB
        Both:  22.00 KB

MaxMetaspaceSize: 17179869184.00 GB
CompressedClassSpaceSize: 1.00 GB

CodeHeap 'non-profiled nmethods': size=120000Kb used=595Kb max_used=595Kb free=119404Kb
 bounds [0x000001812a1d0000, 0x000001812a440000, 0x0000018131700000]
CodeHeap 'profiled nmethods': size=120000Kb used=2225Kb max_used=2225Kb free=117774Kb
 bounds [0x0000018122ca0000, 0x0000018122f10000, 0x000001812a1d0000]
CodeHeap 'non-nmethods': size=5760Kb used=1295Kb max_used=1376Kb free=4464Kb
 bounds [0x0000018122700000, 0x0000018122970000, 0x0000018122ca0000]
 total_blobs=2458 nmethods=1278 adapters=497
 compilation: enabled
              stopped_count=0, restarted_count=0
 full_count=0

Compilation events (20 events):
Event: 0.906 Thread 0x000001813c5b7000 nmethod 1268% 0x000001812a241c10 code [0x000001812a241f40, 0x000001812a243298]
Event: 0.906 Thread 0x000001813c5b7000 1273       4       com.sun.javafx.iio.gif.GIFImageLoader2::decodeImage (161 bytes)
Event: 0.955 Thread 0x000001813c5b7000 nmethod 1273 0x000001812a243c10 code [0x000001812a243e80, 0x000001812a245408]
Event: 0.955 Thread 0x000001813c5b7000 1274       4       com.sun.javafx.iio.gif.GIFImageLoader2::decodePalette (290 bytes)
Event: 0.961 Thread 0x000001813c5ca800 1275       3       java.util.HashSet::isEmpty (8 bytes)
Event: 0.962 Thread 0x000001813c5ca800 nmethod 1275 0x0000018122ecb610 code [0x0000018122ecb7c0, 0x0000018122ecba38]
Event: 0.972 Thread 0x000001813c5b7000 nmethod 1274 0x000001812a245a90 code [0x000001812a245d40, 0x000001812a246e18]
Event: 0.972 Thread 0x000001813c5b7000 1249       4       com.sun.javafx.iio.gif.GIFImageLoader2$LZWDecoder::nextByte (36 bytes)
Event: 1.006 Thread 0x000001813c81d000 nmethod 1063 0x000001812a247410 code [0x000001812a2487e0, 0x000001812a259228]
Event: 1.007 Thread 0x000001813c81d000 1260 %     4       com.sun.javafx.iio.gif.GIFImageLoader2$LZWDecoder::initTable @ 52 (114 bytes)
Event: 1.011 Thread 0x000001813c5b7000 nmethod 1249 0x000001812a25e790 code [0x000001812a25ec00, 0x000001812a2612c8]
Event: 1.015 Thread 0x000001813c81d000 nmethod 1260% 0x000001812a262510 code [0x000001812a2626e0, 0x000001812a262a78]
Event: 1.016 Thread 0x000001813c81d000 1276       4       com.sun.javafx.iio.gif.GIFImageLoader2$LZWDecoder::initTable (114 bytes)
Event: 1.035 Thread 0x000001813c81d000 nmethod 1276 0x000001812a262b90 code [0x000001812a262d60, 0x000001812a263418]
Event: 1.104 Thread 0x000001813c81d000 1277       4       java.io.BufferedInputStream::read1 (108 bytes)
Event: 1.109 Thread 0x000001813c5ca800 1278       3       com.sun.javafx.iio.gif.GIFImageLoader2::readShort (17 bytes)
Event: 1.110 Thread 0x000001813c5ca800 nmethod 1278 0x0000018122ecbb10 code [0x0000018122ecbd00, 0x0000018122ecc2b8]
Event: 1.114 Thread 0x000001813c81d000 nmethod 1277 0x000001812a263590 code [0x000001812a2637c0, 0x000001812a264088]
Event: 1.131 Thread 0x000001813c81d000 1279  s    4       java.io.BufferedInputStream::read (113 bytes)
Event: 1.135 Thread 0x000001813c81d000 nmethod 1279 0x000001812a264490 code [0x000001812a2646a0, 0x000001812a264c98]

GC Heap History (20 events):
Event: 1.048 GC heap after
{Heap after GC invocations=6 (full 0):
 garbage-first heap   total 194560K, used 86458K [0x0000000742200000, 0x0000000800000000)
  region size 1024K, 3 young (3072K), 3 survivors (3072K)
 Metaspace       used 9025K, capacity 11210K, committed 11392K, reserved 1058816K
  class space    used 1254K, capacity 1550K, committed 1664K, reserved 1048576K
}
Event: 1.055 GC heap before
{Heap before GC invocations=7 (full 0):
 garbage-first heap   total 194560K, used 91578K [0x0000000742200000, 0x0000000800000000)
  region size 1024K, 4 young (4096K), 3 survivors (3072K)
 Metaspace       used 9025K, capacity 11210K, committed 11392K, reserved 1058816K
  class space    used 1254K, capacity 1550K, committed 1664K, reserved 1048576K
}
Event: 1.057 GC heap after
{Heap after GC invocations=8 (full 0):
 garbage-first heap   total 194560K, used 89822K [0x0000000742200000, 0x0000000800000000)
  region size 1024K, 3 young (3072K), 3 survivors (3072K)
 Metaspace       used 9025K, capacity 11210K, committed 11392K, reserved 1058816K
  class space    used 1254K, capacity 1550K, committed 1664K, reserved 1048576K
}
Event: 1.064 GC heap before
{Heap before GC invocations=9 (full 0):
 garbage-first heap   total 194560K, used 95966K [0x0000000742200000, 0x0000000800000000)
  region size 1024K, 4 young (4096K), 3 survivors (3072K)
 Metaspace       used 9025K, capacity 11210K, committed 11392K, reserved 1058816K
  class space    used 1254K, capacity 1550K, committed 1664K, reserved 1048576K
}
Event: 1.065 GC heap after
{Heap after GC invocations=10 (full 0):
 garbage-first heap   total 194560K, used 93660K [0x0000000742200000, 0x0000000800000000)
  region size 1024K, 3 young (3072K), 3 survivors (3072K)
 Metaspace       used 9025K, capacity 11210K, committed 11392K, reserved 1058816K
  class space    used 1254K, capacity 1550K, committed 1664K, reserved 1048576K
}
Event: 1.074 GC heap before
{Heap before GC invocations=11 (full 0):
 garbage-first heap   total 194560K, used 99804K [0x0000000742200000, 0x0000000800000000)
  region size 1024K, 4 young (4096K), 3 survivors (3072K)
 Metaspace       used 9025K, capacity 11210K, committed 11392K, reserved 1058816K
  class space    used 1254K, capacity 1550K, committed 1664K, reserved 1048576K
}
Event: 1.075 GC heap after
{Heap after GC invocations=12 (full 0):
 garbage-first heap   total 194560K, used 97726K [0x0000000742200000, 0x0000000800000000)
  region size 1024K, 3 young (3072K), 3 survivors (3072K)
 Metaspace       used 9025K, capacity 11210K, committed 11392K, reserved 1058816K
  class space    used 1254K, capacity 1550K, committed 1664K, reserved 1048576K
}
Event: 1.083 GC heap before
{Heap before GC invocations=13 (full 0):
 garbage-first heap   total 194560K, used 103870K [0x0000000742200000, 0x0000000800000000)
  region size 1024K, 4 young (4096K), 3 survivors (3072K)
 Metaspace       used 9025K, capacity 11210K, committed 11392K, reserved 1058816K
  class space    used 1254K, capacity 1550K, committed 1664K, reserved 1048576K
}
Event: 1.085 GC heap after
{Heap after GC invocations=14 (full 0):
 garbage-first heap   total 194560K, used 101884K [0x0000000742200000, 0x0000000800000000)
  region size 1024K, 3 young (3072K), 3 survivors (3072K)
 Metaspace       used 9025K, capacity 11210K, committed 11392K, reserved 1058816K
  class space    used 1254K, capacity 1550K, committed 1664K, reserved 1048576K
}
Event: 1.094 GC heap before
{Heap before GC invocations=15 (full 0):
 garbage-first heap   total 194560K, used 108028K [0x0000000742200000, 0x0000000800000000)
  region size 1024K, 4 young (4096K), 3 survivors (3072K)
 Metaspace       used 9025K, capacity 11210K, committed 11392K, reserved 1058816K
  class space    used 1254K, capacity 1550K, committed 1664K, reserved 1048576K
}
Event: 1.096 GC heap after
{Heap after GC invocations=16 (full 0):
 garbage-first heap   total 194560K, used 105982K [0x0000000742200000, 0x0000000800000000)
  region size 1024K, 3 young (3072K), 3 survivors (3072K)
 Metaspace       used 9025K, capacity 11210K, committed 11392K, reserved 1058816K
  class space    used 1254K, capacity 1550K, committed 1664K, reserved 1048576K
}
Event: 1.105 GC heap before
{Heap before GC invocations=17 (full 0):
 garbage-first heap   total 194560K, used 112126K [0x0000000742200000, 0x0000000800000000)
  region size 1024K, 4 young (4096K), 3 survivors (3072K)
 Metaspace       used 9025K, capacity 11210K, committed 11392K, reserved 1058816K
  class space    used 1254K, capacity 1550K, committed 1664K, reserved 1048576K
}
Event: 1.107 GC heap after
{Heap after GC invocations=18 (full 0):
 garbage-first heap   total 233472K, used 110021K [0x0000000742200000, 0x0000000800000000)
  region size 1024K, 3 young (3072K), 3 survivors (3072K)
 Metaspace       used 9025K, capacity 11210K, committed 11392K, reserved 1058816K
  class space    used 1254K, capacity 1550K, committed 1664K, reserved 1048576K
}
Event: 1.116 GC heap before
{Heap before GC invocations=19 (full 0):
 garbage-first heap   total 233472K, used 116165K [0x0000000742200000, 0x0000000800000000)
  region size 1024K, 4 young (4096K), 3 survivors (3072K)
 Metaspace       used 9025K, capacity 11210K, committed 11392K, reserved 1058816K
  class space    used 1254K, capacity 1550K, committed 1664K, reserved 1048576K
}
Event: 1.119 GC heap after
{Heap after GC invocations=20 (full 0):
 garbage-first heap   total 233472K, used 114232K [0x0000000742200000, 0x0000000800000000)
  region size 1024K, 3 young (3072K), 3 survivors (3072K)
 Metaspace       used 9025K, capacity 11210K, committed 11392K, reserved 1058816K
  class space    used 1254K, capacity 1550K, committed 1664K, reserved 1048576K
}
Event: 1.126 GC heap before
{Heap before GC invocations=21 (full 0):
 garbage-first heap   total 233472K, used 120376K [0x0000000742200000, 0x0000000800000000)
  region size 1024K, 4 young (4096K), 3 survivors (3072K)
 Metaspace       used 9025K, capacity 11210K, committed 11392K, reserved 1058816K
  class space    used 1254K, capacity 1550K, committed 1664K, reserved 1048576K
}
Event: 1.128 GC heap after
{Heap after GC invocations=22 (full 0):
 garbage-first heap   total 233472K, used 118213K [0x0000000742200000, 0x0000000800000000)
  region size 1024K, 3 young (3072K), 3 survivors (3072K)
 Metaspace       used 9025K, capacity 11210K, committed 11392K, reserved 1058816K
  class space    used 1254K, capacity 1550K, committed 1664K, reserved 1048576K
}
Event: 1.136 GC heap before
{Heap before GC invocations=23 (full 0):
 garbage-first heap   total 233472K, used 124357K [0x0000000742200000, 0x0000000800000000)
  region size 1024K, 4 young (4096K), 3 survivors (3072K)
 Metaspace       used 9025K, capacity 11210K, committed 11392K, reserved 1058816K
  class space    used 1254K, capacity 1550K, committed 1664K, reserved 1048576K
}
Event: 1.137 GC heap after
{Heap after GC invocations=24 (full 0):
 garbage-first heap   total 233472K, used 122367K [0x0000000742200000, 0x0000000800000000)
  region size 1024K, 3 young (3072K), 3 survivors (3072K)
 Metaspace       used 9025K, capacity 11210K, committed 11392K, reserved 1058816K
  class space    used 1254K, capacity 1550K, committed 1664K, reserved 1048576K
}
Event: 1.145 GC heap before
{Heap before GC invocations=25 (full 0):
 garbage-first heap   total 233472K, used 128511K [0x0000000742200000, 0x0000000800000000)
  region size 1024K, 4 young (4096K), 3 survivors (3072K)
 Metaspace       used 9025K, capacity 11210K, committed 11392K, reserved 1058816K
  class space    used 1254K, capacity 1550K, committed 1664K, reserved 1048576K
}

Deoptimization events (20 events):
Event: 0.939 Thread 0x000001813c6f1800 DEOPT PACKING pc=0x0000018122ec4d15 sp=0x0000000484efdb60
Event: 0.939 Thread 0x000001813c6f1800 DEOPT UNPACKING pc=0x000001812274964e sp=0x0000000484efd090 mode 0
Event: 0.940 Thread 0x000001813c6f1800 DEOPT PACKING pc=0x0000018122ebe92d sp=0x0000000484efdaf0
Event: 0.940 Thread 0x000001813c6f1800 DEOPT UNPACKING pc=0x000001812274964e sp=0x0000000484efd068 mode 0
Event: 0.944 Thread 0x000001813c6f1800 DEOPT PACKING pc=0x0000018122ec4d15 sp=0x0000000484efdb60
Event: 0.944 Thread 0x000001813c6f1800 DEOPT UNPACKING pc=0x000001812274964e sp=0x0000000484efd090 mode 0
Event: 0.945 Thread 0x000001813c6f1800 DEOPT PACKING pc=0x0000018122ebe92d sp=0x0000000484efdaf0
Event: 0.945 Thread 0x000001813c6f1800 DEOPT UNPACKING pc=0x000001812274964e sp=0x0000000484efd068 mode 0
Event: 0.950 Thread 0x000001813c6f1800 DEOPT PACKING pc=0x0000018122ec4d36 sp=0x0000000484efdb60
Event: 0.950 Thread 0x000001813c6f1800 DEOPT UNPACKING pc=0x000001812274964e sp=0x0000000484efd090 mode 0
Event: 0.952 Thread 0x000001813c6f1800 DEOPT PACKING pc=0x0000018122ebe92d sp=0x0000000484efdaf0
Event: 0.952 Thread 0x000001813c6f1800 DEOPT UNPACKING pc=0x000001812274964e sp=0x0000000484efd068 mode 0
Event: 0.958 Thread 0x000001813c6f1800 DEOPT PACKING pc=0x0000018122ebe92d sp=0x0000000484efdaf0
Event: 0.958 Thread 0x000001813c6f1800 DEOPT UNPACKING pc=0x000001812274964e sp=0x0000000484efd068 mode 0
Event: 0.963 Thread 0x000001813c6f1800 DEOPT PACKING pc=0x0000018122ebe92d sp=0x0000000484efdaf0
Event: 0.963 Thread 0x000001813c6f1800 DEOPT UNPACKING pc=0x000001812274964e sp=0x0000000484efd068 mode 0
Event: 0.967 Thread 0x000001813c6f1800 DEOPT PACKING pc=0x0000018122ebe92d sp=0x0000000484efdaf0
Event: 0.967 Thread 0x000001813c6f1800 DEOPT UNPACKING pc=0x000001812274964e sp=0x0000000484efd068 mode 0
Event: 0.971 Thread 0x000001813c6f1800 DEOPT PACKING pc=0x0000018122ebe92d sp=0x0000000484efdaf0
Event: 0.971 Thread 0x000001813c6f1800 DEOPT UNPACKING pc=0x000001812274964e sp=0x0000000484efd068 mode 0

Classes unloaded (0 events):
No events

Classes redefined (0 events):
No events

Internal exceptions (20 events):
Event: 0.078 Thread 0x0000018118743000 Exception <a 'sun/nio/fs/WindowsException'{0x000000074dfd7da0}> (0x000000074dfd7da0) 
thrown [./open/src/hotspot/share/prims/jni.cpp, line 599]
Event: 0.078 Thread 0x0000018118743000 Exception <a 'sun/nio/fs/WindowsException'{0x000000074dfd8250}> (0x000000074dfd8250) 
thrown [./open/src/hotspot/share/prims/jni.cpp, line 599]
Event: 0.086 Thread 0x0000018118743000 Exception <a 'java/lang/NoSuchMethodError'{0x000000074de06db8}: 'int java.lang.invoke.DirectMethodHandle$Holder.invokeSpecialIFC(java.lang.Object, java.lang.Object, int)'> (0x000000074de06db8) 
thrown [./open/src/hotspot/share/interpreter/linkResolver.cpp, line 766]
Event: 0.147 Thread 0x0000018118743000 Exception <a 'java/lang/NoSuchMethodError'{0x000000074dae5000}: 'void java.lang.invoke.DirectMethodHandle$Holder.invokeSpecial(java.lang.Object, java.lang.Object, java.lang.Object, java.lang.Object, java.lang.Object)'> (0x000000074dae5000) 
thrown [./open/src/hotspot/share/interpreter/linkResolver.cpp, line 766]
Event: 0.150 Thread 0x0000018118743000 Exception <a 'java/lang/IncompatibleClassChangeError'{0x000000074daf9288}: Found class java.lang.Object, but interface was expected> (0x000000074daf9288) 
thrown [./open/src/hotspot/share/interpreter/linkResolver.cpp, line 832]
Event: 0.150 Thread 0x0000018118743000 Exception <a 'java/lang/NoSuchMethodError'{0x000000074dafbc80}: 'void java.lang.invoke.DirectMethodHandle$Holder.invokeStatic(java.lang.Object, java.lang.Object, java.lang.Object, java.lang.Object)'> (0x000000074dafbc80) 
thrown [./open/src/hotspot/share/interpreter/linkResolver.cpp, line 766]
Event: 0.367 Thread 0x0000018118743000 Exception <a 'java/lang/NoSuchMethodError'{0x000000074d5fed18}: 'int java.lang.invoke.DirectMethodHandle$Holder.invokeStaticInit(java.lang.Object, java.lang.Object, java.lang.Object)'> (0x000000074d5fed18) 
thrown [./open/src/hotspot/share/interpreter/linkResolver.cpp, line 766]
Event: 0.369 Thread 0x0000018118743000 Exception <a 'java/lang/NoSuchMethodError'{0x000000074d40bec8}: 'void java.lang.invoke.DirectMethodHandle$Holder.invokeSpecial(java.lang.Object, java.lang.Object)'> (0x000000074d40bec8) 
thrown [./open/src/hotspot/share/interpreter/linkResolver.cpp, line 766]
Event: 0.382 Thread 0x0000018118743000 Exception <a 'java/lang/NoSuchMethodError'{0x000000074d4b3418}: 'java.lang.Object java.lang.invoke.DirectMethodHandle$Holder.invokeStatic(java.lang.Object, java.lang.Object, int, java.lang.Object)'> (0x000000074d4b3418) 
thrown [./open/src/hotspot/share/interpreter/linkResolver.cpp, line 766]
Event: 0.383 Thread 0x0000018118743000 Exception <a 'java/lang/NoSuchMethodError'{0x000000074d4b96b0}: 'java.lang.Object java.lang.invoke.Invokers$Holder.linkToTargetMethod(java.lang.Object, int, java.lang.Object, java.lang.Object)'> (0x000000074d4b96b0) 
thrown [./open/src/hotspot/share/interpreter/linkResolver.cpp, line 766]
Event: 0.440 Thread 0x000001813c6f1800 Exception <a 'java/lang/NoSuchMethodError'{0x000000074d113528}: 'void java.lang.invoke.DirectMethodHandle$Holder.invokeStaticInit(java.lang.Object)'> (0x000000074d113528) 
thrown [./open/src/hotspot/share/interpreter/linkResolver.cpp, line 766]
Event: 0.442 Thread 0x0000018118743000 Exception <a 'java/lang/NoSuchMethodError'{0x000000074d4c8780}: 'java.lang.Object java.lang.invoke.Invokers$Holder.linkToTargetMethod(java.lang.Object, java.lang.Object, java.lang.Object, java.lang.Object, java.lang.Object, java.lang.Object)'> (0x000000074d4c8780) 
thrown [./open/src/hotspot/share/interpreter/linkResolver.cpp, line 766]
Event: 0.488 Thread 0x000001813c6f1800 Exception <a 'java/lang/NoSuchMethodError'{0x000000074cd215a0}: 'java.lang.Object java.lang.invoke.DirectMethodHandle$Holder.invokeStaticInit(java.lang.Object, java.lang.Object, java.lang.Object, java.lang.Object)'> (0x000000074cd215a0) 
thrown [./open/src/hotspot/share/interpreter/linkResolver.cpp, line 766]
Event: 0.489 Thread 0x000001813c6f1800 Exception <a 'java/lang/NullPointerException'{0x000000074cd2bae0}> (0x000000074cd2bae0) 
thrown [./open/src/hotspot/share/interpreter/linkResolver.cpp, line 1348]
Event: 0.637 Thread 0x000001813c6f1800 Exception <a 'java/lang/NoSuchMethodError'{0x000000074d860528}: 'void java.lang.invoke.DirectMethodHandle$Holder.invokeStaticInit(java.lang.Object, java.lang.Object)'> (0x000000074d860528) 
thrown [./open/src/hotspot/share/interpreter/linkResolver.cpp, line 766]
Event: 0.647 Thread 0x000001813c6f1800 Exception <a 'java/lang/NoSuchMethodError'{0x000000074d717de8}: 'java.lang.Object java.lang.invoke.DirectMethodHandle$Holder.invokeStaticInit(java.lang.Object, int, int, int, int)'> (0x000000074d717de8) 
thrown [./open/src/hotspot/share/interpreter/linkResolver.cpp, line 766]
Event: 0.684 Thread 0x000001813c6f1800 Exception <a 'java/lang/NoSuchMethodError'{0x000000074d77c358}: 'java.lang.Object java.lang.invoke.DirectMethodHandle$Holder.invokeStaticInit(java.lang.Object, java.lang.Object, int, int, int, int)'> (0x000000074d77c358) 
thrown [./open/src/hotspot/share/interpreter/linkResolver.cpp, line 766]
Event: 0.693 Thread 0x000001813c6f1800 Exception <a 'java/lang/NoSuchMethodError'{0x000000074d7a16e8}: 'java.lang.Object java.lang.invoke.Invokers$Holder.linkToTargetMethod(java.lang.Object, int, java.lang.Object)'> (0x000000074d7a16e8) 
thrown [./open/src/hotspot/share/interpreter/linkResolver.cpp, line 766]
Event: 0.707 Thread 0x000001813c6f1800 Implicit null exception at 0x000001812a226f25 to 0x000001812a227314
Event: 0.707 Thread 0x000001813c6f1800 Implicit null exception at 0x000001812a1f55e8 to 0x000001812a1f567a

Events (20 events):
Event: 1.114 Executing VM operation: G1Concurrent done
Event: 1.116 Executing VM operation: G1TryInitiateConcMark
Event: 1.119 Executing VM operation: G1TryInitiateConcMark done
Event: 1.122 Executing VM operation: G1Concurrent
Event: 1.123 Executing VM operation: G1Concurrent done
Event: 1.124 Executing VM operation: G1Concurrent
Event: 1.124 Executing VM operation: G1Concurrent done
Event: 1.126 Executing VM operation: G1TryInitiateConcMark
Event: 1.128 Executing VM operation: G1TryInitiateConcMark done
Event: 1.131 Executing VM operation: G1Concurrent
Event: 1.132 Executing VM operation: G1Concurrent done
Event: 1.133 Executing VM operation: G1Concurrent
Event: 1.133 Executing VM operation: G1Concurrent done
Event: 1.136 Executing VM operation: G1TryInitiateConcMark
Event: 1.137 Executing VM operation: G1TryInitiateConcMark done
Event: 1.140 Executing VM operation: G1Concurrent
Event: 1.141 Executing VM operation: G1Concurrent done
Event: 1.142 Executing VM operation: G1Concurrent
Event: 1.142 Executing VM operation: G1Concurrent done
Event: 1.145 Executing VM operation: G1TryInitiateConcMark


Dynamic libraries:
0x00007ff6da5a0000 - 0x00007ff6da5af000 	C:\Program Files\Java\jdk-14.0.1\bin\javaw.exe
0x00007ffa251c0000 - 0x00007ffa253b0000 	C:\WINDOWS\SYSTEM32\ntdll.dll
0x00007ffa24330000 - 0x00007ffa243e2000 	C:\WINDOWS\System32\KERNEL32.DLL
0x00007ffa22c30000 - 0x00007ffa22ed5000 	C:\WINDOWS\System32\KERNELBASE.dll
0x00007ffa22280000 - 0x00007ffa2237a000 	C:\WINDOWS\System32\ucrtbase.dll
0x00007ffa18f60000 - 0x00007ffa18f75000 	C:\Program Files\Java\jdk-14.0.1\bin\VCRUNTIME140.dll
0x00007ffa190a0000 - 0x00007ffa190b8000 	C:\Program Files\Java\jdk-14.0.1\bin\jli.dll
0x00007ffa23ed0000 - 0x00007ffa23f73000 	C:\WINDOWS\System32\ADVAPI32.dll
0x00007ffa24590000 - 0x00007ffa2462e000 	C:\WINDOWS\System32\msvcrt.dll
0x00007ffa23a80000 - 0x00007ffa23b17000 	C:\WINDOWS\System32\sechost.dll
0x00007ffa24470000 - 0x00007ffa24590000 	C:\WINDOWS\System32\RPCRT4.dll
0x00007ffa23c80000 - 0x00007ffa23e14000 	C:\WINDOWS\System32\USER32.dll
0x00007ffa23030000 - 0x00007ffa23051000 	C:\WINDOWS\System32\win32u.dll
0x00007ffa25150000 - 0x00007ffa25176000 	C:\WINDOWS\System32\GDI32.dll
0x00007ffa15d70000 - 0x00007ffa15ff4000 	C:\WINDOWS\WinSxS\amd64_microsoft.windows.common-controls_6595b64144ccf1df_6.0.18362.1256_none_9e7e379be45e40e2\COMCTL32.dll
0x00007ffa23080000 - 0x00007ffa23216000 	C:\WINDOWS\System32\gdi32full.dll
0x00007ffa23f80000 - 0x00007ffa242b6000 	C:\WINDOWS\System32\combase.dll
0x00007ffa22f90000 - 0x00007ffa2302e000 	C:\WINDOWS\System32\msvcp_win.dll
0x00007ffa22380000 - 0x00007ffa22401000 	C:\WINDOWS\System32\bcryptPrimitives.dll
0x00007ffa1ce00000 - 0x00007ffa1ce0a000 	C:\WINDOWS\SYSTEM32\VERSION.dll
0x00007ffa249c0000 - 0x00007ffa249ee000 	C:\WINDOWS\System32\IMM32.DLL
0x00007ffa18d50000 - 0x00007ffa18deb000 	C:\Program Files\Java\jdk-14.0.1\bin\msvcp140.dll
0x00007ff9e57e0000 - 0x00007ff9e62fe000 	C:\Program Files\Java\jdk-14.0.1\bin\server\jvm.dll
0x00007ffa24460000 - 0x00007ffa24468000 	C:\WINDOWS\System32\PSAPI.DLL
0x00007ffa17a10000 - 0x00007ffa17a34000 	C:\WINDOWS\SYSTEM32\WINMM.dll
0x00007ffa1ddc0000 - 0x00007ffa1ddc9000 	C:\WINDOWS\SYSTEM32\WSOCK32.dll
0x00007ffa242c0000 - 0x00007ffa2432f000 	C:\WINDOWS\System32\WS2_32.dll
0x00007ffa179e0000 - 0x00007ffa17a0d000 	C:\WINDOWS\SYSTEM32\WINMMBASE.dll
0x00007ffa23220000 - 0x00007ffa2326a000 	C:\WINDOWS\System32\cfgmgr32.dll
0x00007ffa22070000 - 0x00007ffa22081000 	C:\WINDOWS\System32\kernel.appcore.dll
0x00007ffa1da50000 - 0x00007ffa1da5a000 	C:\Program Files\Java\jdk-14.0.1\bin\jimage.dll
0x00007ffa20960000 - 0x00007ffa20b54000 	C:\WINDOWS\SYSTEM32\DBGHELP.DLL
0x00007ffa1b6a0000 - 0x00007ffa1b6ca000 	C:\WINDOWS\SYSTEM32\dbgcore.DLL
0x00007ffa1d8e0000 - 0x00007ffa1d905000 	C:\Program Files\Java\jdk-14.0.1\bin\java.dll
0x00007ffa1c410000 - 0x00007ffa1c426000 	C:\Program Files\Java\jdk-14.0.1\bin\zip.dll
0x00007ffa249f0000 - 0x00007ffa250d7000 	C:\WINDOWS\System32\SHELL32.dll
0x00007ffa23e20000 - 0x00007ffa23ec9000 	C:\WINDOWS\System32\shcore.dll
0x00007ffa22440000 - 0x00007ffa22bc1000 	C:\WINDOWS\System32\windows.storage.dll
0x00007ffa220e0000 - 0x00007ffa22103000 	C:\WINDOWS\System32\profapi.dll
0x00007ffa22090000 - 0x00007ffa220da000 	C:\WINDOWS\System32\powrprof.dll
0x00007ffa22060000 - 0x00007ffa22070000 	C:\WINDOWS\System32\UMPDC.dll
0x00007ffa23950000 - 0x00007ffa239a2000 	C:\WINDOWS\System32\shlwapi.dll
0x00007ffa23060000 - 0x00007ffa23077000 	C:\WINDOWS\System32\cryptsp.dll
0x00007ffa1c1e0000 - 0x00007ffa1c1f9000 	C:\Program Files\Java\jdk-14.0.1\bin\net.dll
0x00007ffa19250000 - 0x00007ffa19340000 	C:\WINDOWS\SYSTEM32\WINHTTP.dll
0x00007ffa218b0000 - 0x00007ffa21917000 	C:\WINDOWS\system32\mswsock.dll
0x00007ffa1c1a0000 - 0x00007ffa1c1b2000 	C:\Program Files\Java\jdk-14.0.1\bin\nio.dll
0x0000018118840000 - 0x0000018118843000 	D:\D Folder\Downloads D\javafx-sdk-11.0.2\bin\api-ms-win-core-console-l1-1-0.dll
0x0000018118850000 - 0x0000018118853000 	D:\D Folder\Downloads D\javafx-sdk-11.0.2\bin\api-ms-win-core-datetime-l1-1-0.dll
0x0000018118860000 - 0x0000018118863000 	D:\D Folder\Downloads D\javafx-sdk-11.0.2\bin\api-ms-win-core-debug-l1-1-0.dll
0x0000018118870000 - 0x0000018118873000 	D:\D Folder\Downloads D\javafx-sdk-11.0.2\bin\api-ms-win-core-errorhandling-l1-1-0.dll
0x000001813e250000 - 0x000001813e254000 	D:\D Folder\Downloads D\javafx-sdk-11.0.2\bin\api-ms-win-core-file-l1-1-0.dll
0x000001813e260000 - 0x000001813e263000 	D:\D Folder\Downloads D\javafx-sdk-11.0.2\bin\api-ms-win-core-file-l1-2-0.dll
0x000001813e270000 - 0x000001813e273000 	D:\D Folder\Downloads D\javafx-sdk-11.0.2\bin\api-ms-win-core-file-l2-1-0.dll
0x000001813e280000 - 0x000001813e283000 	D:\D Folder\Downloads D\javafx-sdk-11.0.2\bin\api-ms-win-core-handle-l1-1-0.dll
0x000001813e290000 - 0x000001813e293000 	D:\D Folder\Downloads D\javafx-sdk-11.0.2\bin\api-ms-win-core-heap-l1-1-0.dll
0x000001813e2a0000 - 0x000001813e2a3000 	D:\D Folder\Downloads D\javafx-sdk-11.0.2\bin\api-ms-win-core-interlocked-l1-1-0.dll
0x000001813e2b0000 - 0x000001813e2b3000 	D:\D Folder\Downloads D\javafx-sdk-11.0.2\bin\api-ms-win-core-libraryloader-l1-1-0.dll
0x000001813e2c0000 - 0x000001813e2c3000 	D:\D Folder\Downloads D\javafx-sdk-11.0.2\bin\api-ms-win-core-localization-l1-2-0.dll
0x000001813e2d0000 - 0x000001813e2d3000 	D:\D Folder\Downloads D\javafx-sdk-11.0.2\bin\api-ms-win-core-memory-l1-1-0.dll
0x000001813e2e0000 - 0x000001813e2e3000 	D:\D Folder\Downloads D\javafx-sdk-11.0.2\bin\api-ms-win-core-namedpipe-l1-1-0.dll
0x000001813e2f0000 - 0x000001813e2f3000 	D:\D Folder\Downloads D\javafx-sdk-11.0.2\bin\api-ms-win-core-processenvironment-l1-1-0.dll
0x000001813e300000 - 0x000001813e303000 	D:\D Folder\Downloads D\javafx-sdk-11.0.2\bin\api-ms-win-core-processthreads-l1-1-0.dll
0x000001813e310000 - 0x000001813e313000 	D:\D Folder\Downloads D\javafx-sdk-11.0.2\bin\api-ms-win-core-processthreads-l1-1-1.dll
0x000001813e320000 - 0x000001813e323000 	D:\D Folder\Downloads D\javafx-sdk-11.0.2\bin\api-ms-win-core-profile-l1-1-0.dll
0x000001813e330000 - 0x000001813e333000 	D:\D Folder\Downloads D\javafx-sdk-11.0.2\bin\api-ms-win-core-rtlsupport-l1-1-0.dll
0x000001813e340000 - 0x000001813e343000 	D:\D Folder\Downloads D\javafx-sdk-11.0.2\bin\api-ms-win-core-string-l1-1-0.dll
0x000001813e350000 - 0x000001813e353000 	D:\D Folder\Downloads D\javafx-sdk-11.0.2\bin\api-ms-win-core-synch-l1-1-0.dll
0x000001813e360000 - 0x000001813e363000 	D:\D Folder\Downloads D\javafx-sdk-11.0.2\bin\api-ms-win-core-synch-l1-2-0.dll
0x000001813e370000 - 0x000001813e373000 	D:\D Folder\Downloads D\javafx-sdk-11.0.2\bin\api-ms-win-core-sysinfo-l1-1-0.dll
0x000001813e380000 - 0x000001813e383000 	D:\D Folder\Downloads D\javafx-sdk-11.0.2\bin\api-ms-win-core-timezone-l1-1-0.dll
0x000001813e390000 - 0x000001813e393000 	D:\D Folder\Downloads D\javafx-sdk-11.0.2\bin\api-ms-win-core-util-l1-1-0.dll
0x000001813e3a0000 - 0x000001813e3a3000 	D:\D Folder\Downloads D\javafx-sdk-11.0.2\bin\api-ms-win-crt-conio-l1-1-0.dll
0x000001813e3b0000 - 0x000001813e3b4000 	D:\D Folder\Downloads D\javafx-sdk-11.0.2\bin\api-ms-win-crt-convert-l1-1-0.dll
0x000001813e3c0000 - 0x000001813e3c3000 	D:\D Folder\Downloads D\javafx-sdk-11.0.2\bin\api-ms-win-crt-environment-l1-1-0.dll
0x000001813e3d0000 - 0x000001813e3d3000 	D:\D Folder\Downloads D\javafx-sdk-11.0.2\bin\api-ms-win-crt-filesystem-l1-1-0.dll
0x000001813e3e0000 - 0x000001813e3e3000 	D:\D Folder\Downloads D\javafx-sdk-11.0.2\bin\api-ms-win-crt-heap-l1-1-0.dll
0x000001813e3f0000 - 0x000001813e3f3000 	D:\D Folder\Downloads D\javafx-sdk-11.0.2\bin\api-ms-win-crt-locale-l1-1-0.dll
0x000001813e400000 - 0x000001813e405000 	D:\D Folder\Downloads D\javafx-sdk-11.0.2\bin\api-ms-win-crt-math-l1-1-0.dll
0x000001813e410000 - 0x000001813e415000 	D:\D Folder\Downloads D\javafx-sdk-11.0.2\bin\api-ms-win-crt-multibyte-l1-1-0.dll
0x000001813e420000 - 0x000001813e430000 	D:\D Folder\Downloads D\javafx-sdk-11.0.2\bin\api-ms-win-crt-private-l1-1-0.dll
0x000001813e780000 - 0x000001813e783000 	D:\D Folder\Downloads D\javafx-sdk-11.0.2\bin\api-ms-win-crt-process-l1-1-0.dll
0x000001813e790000 - 0x000001813e794000 	D:\D Folder\Downloads D\javafx-sdk-11.0.2\bin\api-ms-win-crt-runtime-l1-1-0.dll
0x000001813e7a0000 - 0x000001813e7a4000 	D:\D Folder\Downloads D\javafx-sdk-11.0.2\bin\api-ms-win-crt-stdio-l1-1-0.dll
0x000001813e7b0000 - 0x000001813e7b4000 	D:\D Folder\Downloads D\javafx-sdk-11.0.2\bin\api-ms-win-crt-string-l1-1-0.dll
0x000001813e7c0000 - 0x000001813e7c3000 	D:\D Folder\Downloads D\javafx-sdk-11.0.2\bin\api-ms-win-crt-time-l1-1-0.dll
0x000001813e430000 - 0x000001813e433000 	D:\D Folder\Downloads D\javafx-sdk-11.0.2\bin\api-ms-win-crt-utility-l1-1-0.dll
0x00007ff9edae0000 - 0x00007ff9edbda000 	D:\D Folder\Downloads D\javafx-sdk-11.0.2\bin\ucrtbase.dll
0x00007ffa1da60000 - 0x00007ffa1da76000 	D:\D Folder\Downloads D\javafx-sdk-11.0.2\bin\vcruntime140.dll
0x00007ffa0b3c0000 - 0x00007ffa0b466000 	D:\D Folder\Downloads D\javafx-sdk-11.0.2\bin\msvcp140.dll
0x00007ffa18c90000 - 0x00007ffa18ce1000 	D:\D Folder\Downloads D\javafx-sdk-11.0.2\bin\concrt140.dll
0x00007ffa1c090000 - 0x00007ffa1c0b3000 	D:\D Folder\Downloads D\javafx-sdk-11.0.2\bin\prism_d3d.dll
0x00007ffa1a200000 - 0x00007ffa1a3c7000 	C:\WINDOWS\system32\d3d9.dll
0x00007ffa20550000 - 0x00007ffa2057d000 	C:\WINDOWS\SYSTEM32\dwmapi.dll
0x00007ffa20d10000 - 0x00007ffa20d30000 	C:\WINDOWS\SYSTEM32\dxcore.dll
0x00007ffa20010000 - 0x00007ffa200a9000 	C:\WINDOWS\system32\uxtheme.dll
0x00007ff9e7040000 - 0x00007ff9e72b3000 	C:\WINDOWS\System32\DriverStore\FileRepository\igdlh64.inf_amd64_28d80681d3523b1c\igdumdim64.dll
0x00007ff9cb770000 - 0x00007ff9ceea4000 	C:\WINDOWS\System32\DriverStore\FileRepository\igdlh64.inf_amd64_28d80681d3523b1c\igd9dxva64.dll
0x00007ffa23b20000 - 0x00007ffa23c77000 	C:\WINDOWS\System32\ole32.dll
0x00007ffa239b0000 - 0x00007ffa23a75000 	C:\WINDOWS\System32\OLEAUT32.dll
0x00007ffa18880000 - 0x00007ffa188c5000 	D:\D Folder\Downloads D\javafx-sdk-11.0.2\bin\glass.dll
0x00007ffa24730000 - 0x00007ffa24800000 	C:\WINDOWS\System32\COMDLG32.dll
0x00007ffa24800000 - 0x00007ffa24935000 	C:\WINDOWS\System32\MSCTF.dll
0x00007ffa1c160000 - 0x00007ffa1c181000 	C:\WINDOWS\System32\DriverStore\FileRepository\igdlh64.inf_amd64_28d80681d3523b1c\igdinfo64.dll
0x00007ffa05c60000 - 0x00007ffa07bc9000 	C:\WINDOWS\System32\DriverStore\FileRepository\igdlh64.inf_amd64_28d80681d3523b1c\igc64.dll
0x00007ffa16e40000 - 0x00007ffa16e54000 	D:\D Folder\Downloads D\javafx-sdk-11.0.2\bin\javafx_font.dll
0x00007ffa07bd0000 - 0x00007ffa07ece000 	C:\WINDOWS\SYSTEM32\dwrite.dll
0x00007ffa21420000 - 0x00007ffa21453000 	C:\WINDOWS\system32\rsaenh.dll
0x00007ffa22410000 - 0x00007ffa22436000 	C:\WINDOWS\System32\bcrypt.dll
0x00007ffa21f80000 - 0x00007ffa21fa5000 	C:\WINDOWS\SYSTEM32\USERENV.dll
0x00007ffa21a80000 - 0x00007ffa21a8c000 	C:\WINDOWS\SYSTEM32\CRYPTBASE.dll
0x00007ffa215c0000 - 0x00007ffa215fa000 	C:\WINDOWS\SYSTEM32\IPHLPAPI.DLL
0x00007ffa243f0000 - 0x00007ffa243f8000 	C:\WINDOWS\System32\NSI.dll
0x00007ffa1aee0000 - 0x00007ffa1aef6000 	C:\WINDOWS\SYSTEM32\dhcpcsvc6.DLL
0x00007ffa1b7a0000 - 0x00007ffa1b7bc000 	C:\WINDOWS\SYSTEM32\dhcpcsvc.DLL
0x00007ffa21600000 - 0x00007ffa216cb000 	C:\WINDOWS\SYSTEM32\DNSAPI.dll

dbghelp: loaded successfully - version: 4.0.5 - missing functions: none
symbol engine: initialized successfully - sym options: 0x614 - pdb path: .;C:\Program Files\Java\jdk-14.0.1\bin;C:\WINDOWS\SYSTEM32;C:\WINDOWS\WinSxS\amd64_microsoft.windows.common-controls_6595b64144ccf1df_6.0.18362.1256_none_9e7e379be45e40e2;C:\Program Files\Java\jdk-14.0.1\bin\server;D:\D Folder\Downloads D\javafx-sdk-11.0.2\bin;C:\WINDOWS\System32\DriverStore\FileRepository\igdlh64.inf_amd64_28d80681d3523b1c

VM Arguments:
jvm_args: --module-path=D:\D Folder\Downloads D\javafx-sdk-11.0.2\lib --add-modules=ALL-MODULE-PATH -Dfile.encoding=Cp1252 
java_command: application.Main
java_class_path (initial): C:\Users\asus\git\COMP2042_CW_WongKieSun\COMP2042_CW_WongKieSun\target\classes;D:\D Folder\Downloads D\javafx-sdk-11.0.2\lib\javafx.base.jar;D:\D Folder\Downloads D\javafx-sdk-11.0.2\lib\javafx.controls.jar;D:\D Folder\Downloads D\javafx-sdk-11.0.2\lib\javafx.fxml.jar;D:\D Folder\Downloads D\javafx-sdk-11.0.2\lib\javafx.graphics.jar;D:\D Folder\Downloads D\javafx-sdk-11.0.2\lib\javafx.media.jar;D:\D Folder\Downloads D\javafx-sdk-11.0.2\lib\javafx.swing.jar;D:\D Folder\Downloads D\javafx-sdk-11.0.2\lib\javafx.web.jar;D:\D Folder\Downloads D\javafx-sdk-11.0.2\lib\javafx-swt.jar;C:\Users\asus\.p2\pool\plugins\org.junit.jupiter.api_5.6.0.v20200203-2009.jar;C:\Users\asus\.p2\pool\plugins\org.junit.jupiter.engine_5.6.0.v20200203-2009.jar;C:\Users\asus\.p2\pool\plugins\org.junit.jupiter.migrationsupport_5.6.0.v20200203-2009.jar;C:\Users\asus\.p2\pool\plugins\org.junit.jupiter.params_5.6.0.v20200203-2009.jar;C:\Users\asus\.p2\pool\plugins\org.junit.platform.commons_1.6.0.v20200203-2009.jar;C:\Users\asus\.p2\pool\plugins\org.junit.platform.engine_1.6.0.v20200203-2009.jar;C:\Users\asus\.p2\pool\plugins\org.junit.platform.launcher_1.6.0.v20200203-2009.jar;C:\Users\asus\.p2\pool\plugins\org.junit.platform.runner_1.6.0.v20200203-2009.jar;C:\Users\asus\.p2\pool\plugins\org.junit.platform.suite.api_1.6.0.v20200203-2009.jar;C:\Users\asus\.p2\pool\plugins\org.junit.vintage.engine_5.6.0.v20200203-2009.jar;C:\Users\asus\.p2\pool\plugins\org.opentest4j_1.2.0.v20190826-0900.jar;C:\Users\asus\.p2\pool\plugins\org.apiguardian_1.1.0.v20190826-0900.jar;C:\Users\asus\.p2\pool\plugins\org.junit_4.13.0.v20200204-1500.jar;C:\Users\asus\.p2\pool\plugins\org.hamcrest.core_1.3.0.v20180420-1519.jar;C:\Users\asus\.m2\repository\org\openjfx\javafx-controls\14\javafx-controls-14.jar;C:\Users\asus\.m2\repository\org\openjfx\javafx-controls\14\javafx-controls-14-win.jar;C:\Users\asus\.m2\repository\org\openjfx\javafx-graphics\14\javafx-graphics-14.jar;C:\Users\asus\.m2\repos
Launcher Type: SUN_STANDARD

[Global flags]
     intx CICompilerCount                          = 4                                         {product} {ergonomic}
     uint ConcGCThreads                            = 2                                         {product} {ergonomic}
     uint G1ConcRefinementThreads                  = 8                                         {product} {ergonomic}
   size_t G1HeapRegionSize                         = 1048576                                   {product} {ergonomic}
    uintx GCDrainStackTargetSize                   = 64                                        {product} {ergonomic}
   size_t InitialHeapSize                          = 199229440                                 {product} {ergonomic}
   size_t MarkStackSize                            = 4194304                                   {product} {ergonomic}
   size_t MaxHeapSize                              = 3185573888                                {product} {ergonomic}
   size_t MaxNewSize                               = 1910505472                                {product} {ergonomic}
   size_t MinHeapDeltaBytes                        = 1048576                                   {product} {ergonomic}
   size_t MinHeapSize                              = 8388608                                   {product} {ergonomic}
    uintx NonNMethodCodeHeapSize                   = 5839372                                {pd product} {ergonomic}
    uintx NonProfiledCodeHeapSize                  = 122909434                              {pd product} {ergonomic}
    uintx ProfiledCodeHeapSize                     = 122909434                              {pd product} {ergonomic}
    uintx ReservedCodeCacheSize                    = 251658240                              {pd product} {ergonomic}
     bool SegmentedCodeCache                       = true                                      {product} {ergonomic}
   size_t SoftMaxHeapSize                          = 3185573888                             {manageable} {ergonomic}
     bool UseCompressedClassPointers               = true                                 {lp64_product} {ergonomic}
     bool UseCompressedOops                        = true                                 {lp64_product} {ergonomic}
     bool UseG1GC                                  = true                                      {product} {ergonomic}
     bool UseLargePagesIndividualAllocation        = false                                  {pd product} {ergonomic}

Logging:
Log output configuration:
 #0: stdout all=warning uptime,level,tags
 #1: stderr all=off uptime,level,tags

Environment Variables:
JAVA_HOME=D:\D Folder\Downloads D\jdk-13.0.1
PATH=C:/Program Files/Java/jdk-14.0.1/bin/server;C:/Program Files/Java/jdk-14.0.1/bin;C:\Program Files (x86)\Common Files\Oracle\Java\javapath;C:\Program Files\Haskell\bin;C:\Program Files\Haskell Platform\8.6.3\lib\extralibs\bin;C:\Program Files\Haskell Platform\8.6.3\bin;C:\Program Files (x86)\Intel\Intel(R) Management Engine Components\iCLS\;C:\Program Files\Intel\Intel(R) Management Engine Components\iCLS\;C:\Windows\system32;C:\Windows;C:\Windows\System32\Wbem;C:\Windows\System32\WindowsPowerShell\v1.0\;C:\Program Files (x86)\Intel\Intel(R) Management Engine Components\DAL;C:\Program Files\Intel\Intel(R) Management Engine Components\DAL;C:\Program Files (x86)\Intel\Intel(R) Management Engine Components\IPT;C:\Program Files\Intel\Intel(R) Management Engine Components\IPT;C:\Program Files\Intel\WiFi\bin\;C:\Program Files\Common Files\Intel\WirelessCommon\;C:\Program Files (x86)\NVIDIA Corporation\PhysX\Common;C:\WINDOWS\system32;C:\WINDOWS;C:\WINDOWS\System32\Wbem;C:\WINDOWS\System32\WindowsPowerShell\v1.0\;C:\WINDOWS\System32\OpenSSH\;D:\Download\bin;C:\Program Files\PuTTY\;C:\MinGW\bin;C:\Program Files\Haskell Platform\8.6.3\mingw\bin;C:\Program Files\Java\jdk-14.0.1\bin;D:\D Folder\bin;D:\D Folder\Downloads D\jdk-13.0.1\bin\;C:\Users\asus\AppData\Roaming\cabal\bin;D:\D Folder\Program Files d\bin;C:\Users\asus\AppData\Local\Microsoft\WindowsApps;C:\Users\asus\AppData\Local\Programs\Microsoft VS Code\bin;C:\Users\asus\AppData\Local\GitHubDesktop\bin;C:\WINDOWS\System32;
USERNAME=asus
OS=Windows_NT
PROCESSOR_IDENTIFIER=Intel64 Family 6 Model 158 Stepping 10, GenuineIntel



---------------  S Y S T E M  ---------------

OS: Windows 10 , 64 bit Build 18362 (10.0.18362.1110)
OS uptime: 6 days 4:48 hours

CPU:total 8 (initial active 8) (4 cores per cpu, 2 threads per core) family 6 model 158 stepping 10, cmov, cx8, fxsr, mmx, sse, sse2, sse3, ssse3, sse4.1, sse4.2, popcnt, avx, avx2, aes, clmul, erms, 3dnowpref, lzcnt, ht, tsc, tscinvbit, bmi1, bmi2, adx, fma

Memory: 4k page, system-wide physical 12144M (327M free)
TotalPageFile size 27219M (AvailPageFile size 135M)
current process WorkingSet (physical memory assigned to process): 238M, peak: 238M
current process commit charge ("private bytes"): 385M, peak: 610M

vm_info: Java HotSpot(TM) 64-Bit Server VM (14.0.1+7) for windows-amd64 JRE (14.0.1+7), built on Mar  5 2020 10:30:14 by "mach5one" with MS VC++ 15.9 (VS2017)

END.
